Mplus VERSION 8 (Mac)
MUTHEN & MUTHEN
06/28/2017   6:41 PM

INPUT INSTRUCTIONS

  TITLE:		This is a partially-restricted model. hierarchical treatment (two level)
  		no measurement model however.  ML treatment of missingness.
  DATA:		FILE = /Users/chadgevans/Research/Projects/Data/HERI/Cache/mdata.txt;
  VARIABLE:		NAMES = TURNINTE ACE PRIAdmin PRIRe PRIServ PRIOth
  		ACADLEC ACADASST ACADASSO ACADPROF DEGProf DEGMast
  		DEGBAL SATIS01 SATIS02 SATIS03 SATIS04 SATIS05 SATIS06
  		SATIS07 SATIS08 SATIS09 SATIS10 SATIS11 SATIS12 SATIS13
  		SATIS14 SATIS15 SATIS16 SATIS17 SATIS18 SATIS20 Female
  		English Private PROD West Midwest Other South Select
  		GAPAA GAPCE GAPEx GAPFree AGEQ nMarried Asian Black Hisp
  		RACEOth HardPure SoftApp SoftPure BIGOTH TIMEEMP ADMINRES
  		TIMEEMP2;
  		USEVARIABLES = TURNINTE PRIAdmin PRIRe PRIServ PRIOth
  		ACADLEC ACADASST ACADASSO ACADPROF DEGProf DEGMast
  		DEGBAL Female
  		English Private PROD West Midwest Other South Select
  		GAPAA GAPCE GAPEx GAPFree AGEQ nMarried Asian Black Hisp
  		RACEOth HardPure SoftApp SoftPure BIGOTH TIMEEMP ADMINRES
  		TIMEEMP2;
  		CATEGORICAL = TURNINTE;
  		CLUSTER = ACE;
  		MISSING = *;
  		WITHIN = GAPAA GAPCE GAPEx GAPFree ACADLEC ACADASST ACADASSO ACADPROF
  		PRIAdmin PRIRe PRIServ PRIOth DEGProf DEGMast
  		DEGBAL TIMEEMP TIMEEMP2 PROD HardPure SoftApp SoftPure BIGOTH Female
  		English AGEQ nMarried Asian Black Hisp RACEOth;
    		BETWEEN = Private Select West Midwest Other South ADMINRES;
  ANALYSIS: 		TYPE=TWOLEVEL;
  		INTEGRATION=MONTECARLO;
  MODEL:		%WITHIN%
      		TURNINTE ON GAPAA GAPCE GAPEx GAPFree ACADLEC
  		ACADASST ACADASSO ACADPROF PRIAdmin PRIRe PRIServ PRIOth
  		DEGProf DEGMast DEGBAL TIMEEMP TIMEEMP2 PROD HardPure
  		SoftApp SoftPure BIGOTH Female English AGEQ nMarried Asian
  		Black Hisp RACEOth;
  		GAPAA GAPCE GAPEx GAPFree ACADLEC
  		ACADASST ACADASSO ACADPROF PRIAdmin PRIRe PRIServ PRIOth
  		DEGProf DEGMast DEGBAL TIMEEMP TIMEEMP2 PROD HardPure
  		SoftApp SoftPure BIGOTH Female English AGEQ nMarried Asian
  		Black Hisp RACEOth;
      		%BETWEEN%
      		TURNINTE ON Private Select West Midwest Other South ADMINRES;
  		Private Select West Midwest Other South ADMINRES;



*** WARNING
  One or more individual-level variables have no variation within a
  cluster for the following clusters.

     Variable   Cluster IDs with no within-cluster variation

      TURNINTE    170 2088 1211 1573 2263 2978 685 1281 948 461 266 5571 5689 2335 5864 855 1486
                  6098 2028 6617 6679 1487 7028 2537 7051 2564 7448 2596 1495 2678 2066 19 2233
                  1973 1991 2274 7056 2026 2679 815 703 207
      PRIADMIN    170 1556 2931 1573 2238 2978 673 685 1281 948 1338 5353 266 218 5571 1096 1884
                  2335 5814 5864 1891 855 1486 6139 2028 6617 6679 1487 7028 7051 7448 2596 2678
                  2066 1204 1085 2844 5753 2857 28 19 319 2954 1929 6345 2233 6532 518 1973 1991
                  5028 1142 2274 7056 5212 7306 5277 8326 2283 1329 5535 815 1622 476 2591 1023
                  2195 525 2237 2685 2784 6038 2241 2247 2063 4849 1823 2447 2265 1286 2232 2272
                  2023 752 2648 1589 2934 763 7256 2163 1506 2080 2993 2212 379 2732 1826 833
                  157 2144 207 1729 1344 2075 362 1084 2735 1499 1456 2868 1295 1777 853 2236
                  1082 2285 959 700 2336 2193 1882 781 2211 6157 841 4889 9104 2734 6332 5330
                  7560 1873 1947 584 6677 2631 2215 1086 6213 654 141 1808 2079 5562 1662 6378
                  2415 172 2866 1184 2101 599 238 2726
      PRIRE       170 2088 1211 1556 2931 1573 2238 2263 2978 673 685 1281 948 461 1338 5353 266
                  218 5571 1096 5689 1884 2335 5814 5864 1891 855 1486 6098 6139 2028 6617 6679
                  1487 7028 2537 7051 7275 7448 2596 1495 2678 2066 5569 2297 1204 1085 2844 5753
                  2857 28 19 319 1675 1676 2954 1929 6345 2233 6532 518 1973 1991 5028 1142 2274
                  7056 2026 5212 7306 5277 8326 2283 1329 5535 2679 199 2269 815 1745 1622 476
                  1667 2591 1023 2195 525 2237 2685 2784 6038 2247 2063 4849 1823 2447 2265 1286
                  2232 2272 2023 752 2648 1952 2031 1589 2696 2934 763 597 7256 2163 1506 2080
                  2993 379 2732 1826 833 157 2144 207 1729 783 1344 2075 362 1084 2735 1499 1456
                  2868 6138 1777 853 2236 1939 1327 1082 2285 274 620 959 700 821 5167 2336 895
                  5759 2193 1882 781 230 2659 7307 2211 6157 2253 1213 841 5795 1355 562 4889
                  9104 2734 1269 6332 5330 7560 1873 1491 1947 584 1077 753 6677 2631 5053 1152
                  267 1946 227 2215 655 4899 1086 2343 1325 6213 1339 654 1820 1808 2079 5414
                  5562 1662 6378 172 2866 2410 416 6077 1584 2266 322 2101 599 5700 238 2945 1842
                  211 1488
      PRISERV     170 1211 1556 2931 1573 2238 2263 2978 673 685 1281 461 1338 5353 266 218 5571
                  1096 5689 1884 2335 5814 5864 1891 855 1486 6098 6139 2028 6617 6679 1487 7028
                  2537 7051 2564 7275 7448 2596 1495 2678 2066 5569 2297 1204 1085 2844 5753 2857
                  28 19 319 1675 1676 2954 1929 6345 2233 6532 518 1973 1991 5028 1142 2274 7056
                  2026 5212 7306 5277 8326 2283 1329 5535 2679 199 2269 815 1745 1622 476 1667
                  2591 1023 2195 2237 2685 2784 6038 703 2241 2247 2063 2764 4849 1823 2447 2265
                  1286 2232 2272 2023 752 2648 1952 2341 2031 1589 2696 2934 763 597 7256 2163
                  2080 2993 2212 379 1826 833 2144 207 1729 1344 2075 362 1084 2735 1499 1456
                  2868 1777 853 2236 1939 1327 1082 2285 274 620 1245 700 821 5167 2336 895 5759
                  2193 1882 268 781 230 7307 2211 6157 1213 841 5795 1355 562 4889 414 2734 1269
                  6332 5330 7560 1873 1947 584 1077 6677 2631 5053 2347 1152 267 1946 227 2215
                  655 4899 1086 2306 1325 6213 1339 654 1820 1987 2302 141 1808 2079 5414 6378
                  2415 172 2866 416 6077 1584 1184 2266 322 2101 599 6079 1205 238 236 2945 1842
                  168 2251 1488
      PRIOTH      170 2088 1211 2931 1573 2238 2263 2978 673 685 1281 948 461 1338 5353 266 218
                  5571 1096 1884 2335 5814 5864 1891 855 1486 6098 6139 2028 6617 6679 1487 7028
                  2537 7051 2564 7275 7448 2596 1495 2678 2066 5569 2297 1204 1085 2844 5753 2857
                  28 319 1675 1676 2954 1929 6345 2233 6532 518 1973 1991 5028 1142 2274 7056
                  2026 5212 7306 5277 8326 2283 1329 5535 2679 199 2269 1745 1622 476 1667 2591
                  1023 2195 525 2237 2685 2784 6038 703 2241 2247 2063 2764 4849 1823 2265 1286
                  2232 2272 752 2648 1952 2341 2031 1589 2696 2934 763 597 7256 2163 1506 2080
                  2212 379 2732 1826 833 157 2144 207 1729 783 1344 2075 1084 1499 1456 1295 6138
                  853 2236 1939 1082 2285 274 620 1245 700 821 5167 895 5759 1882 268 781 230
                  2659 7307 2211 6157 2253 5795 562 4889 9104 414 2734 1269 6332 5330 7560 1947
                  2494 753 2631 5053 2347 1152 267 1946 227 2215 655 4899 1086 2306 6213 1339
                  654 1820 2302 1808 2079 5562 1662 6378 2415 172 2410 1584 1184 6079 5700 1205
                  236 1842 8206 168 2173 2251
      ACADLEC     337 1846 2867 5456 7031 8330 8356 170 2088 1211 1556 2931 1573 2238 2263 673
                  685 1281 948 461 1338 5353 266 218 5571 1096 5689 1884 5814 5864 1891 855 1486
                  6098 6139 2028 6679 1487 7028 2537 7051 2564 7275 2596 1495 2678 2066 5569 1204
                  2844 5753 19 1929 6345 1973 5028 1142 2274 5212 8326 2283 1329 5535 2679 199
                  2269 815 1745 476 1667 2591 1023 525 2237 2685 2784 6038 703 2063 2447 2023
                  752 1952 2031 2696 597 7256 2163 2080 2212 833 2144 783 2075 1084 2735 1499
                  1456 2868 6138 2285 821 895 5759 1882 2253 5795 1355 4889 1269 1491 2494 753
                  2631 2215 655 654 2101 599
      ACADASST    337 1846 2867 5456 7031 8330 8356 170 2088 1211 1556 2931 2263 2978 1281 948
                  1338 5353 266 218 5571 1096 5689 1884 2335 5814 5864 1891 855 6139 2028 6679
                  7028 2537 7051 7275 7448 2596 2678 1204 1085 2844 28 19 319 1676 2954 1929 6345
                  2233 6532 518 1991 5028 1142 7056 2026 7306 8326 5535 199 1622 1667 1023 2195
                  2685 6038 703 2063 2764 4849 1823 2447 1286 2272 2023 2341 2031 2696 1506 2993
                  2212 379 1826 833 1499 6138 274 620 895 781 2659 2211 4889 1873 6677 267 227
                  6213 654 2266 2101 5700 238 236 2945
      ACADASSO    337 1846 2867 5456 7031 8330 8356 1211 1556 2238 2263 2978 673 1281 948 1338
                  5353 218 5571 1096 5689 1884 2335 5814 5864 1891 855 1486 6098 6139 2028 6617
                  6679 1487 7028 2537 7051 7275 7448 2596 1495 2678 5569 2297 1204 2844 2857 28
                  19 1675 1676 1929 6345 518 1973 1991 5028 7056 2026 7306 5277 8326 2283 5535
                  2679 815 1745 1622 476 1667 2591 1023 2195 2237 2685 2784 6038 703 2241 2247
                  2063 1823 1286 2272 2023 752 2648 2341 2031 2696 2934 763 597 2163 2080 2993
                  2212 2732 1826 833 2144 207 1729 1344 2075 362 1084 2735 1499 1456 1295 6138
                  853 2236 1082 2285 620 821 2336 895 230 2659 7307 2211 6157 2253 841 562 4889
                  9104 414 2734 5330 1873 1491 584 1077 6677 2631 5053 267 2215 6213 654 2079
                  1662 2415 172 2866 416 6077 2266 2101 6079 238 236 168 2726
      ACADPROF    337 1846 2867 5456 7031 8330 8356 1211 1556 1573 2238 2263 673 685 1281 948
                  461 1338 5353 218 5571 1096 5689 1884 5864 1891 855 1486 6098 6139 6617 6679
                  1487 7028 2537 7051 2564 7275 7448 2596 2678 2066 2297 1204 1085 5753 2857 28
                  19 1675 1676 2954 1929 2233 6532 518 1973 1991 5028 1142 2026 5212 7306 5277
                  8326 2283 1329 5535 2679 815 1745 1622 476 1667 2591 1023 525 2685 2784 6038
                  703 2241 2247 2063 2764 4849 2447 2265 1286 2232 2023 2648 2031 1589 2696 2934
                  763 597 7256 1506 2080 2993 2732 833 157 207 1344 2075 362 2735 1499 1456 6138
                  853 2236 1939 2285 274 620 1245 959 821 2193 230 7307 2211 6157 2253 1355 562
                  4889 9104 1269 6332 5330 1873 584 1077 753 2347 1152 1946 2215 655 1325 6213
                  1339 654 1987 2302 2079 5414 6378 172 416 1184 322 2101 238
      DEGPROF     170 1211 1556 2931 1573 2238 2263 2978 673 685 1281 948 461 1338 5353 266 5571
                  1096 5689 1884 2335 1891 855 1486 6098 6139 2028 6617 6679 1487 7028 7051 2564
                  7275 7448 2596 2678 2066 5569 1204 1085 2844 5753 28 19 319 1675 1676 2954 1929
                  6345 6532 518 1973 1991 5028 1142 2274 7056 2026 7306 5277 8326 2283 1329 5535
                  2679 815 1745 1622 476 1667 2591 1023 2195 525 2237 2685 703 2241 2063 4849
                  2447 2265 1286 2232 2272 2023 2341 2031 1589 2696 2934 763 597 2163 2993 2212
                  379 1826 833 2144 207 1344 2075 1084 1499 2868 1777 2236 1327 1245 821 5167
                  2336 5759 2193 268 781 230 2659 7307 2211 1213 841 5795 1355 2734 1269 6332
                  7560 1873 1947 2494 753 6677 2347 1946 1086 1987 2866
      DEGMAST     170 2088 1211 1556 2931 1573 2238 2263 2978 1281 461 1338 5353 266 218 1096
                  5689 1884 5864 1891 6139 2028 6679 1487 7028 7051 2564 7275 7448 1495 2678 2066
                  1085 28 319 1675 1676 2233 5535 199 2269 1667 2591 1023 525 703 1823 1286 2696
                  833 1084 1295
      DEGBAL      170 2088 1556 2931 2263 2978 673 685 1281 461 1338 5353 266 218 1096 5689 1884
                  2335 5814 5864 1891 855 6139 2028 6679 1487 2537 7051 2564 7275 7448 2596 1495
                  2678 2066 5569 2297 1204 2844 2857 28 319 1675 1676 2954 1929 2233 6532 1991
                  1142 7056 5212 7306 5277 2283 1329 5535 2679 199 2269 815 1622 476 1667 2591
                  1023 2195 525 2237 2685 2784 703 2241 2247 2764 4849 2447 2265 1286 2232 752
                  2648 1952 1589 2696 2934 597 7256 2163 1506 2080 2993 2212 379 833 157 2144
                  207 1729 783 1344 2075 362 1084 2735 1499 1456 1295 6138 2236 1939 1327 2285
                  620 959 821 895 5759 2193 1882 268 781 230 2659 7307 2211 2253 9104 414 2734
                  1269 6332 7560 1491 1947 1077 1152 267 227 322
      FEMALE      2022 170 2088 1211 1573 2263 685 1281 948 461 218 5571 1884 5814 5864 855 1486
                  6098 6139 6679 1487 7275 1495 2678 2297 1204 5753 2857 319 1973 2026 7306 1329
                  5535 199 2269 1023 2237 703 2241 2031 2993 781
      ENGLISH     170 2088 1211 1556 1573 2238 2978 673 685 1281 948 461 5353 266 218 5571 1096
                  5689 1884 2335 5864 1891 855 1486 6098 6139 2028 6617 1487 7028 2537 7051 2564
                  7275 7448 2596 1495 2678 2066 2297 1085 2844 5753 2857 28 19 319 1675 1676 2954
                  6345 2233 518 1973 1991 5028 1142 2274 7056 2026 5212 5277 1329 199 2269 815
                  1745 476 1667 2591 1023 2195 525 2237 2685 2784 6038 703 2241 2063 4849 2447
                  2265 1286 2232 2648 1952 2341 2031 1589 2696 2934 763 597 1506 2080 2993 379
                  2732 1826 157 2144 207 783 2075 1084 2735 1499 1295 6138 853 1082 2285 274 620
                  700 5167 895 5759 2193 2659 6157 2253 1213 5795 1355 2734 1491 584 2631 4899
                  2306 2343 6213 1808 5414 2866 2266 6079
      PROD        1211 673 685 1281 5571 5814 6617 7448 2297 6532 518 5028 2274 2026 2023
      GAPAA       1211 2263 673 685 1281 948 461 1338 218 1096 5689 1884 2335 5814 5864 1891 855
                  6098 6139 2028 6617 6679 1487 7028 2537 7051 7275 7448 2596 1495 2678 2066 2297
                  1204 1085 5753 2857 28 1675 1676 1929 2233 6532 518 1973 1991 1142 2274 2026
                  2283 1329 2679 199 2269 815 1745 1622 476 2591 1023 525 2784 6038 2241 2247
                  2063 2764 4849 1823 2447 2265 2648 1952 2696 2934 763 7256 2163 2993 833 207
                  1729 362 2735 1499 2868 2236 2285 959 700 895 2193 1882 268 2253 414 6332 5330
                  7560 1947 2347 1946 655 6213 1987 141 2079
      GAPCE       170 2088 1211 1556 2931 1573 2238 2263 2978 673 685 1281 461 1338 266 218 5571
                  1096 5689 1884 2335 5814 5864 1891 855 1486 6098 6139 2028 6617 6679 1487 7028
                  2537 7051 2564 7275 7448 2596 1495 2678 2066 5569 2297 1204 1085 2844 5753 2857
                  28 19 319 1676 2954 1929 6345 2233 6532 518 1973 1991 5028 1142 2274 7056 2026
                  5212 7306 5277 8326 2283 1329 5535 2679 199 2269 815 1745 1622 476 1667 2591
                  1023 2195 525 2237 2685 2784 6038 703 2241 2247 2063 2764 4849 1823 2447 2265
                  1286 2232 2272 2023 752 2648 1952 2341 2031 1589 2696 2934 763 597 2163 1506
                  2080 2993 2212 379 2732 1826 833 157 2144 207 1729 783 1344 2075 362 1084 2735
                  1499 1456 2868 1295 6138 2236 1939 1327 1082 2285 274 620 1245 959 700 821 5167
                  2336 895 5759 2193 1882 268 781 2659 7307 2211 6157 2253 1213 841 5795 1355
                  562 9104 414 2734 1269 6332 5330 7560 1873 1491 1947 2494 584 1077 753 6677
                  5053 2347 1152 267 1946 227 2215 655 4899 1086 6213 1339 654 1820 1987 2302
                  141 2079 5414 5562 1662 172 2866 2410 416 6077 1184 2266 2101 5700 1205 2945
                  8206 2173 2251
      GAPEX       170 2088 1211 1556 2931 1573 2263 2978 673 685 1281 948 461 1338 5353 266 218
                  5571 1096 5689 1884 2335 5814 5864 1891 855 1486 6139 2028 6617 6679 1487 2537
                  7051 2564 7275 7448 2596 1495 2678 2066 5569 2297 1085 2844 5753 2857 28 319
                  1675 1676 1929 6345 6532 1973 1991 1142 2274 7056 2026 5212 7306 5277 2283 1329
                  5535 199 2269 815 1745 1622 476 1667 2591 1023 525 2237 2784 6038 703 2241 2247
                  2063 2764 4849 1823 2447 2232 752 2648 1952 2341 2031 2934 763 597 7256 2163
                  1506 2080 2993 2212 379 2732 833 157 207 1729 783 1344 2075 362 1084 2735 1499
                  1456 2868 1295 1777 853 2236 1939 1327 2285 274 620 1245 959 700 821 2336 5759
                  2193 1882 2659 7307 2211 2253 1213 841 5795 414 6332 5330 7560 1873 1491 1947
                  2494 753 2347 267 1946 227 655 1086 6213 1339 1987 2302 2079 2866 1184
      GAPFREE     170 2088 1211 1556 2931 1573 2238 2263 2978 685 1281 948 461 1338 5353 266 218
                  1096 5689 1884 2335 5814 5864 1891 855 1486 6098 6617 6679 1487 7028 2537 7051
                  2564 7275 7448 2596 1495 2678 2066 5569 2297 1085 2844 5753 2857 28 19 319 1675
                  2954 1929 2233 6532 1973 5028 1142 2274 7056 2026 2283 1329 2679 2269 476 2591
                  1023 525 2237 2784 6038 703 2241 2063 4849 1823 2447 2265 1286 2272 2648 1952
                  2341 2031 2934 763 597 7256 2163 2212 379 2732 1826 833 1729 783 362 2735 1456
                  2868 1295 6138 853 1939 1327 1082 959 700 5759 268 6157 2253 5795 414 6332 5330
                  7560 1947 2347 267 1946 6213 1987 2302 141 2079 1184
      AGEQ        337 2149 8356 170 266 5571 1884 2297
      NMARRIED    2088 2931 2238 948 461 218 5571 1096 1884 2335 5864 1891 6098 6679 1487 2537
                  7051 2564 2596 2678 5569 2297 1085 2857 28 319 1676 2954 1929 1991 1142 7056
                  5212 5277 2283 1329 5535 2269 476 1023 2195 525 2685 6038 2063 2764 1823 2447
                  2265 1286 752 7256 2163 2080 379 2732 1826 157 783 362 1084 853 895 5759 1213
                  2306
      ASIAN       8356 170 2088 1211 1556 1573 2238 2978 673 685 1281 948 461 1338 5353 266 218
                  5571 1096 5689 1884 5814 5864 1891 855 1486 6098 6139 2028 6617 6679 1487 7028
                  2537 7051 2564 7275 7448 2596 1495 2678 2066 5569 2297 1204 1085 2844 5753 2857
                  28 19 319 1675 1676 2954 1929 6345 2233 6532 518 1973 1991 5028 1142 2274 7056
                  2026 5212 7306 5277 8326 2283 1329 5535 2679 199 2269 815 1745 1622 476 1667
                  2591 1023 2195 525 2237 2685 2784 6038 703 2241 2247 2063 2764 4849 2447 2265
                  1286 2232 2272 752 2648 1952 2341 2031 1589 2696 2934 763 7256 2163 1506 2080
                  2993 379 2732 1826 833 157 2144 207 1729 783 1344 2075 362 1084 2735 1499 1456
                  2868 1295 6138 1777 853 2236 1939 1327 1082 2285 620 1245 700 5167 895 5759
                  2193 268 781 230 2659 2211 6157 2253 1213 1355 4889 9104 2734 1269 6332 1873
                  1491 584 753 6677 2631 1946 4899 2343 6213 1339 654 1987 2302 1808 5414 5562
                  1662 2866 2410 1184 2266 2101 6079 2945 1842
      BLACK       8356 170 2088 1211 1556 2931 1573 2238 2263 2978 673 1281 948 1338 5353 266
                  218 5571 1096 5689 1884 5814 5864 1891 855 1486 6098 6139 2028 6617 6679 1487
                  7028 2537 7051 2564 7448 2596 1495 2678 2066 5569 1204 1085 2844 5753 2857 28
                  319 1675 1676 2954 1929 6345 2233 6532 1973 1991 5028 1142 2274 7056 2026 5212
                  7306 5277 8326 2283 1329 5535 199 2269 815 1745 1622 476 1667 2591 1023 2195
                  525 2237 2685 2784 6038 2241 2247 2063 2764 4849 2447 2265 1286 2232 2272 2023
                  752 2648 1952 2341 2031 1589 2696 2934 763 597 7256 2163 1506 2080 2993 2212
                  379 2732 1826 833 157 2144 207 1729 1344 2075 362 1084 2735 1456 2868 1295 6138
                  1777 853 2236 1939 1327 1082 2285 274 1245 959 700 821 5167 2336 895 5759 2193
                  1882 2659 2211 6157 2253 1213 841 5795 1355 562 4889 9104 414 2734 1269 5330
                  1873 1491 2494 584 753 6677 2631 5053 2347 1152 267 1946 227 2215 1086 2306
                  2343 6213 1339 654 1987 2302 2079 5414 5562 1662 172 2866 2410 6077 1584 2266
                  322 2101 599 1205
      HISP        8356 170 2088 1211 1556 2931 1573 2238 2263 2978 673 685 1281 948 461 1338 5353
                  266 218 5571 1096 5689 1884 5814 5864 1891 855 1486 6098 6139 2028 6617 6679
                  1487 7028 2537 7051 2564 7275 7448 2596 1495 2678 2066 2297 1204 1085 2844 5753
                  2857 28 19 319 1675 1676 2954 6345 2233 6532 518 1973 1991 5028 1142 2274 7056
                  2026 5212 7306 5277 8326 1329 5535 199 2269 815 1745 1622 476 1667 2591 1023
                  2195 525 2685 2784 6038 703 2241 2063 2764 4849 1823 2447 2265 1286 2232 2272
                  2023 752 2648 1952 2341 2031 1589 2696 2934 763 597 7256 2163 1506 2080 2993
                  2212 379 1826 833 157 2144 1729 783 1344 2075 362 1084 2735 1499 1295 6138 1777
                  853 2236 1939 1327 1082 2285 274 1245 959 700 821 5167 2336 895 5759 2193 1882
                  268 781 2659 6157 2253 1213 5795 1355 562 9104 1269 6332 5330 1491 1947 2494
                  584 1077 753 2631 5053 2347 227 655 4899 1086 2306 2343 1325 6213 1339 1820
                  1987 2302 141 1808 2079 5414 5562 1662 2866 1584 1184 2266 2101 599 6079 2945
      RACEOTH     8356 170 2088 1211 2931 1573 2238 2263 2978 673 685 1281 948 1338 5353 266 218
                  1096 5689 1884 5864 1891 855 1486 6139 2028 6617 6679 1487 2537 7051 2564 7275
                  7448 2596 1495 2678 2066 5569 2297 1085 2844 5753 2857 19 319 1676 2954 1929
                  6345 2233 1973 1991 5028 1142 2274 7056 2026 5212 5277 2283 1329 5535 2679 199
                  2269 815 1745 476 1667 2591 2195 525 2237 2784 6038 2241 2247 2265 1286 2232
                  2272 2023 2648 1952 2341 2031 1589 2696 763 597 7256 2163 1506 2993 379 2732
                  1826 833 2144 1344 362 2735 1499 1456 2868 1295 1939 1082 2285 274 620 959 700
                  821 5167 895 5759 2193 268 7307 2211 1355 414 6332 1873 1491 1947 2494 2631
                  5053 1152 1946 2215 655 1086 2343 1325 6213 654 1820 2302 2079 2415 2866 2410
                  2266 2101
      HARDPURE    170 2088 1211 1556 2931 1573 2238 2263 2978 673 1281 948 461 5353 266 218 5571
                  1096 5689 5864 1891 855 1486 6098 6139 2028 6617 6679 1487 7028 2537 2564 7275
                  7448 1495 2678 2066 5569 2297 1204 1085 2844 5753 2857 28 19 319 1675 1676 2954
                  1929 6345 2233 6532 518 1973 1991 5028 1142 2274 7056 2026 5212 7306 5277 8326
                  2283 1329 5535 2679 199 2269 1745 1622 476 1667 2591 1023 2195 525 2237 2685
                  2784 2241 2247 2764 2265 1286 2232 2023 752 2648 1952 2341 2031 1589 2696 2934
                  763 597 7256 2163 1506 2080 2993 2732 1826 833 157 2144 1729 783 1344 362 1084
                  2735 1499 2868 1295 6138 1777 853 2236 1939 1082 2285 274 620 959 700 821 5167
                  895 5759 2193 1882 268 781 230 2659 7307 2211 6157 1355 414 2734 7560 1491 584
                  1077 5053 1152 267 1946 227 2215 655 4899 1086 2306 1325 654 1820 2302 1808
                  2079 5414 5562 1662 2415 172 2410 416 6077 322 599 5700 2945
      SOFTAPP     170 1556 2931 1573 2238 2263 2978 673 685 461 1338 5353 266 5571 1096 1884 1891
                  1486 6098 6139 2028 6617 1487 7028 2537 7051 2564 7275 2596 1204 1085 2844 28
                  319 1675 1676 2954 6345 518 1973 1991 5028 1142 2274 7056 2026 7306 2283 1329
                  5535 199 815 1745 476 1023 2195 2237 2685 6038 2247 2764 4849 2265 752 2648
                  2341 2696 2934 2993 379 1826 833 2144 2075 362 1084 1777 2285 274 700 2336 6157
                  1213 9104 6332 2347 2215 2306
      SOFTPURE    2088 1211 1573 2238 2978 673 685 948 266 5571 5689 1891 1486 6139 2028 6617
                  6679 1487 7028 7051 2564 7275 7448 2596 1204 1085 5753 19 319 2954 6532 1973
                  1991 2274 8326 2283 1329 2679 199 525 6038 2241 4849 1823 1826 833 1777 2494
                  2215
      BIGOTH      170 2088 1211 2931 1573 2238 673 685 1281 948 461 1338 5353 218 5571 5689 1884
                  5864 1891 855 6098 2028 6617 6679 1487 7028 2537 7051 2564 7275 7448 2596 1495
                  2678 2066 5569 2297 1204 1085 5753 2857 19 319 1675 1676 2954 1929 6345 2233
                  6532 1973 1991 5028 1142 2274 7056 5212 5277 8326 2283 1329 2269 815 1745 476
                  1667 2591 1023 2195 525 2685 2784 6038 703 2241 2247 2063 2764 1823 1286 2232
                  2272 2648 2341 2031 1589 763 7256 2163 1506 2080 2993 2212 379 2732 1826 833
                  2144 207 1729 1344 2075 362 1084 1499 1456 1777 853 2236 1082 2285 620 1245
                  700 5167 895 5759 2193 268 781 230 7307 841 1355 2734 1269 7560 1873 1947 1077
                  2631 1152 2215 4899 1086 2306 1325 6213 654 1808 2079 5562 2266 6079 238
      TIMEEMP     385 1363 2064 2149 5194 6400 8356 170 5353 2564 2283 2679 2247
      TIMEEMP2    385 1363 2064 2149 5194 6400 8356 170 5353 2564 2283 2679 2247

   1 WARNING(S) FOUND IN THE INPUT INSTRUCTIONS



This is a partially-restricted model. hierarchical treatment (two level)
no measurement model however.  ML treatment of missingness.

