Mplus VERSION 8 (Mac)
MUTHEN & MUTHEN
11/05/2017  10:07 AM

INPUT INSTRUCTIONS

  TITLE:		Title
  DATA:		FILE = /Users/chadgevans/Research/Projects/Data/HERI/Cache/mp_test.txt;
  VARIABLE:		NAMES = TURNINTE ACE SATIS01 SATIS02 SATIS03 SATIS04 SATIS05
  		SATIS06 SATIS07 SATIS08 SATIS09 SATIS10 SATIS11 SATIS12
  		SATIS13 SATIS14 SATIS15 SATIS16 SATIS17 SATIS18 SATIS20
  		English Age Public WestOth Midwest South GAPAA GAPCE GAPEx
  		GAPFree Asian Black Hisp RACEOth DEGProf DEGMast DEGBAL
  		TIMEEMP PRIRe PRIAdOth nChild TIMEEMP2 Age2;
  		USEVARIABLES = TURNINTE ACE English Age Public
  		WestOth Midwest South GAPAA GAPCE GAPEx
  		GAPFree Asian Black Hisp RACEOth DEGProf DEGMast DEGBAL
  		TIMEEMP PRIRe PRIAdOth nChild TIMEEMP2 Age2;
  		CATEGORICAL = TURNINTE;
  		MISSING = *;
  		CLUSTER = ACE;
  		BETWEEN = Public WestOth Midwest South
  ANALYSIS: 		Type = TWOLEVEL;
  		ESTIMATOR=BAYES;
  		PROCESSORS=2;
  		FBITER=1000
  MODEL:		%BETWEEN%
  		TURNINTE ON Public WestOth Midwest South;
  		Public WestOth Midwest South;
  		%WITHIN%
  		TURNINTE ON GAPAA GAPCE GAPEx GAPFree PRIRe PRIAdOth
  		DEGProf DEGMast DEGBAL TIMEEMP TIMEEMP2 English Age Age2
  		Asian Black Hisp RACEOth nChild;
  		GAPAA GAPCE GAPEx GAPFree PRIRe PRIAdOth
  		DEGProf DEGMast DEGBAL TIMEEMP TIMEEMP2 English Age Age2
  		Asian Black Hisp RACEOth nChild;
  		
  		
  		
  		



*** WARNING
  One or more individual-level variables have no variation within a
  cluster for the following clusters.

     Variable   Cluster IDs with no within-cluster variation

      TURNINTE    2792 219 1286 2087 858 383 646 5365 1094 5753 686 5864 461 1173 706 774 1818
                  109 1204 7031 7051 7056 2645 1211 2678 8326 8424 1023 1573 2277 2283 218 2022
                  7275 6345 2432 5535 2028 833 5028 2297 1777 5814
      ENGLISH     2786 219 1286 536 2087 2947 2969 858 383 5121 646 5361 5365 2233 1094 5622 5753
                  5773 686 5864 461 2319 1173 706 1735 6139 774 1818 2439 109 1952 7031 7051 7056
                  2645 1211 2678 8356 8424 1274 657 5536 462 1209 1023 1573 1675 2212 55 2247
                  2825 1281 2263 2283 1809 218 4841 28 1329 5194 2022 7275 5212 642 170 855 178
                  9106 362 2335 1846 2829 2432 1667 685 7028 2954 5569 929 5589 2978 2028 1085
                  5028 89 6038 2236 2027 2648 2265 463 2685 1745 1929 2297 1777 2564 1676 5277
                  2269 2274 2232 4849 2238 2241 1506 5167 1084 2679 700 2696 781 2857 2993 2272
                  1939 620 853 2784 1491 2253 2285 2193 525 2237 5759 597 274 1882 1355 518 815
                  1589 2659 2735 2934 6138 763 2026 783 655 6677 1808 2631 5414 5700
      AGE         5834 2113 706
      GAPAA       2792 219 536 2087 2947 2113 383 5121 1013 646 5361 5365 5398 2233 424 1094 5753
                  5773 5864 461 1173 706 1735 774 1818 2439 109 1204 1952 7031 7051 2678 8326
                  8356 657 1209 1023 1675 2212 2247 2825 1281 2263 2277 2283 1809 218 4841 1096
                  28 2022 7275 5212 642 855 178 9106 2447 362 2335 2829 2267 685 7028 929 5589
                  833 89 2236 2027 2648 2265 1111 7306 1929 2297 821 1676 5814 2269 2274 2232
                  1338 476 4849 2241 2591 7560 1729 2679 700 414 2336 2857 2993 2784 6332 1491
                  2253 2734 525 2237 5759 7256 1269 1882 959 268 2868 6213 2735 1823 2934 763
                  1499 783 655 1456 895 141 1987 5330 1947 1946 2347 2079 1184
      GAPCE       2786 2792 219 1286 536 2087 2947 2969 2113 858 383 5121 1013 646 5361 5365 5398
                  2233 424 1094 5622 5753 5773 686 5864 461 2319 1173 706 1735 6139 774 1818 2439
                  109 1204 1952 7031 7051 7056 2645 1211 2678 8326 8356 8424 657 5536 462 1209
                  1023 1573 1675 2212 55 319 2247 2825 1281 2263 2277 2283 1809 218 4841 1096
                  28 1329 5194 2022 5212 642 170 8330 855 178 9106 2447 362 2335 1846 2829 6345
                  2432 2267 1667 685 5535 2954 5569 929 5589 2978 2028 1085 833 5028 89 2236 1556
                  2027 2648 2265 463 2685 1111 7306 1745 1929 2297 821 1777 2564 1676 5814 752
                  5277 2075 2269 2274 2232 1338 476 4849 2238 2241 1506 2591 5167 379 1084 157
                  7560 1891 1729 2679 700 2696 2844 2732 781 414 2336 2857 2993 2031 2272 1939
                  1826 1077 1991 620 2195 853 703 2784 1245 2080 6332 1491 2253 1327 2285 2193
                  2734 525 5759 597 7256 274 1269 1882 9104 1622 2163 6157 959 268 1355 518 815
                  1589 2868 6213 2659 2735 2211 1823 2934 207 6138 763 1873 2026 2215 5053 7307
                  1295 1499 783 655 1456 5795 895 6677 1082 2302 2631 841 753 141 1987 4899 267
                  2306 5330 227 5562 2494 1086 1820 2343 2866 1152 1947 5414 1662 654 172 1946
                  2347 322 2079 416 6077 2415 2410 1184 6079 6378 1205 2945 2726 2173
      GAPEX       2786 2792 219 1286 536 2087 2947 2969 2113 858 383 5121 1013 646 5361 5365 5398
                  2233 424 1094 5622 5753 5773 686 5864 461 2319 1173 706 1735 6139 774 1818 2439
                  109 1204 1952 7031 7051 7056 1211 2678 8326 8356 1274 657 5536 462 1209 1023
                  1573 1675 2212 55 319 2247 2825 1281 2263 2277 2283 1809 218 4841 1096 28 1329
                  5194 2022 7275 5212 642 170 855 178 2447 362 2335 1846 2829 6345 2267 1667 685
                  5535 2954 5569 929 5589 2978 1085 833 89 2236 1556 2027 2648 463 2685 1111 1929
                  2297 821 1777 2564 1676 5814 752 5277 2075 2269 2274 2232 476 4849 2241 1506
                  2591 379 7560 1891 1729 700 2844 2732 781 414 2336 2857 2993 2031 1939 1991
                  620 703 2784 1245 6332 2253 1327 2285 2193 525 2237 5759 1344 597 7256 1269
                  1882 1622 2163 959 230 815 1213 2868 6213 2735 2211 1823 2934 207 763 2026 7307
                  1295 1499 783 655 5795 2302 753 1987 267 5330 1339 2494 2866 1947 1946 2347
                  322 2079 1184
      GAPFREE     2792 219 1286 536 2087 2947 2969 2113 858 383 1013 646 5365 5398 2233 424 1094
                  5622 5753 5773 686 5864 461 1173 706 1735 1818 2439 109 1952 7031 7051 7056
                  2645 2678 8326 8356 8424 1274 657 462 1023 1675 2212 319 2825 2263 2277 2283
                  1809 218 4841 1096 1329 5194 2022 7275 642 855 178 2447 362 2335 1846 2829 2432
                  2267 685 2954 5569 929 5589 2978 1085 833 5028 89 6038 2236 2023 2027 2648 2265
                  463 1929 2297 821 2564 5814 2269 2274 1338 476 4849 2238 2241 2591 379 7560
                  1891 1729 2679 700 2844 781 414 2336 2857 2031 2272 1939 703 2784 6332 2253
                  2734 5759 7256 1269 2163 959 268 2868 6213 2659 2735 1823 1499 783 895 2302
                  141 1987 267 1946 2347 2079 1184
      ASIAN       27 2786 2792 219 1286 536 2087 2947 2969 2113 858 383 5121 1013 646 5361 5365
                  5398 2233 424 5622 5753 5773 686 5864 461 2319 706 1735 6139 774 1818 2439 109
                  1204 1952 7031 7051 7056 2645 1211 2678 8326 8356 8424 1274 657 5536 462 1209
                  1023 1573 1675 2212 55 2825 1281 2263 2277 2283 1809 218 4841 1096 28 5194 2022
                  7275 5212 642 170 855 178 9106 2447 362 2335 1846 2829 6345 2432 2267 1667 685
                  5535 7028 2954 5569 929 5589 2978 2028 1085 833 5028 6038 2236 1556 2648 2265
                  463 2685 1111 7306 1745 1929 2297 1777 2564 1676 5814 752 5277 2075 2269 2274
                  2232 1338 476 4849 2238 2241 1506 2591 5167 1084 157 7560 1891 1729 2679 700
                  2696 2732 2857 2993 2272 1939 1826 1991 620 2195 703 2784 2080 6332 1491 2253
                  1327 2285 2193 525 2237 5759 597 1269 1882 9104 1622 959 268 1355 230 518 815
                  1589 1213 2868 2659 4889 2735 2211 1823 2934 207 6138 763 1873 2026 2215 2144
                  1456 5795 895 6677 1082 1808 1325 2631 841 753 4899 2266 5330 5562 1820 2343
                  2866 5414 1662 1946 2347 322 6077 2415 2410 599 5700 1184 6079 2945 8206
      BLACK       27 2786 2792 219 1286 2087 2947 2969 2113 858 383 5121 1013 646 5361 5365 5398
                  2233 5622 5753 5773 5864 461 2319 1173 706 1735 6139 774 1818 2439 109 1204
                  1952 7031 7051 7056 2645 1211 2678 8326 8356 8424 1274 657 5536 462 1209 1023
                  1573 1675 2212 55 319 2247 2825 1281 2263 2277 2283 218 4841 1096 28 1329 5194
                  2022 5212 642 170 8330 855 178 9106 2447 362 2335 1846 2829 6345 2432 2267 1667
                  685 5535 7028 2954 5569 929 5589 2978 2028 1085 833 5028 89 6038 2236 1556 2023
                  2027 2648 2265 463 2685 1111 7306 1745 1929 2297 821 1777 2564 1676 5814 752
                  5277 2075 2269 2274 2232 1338 476 4849 2238 2241 1506 2591 5167 379 1084 157
                  7560 1891 1729 700 2696 2844 2732 781 414 2336 2857 2993 2031 2272 1939 1826
                  2195 853 2784 1245 2080 6332 2253 2285 2193 2734 2237 5759 1344 597 274 1882
                  9104 1622 2163 6157 959 1355 230 815 1589 1213 6213 2659 4889 2735 2211 1823
                  2934 207 763 1873 2026 2215 2144 5053 783 655 1456 5795 895 6677 1325 841 753
                  1987 267 562 5330 5562 1339 2494 2343 2866 1152 5414 1662 654 172 1946 584 322
                  2415 2410 2101 1584 2726
      HISP        27 2786 219 1286 536 2087 2947 2969 2113 858 383 5121 1013 646 5361 5365 5398
                  2233 424 1094 5622 5753 5773 686 5864 2319 1173 706 1735 6139 774 1818 2439
                  109 1204 1952 7031 7051 2645 1211 2678 8326 8356 8424 1274 657 5536 462 1209
                  1023 1573 1675 2212 55 319 2247 2825 1281 2263 2283 1809 218 4841 28 1329 5194
                  2022 7275 5212 642 170 8330 855 178 9106 2447 362 2335 1846 2829 6345 2432 2267
                  1667 685 7028 2954 5569 929 5589 2978 2028 1085 833 5028 89 6038 2236 1556 2023
                  2027 2648 2265 463 2685 1111 7306 1745 1929 2297 821 1777 2564 1676 752 5277
                  2075 2269 2274 2232 1338 476 4849 2238 2241 1506 2591 5167 379 1084 157 1891
                  1729 2679 700 2696 2844 781 414 2336 2857 2993 2031 2272 1939 1826 620 2195
                  853 703 2784 1245 2080 6332 2253 1327 2285 2193 525 5759 1344 597 7256 1269
                  1882 9104 1622 2163 6157 959 268 1355 518 815 1589 1213 6213 2659 2735 2211
                  2934 207 6138 763 2026 2215 5053 7307 1295 1499 783 655 5795 895 6677 1808 1325
                  2302 2631 753 141 1987 2266 562 2306 5330 5562 1339 2494 1086 2343 2866 1947
                  5414 172 2347 584 416 6077 599 5700 1184 6079 6378 1205 2945
      RACEOTH     27 2786 219 1286 536 2087 2947 2969 858 383 1013 646 5398 2233 424 1094 5622
                  5753 5773 5864 2319 1173 706 6139 774 1818 2439 109 1952 7031 7051 7056 2645
                  1211 2678 8424 1274 657 5536 462 1209 1023 1573 55 2247 2825 1281 2263 2277
                  218 4841 1096 28 1329 5194 2022 7275 5212 642 170 8330 855 178 9106 362 2335
                  1846 2829 6345 2432 1667 685 5535 2954 5569 929 5589 2028 1085 5028 89 6038
                  2236 2023 2027 2648 2265 463 2685 1111 1745 2297 821 2564 1676 5814 5277 2075
                  2269 2274 1338 2238 2241 1506 2591 5167 379 157 7560 1891 2679 700 2696 2844
                  2732 414 2336 2857 2993 2031 2272 1826 1077 853 2784 1245 2080 1491 2253 2734
                  525 5759 1344 597 7256 274 1882 6157 959 268 815 1589 1213 2868 6213 2211 2934
                  763 2026 2215 1295 783 655 1456 5795 1082 1808 1325 2631 2343 654 2410 5700
                  2101
      DEGPROF     2786 2792 219 1286 2087 2947 2969 2113 383 5121 1013 5361 5365 424 1094 5622
                  5753 5773 686 5864 461 2319 1173 706 1735 774 1818 109 1204 1952 7031 7051 7056
                  2645 1211 2678 8326 8356 8424 5536 462 1209 1023 1573 1675 2212 2247 2825 2263
                  2277 2283 1809 218 4841 1096 28 1329 2022 7275 642 170 855 178 2447 2335 1846
                  2829 6345 2432 2267 1667 5535 7028 2954 5569 929 2978 2028 833 5028 89 2236
                  1556 2023 2027 2265 2685 1111 7306 1745 1929 821 1777 2564 2075 2232 2238 2241
                  5167 1084 1891 1729 2696 2844 781 2336 2031 2272 1939 1826 620 703 1245 2080
                  6332 1327 2285 2193 2734 2237 5759 1344 597 1269 1622 2163 268 1355 230 815
                  1213 2659 2735 207 6138 763 2026 5795 2631 753 5562 1947 1946 2347 2079 211
      DEGMAST     2792 219 1286 2113 5121 5361 5365 5398 424 1094 5622 5773 686 461 2319 706 1735
                  1818 109 1952 7051 2645 1211 2678 8326 8356 1274 657 462 1675 2212 55 2247 2283
                  2022 7275 170 178 2267 7028 2028 1085 833 2236 463 2564 2269 2232 2696 703
      DEGBAL      2786 2792 219 1286 536 2087 2947 2969 2113 858 383 5121 1013 646 5365 2233 424
                  1094 5773 686 5864 461 2319 1173 706 6139 774 1818 109 1204 1952 7051 7056 2678
                  8326 8356 1274 657 5536 462 1209 1573 1675 2212 55 319 2247 1281 2263 2277 2283
                  1809 218 4841 1096 28 1329 7275 642 170 855 178 2447 362 2335 1846 2432 2267
                  685 2954 5569 929 2028 1085 833 89 6038 2236 1556 2648 2265 463 2685 1111 7306
                  1929 2297 821 1777 1676 5814 5277 2075 2269 2232 1338 476 4849 2238 2241 1506
                  2591 379 1084 157 7560 2679 2696 2844 414 2336 2857 1939 1077 620 2195 703 2784
                  6332 1327 2193 525 2237 5759 1882 1622 6157 1589 2868 6213 2659 4889 2211 207
                  6138 1873 1295 5795 1082 1987 227 1339 1152 1947
      TIMEEMP     2064 2324 5534 5571 2087 2113 2247 1329
      PRIRE       2786 2792 219 1286 536 2087 2947 2969 2113 858 383 5121 1013 646 5361 5365 5398
                  2233 424 1094 5622 5753 5773 686 5864 461 2319 1173 706 1735 6139 774 1818 2439
                  109 1204 1952 7031 7051 7056 2645 1211 2678 8326 8356 8424 1274 657 5536 462
                  1209 1023 1573 1675 55 319 2247 2825 1281 2263 2277 2283 1809 218 4841 1096
                  28 1329 5194 7275 5212 642 170 8330 855 178 9106 2447 362 2335 2829 6345 2432
                  2267 1667 685 5535 7028 2954 5569 929 5589 2978 2028 833 5028 89 6038 2236 2023
                  2027 2648 2265 1111 7306 1745 1929 2297 821 1777 2564 1676 5814 752 5277 2075
                  2269 2274 2232 1338 476 4849 2238 2241 1506 2591 5167 379 1084 157 7560 1891
                  1729 2679 700 2696 2844 781 2336 2857 2272 1826 1077 1991 620 2195 853 2784
                  1245 2080 6332 1491 2253 1327 2285 2193 2734 525 2237 5759 1344 597 7256 274
                  1269 9104 1622 2163 6157 959 1355 230 518 815 1589 1213 2868 6213 2659 4889
                  2735 1823 2934 207 6138 763 2026 2215 2144 5053 7307 783 655 1456 5795 895 6677
                  1082 1808 1325 2631 841 753 1987 4899 2266 562 5330 227 5562 1339 1086 1820
                  2343 2866 1152 1947 5414 1662 654 172 1946 322 2079 416 2410 599 5700 1584 6079
                  6378 1842 238 211 2251 1488
      PRIADOTH    2786 2792 1286 536 2087 2969 2113 383 5121 5361 5365 5398 2233 424 1094 5622
                  5753 5773 686 5864 461 2319 1173 706 1735 6139 774 1818 109 1204 1952 7031 7056
                  2645 1211 2678 8326 8356 8424 657 5536 1209 1023 1573 55 319 2247 1281 2263
                  2277 4841 1096 28 1329 5194 2022 642 170 8330 855 178 9106 2447 2335 1846 2267
                  5535 7028 5589 2978 2028 1085 833 5028 6038 2236 1556 2648 463 2685 7306 1929
                  5814 5277 2075 2232 1338 476 4849 2238 2241 2591 5167 379 1084 157 7560 2679
                  700 2844 414 2336 2857 2272 1826 1991 2195 2784 2080 6332 2285 2734 2237 1344
                  1622 6157 1589 4889 2211 1823 2934 207 1873 2215 655 1082 2631 141 5330 1339
                  1086 1947 2079 6378
      NCHILD      776 1188 6076 219 2947 2113 5121 5365 2233 1094 5864 461 706 1952 2645 1274
                  657 2263 2283 1096
      TIMEEMP2    2064 2324 5534 5571 2087 2113 2247 1329
      AGE2        5834 2113 706

   1 WARNING(S) FOUND IN THE INPUT INSTRUCTIONS



Title

SUMMARY OF ANALYSIS

Number of groups                                                 1
Number of observations                                        3592

Number of dependent variables                                    1
Number of independent variables                                 23
Number of continuous latent variables                            0

Observed dependent variables

  Binary and ordered categorical (ordinal)
   TURNINTE

Observed independent variables
   ENGLISH     AGE         PUBLIC      WESTOTH     MIDWEST     SOUTH
   GAPAA       GAPCE       GAPEX       GAPFREE     ASIAN       BLACK
   HISP        RACEOTH     DEGPROF     DEGMAST     DEGBAL      TIMEEMP
   PRIRE       PRIADOTH    NCHILD      TIMEEMP2    AGE2

Variables with special functions

  Cluster variable      ACE

  Between variables
   PUBLIC      WESTOTH     MIDWEST     SOUTH


Estimator                                                    BAYES
Specifications for Bayesian Estimation
  Point estimate                                            MEDIAN
  Number of Markov chain Monte Carlo (MCMC) chains               2
  Random seed for the first chain                                0
  Starting value information                           UNPERTURBED
  Treatment of categorical mediator                         LATENT
  Algorithm used for Markov chain Monte Carlo           GIBBS(PX1)
  Fixed number of iterations                                  1000
  K-th iteration used for thinning                               1
Link                                                        PROBIT

Input data file(s)
  /Users/chadgevans/Research/Projects/Data/HERI/Cache/mp_test.txt
Input data format  FREE


SUMMARY OF DATA

     Number of clusters                        363

       Size (s)    Cluster ID with Size s

          1        8 19 27 199 246 257 266 325 464 519 634 653 689 776
                   787 834 947 1054 1078 1142 1156 1187 1188 1189 1276
                   1322 1328 1335 1354 1362 1479 1486 1487 1496 1513 1705
                   1755 1831 1931 2061 2063 2064 2066 2072 2147 2192 2201
                   2213 2262 2289 2308 2317 2324 2329 2333 2334 2341 2554
                   2594 2608 2657 2764 2796 2858 2931 2942 4831 4867 5052
                   5199 5297 5456 5534 5571 5834 5888 6067 6076 6094 6098
                   6232 6532 6615 6617 6649 6679 7241 7408 8314 9107
          2        2786 2792 219 1286 536 2087 2947 2969 2113 858 383 5121
                   1013 646 5361 5365 5398 2233 424 1094 5622 5753 5773
                   686 5864 461 2319 1173 706 1735 6139 774 1818 2439 109
                   1204 1952 7031 7051 7056 2645 1211 2678 8326 8356 8424
                   1274
          3        657 5536 462 1209 1023 1573 1675 2212 55 319 2247 2825
                   1281 2263 2277 2283 1809 218 4841 1096 28 1329 5194
                   2022 7275 5212 642 170 8330 855 178 9106 2447
          4        362 2335 1846 2829 6345 2432 2267 1667 685 5535 7028
                   2954 5569 929 5589 2978 2028 1085 833 5028 89 6038 2236
                   1556
          5        2023 2027 2648 2265 463 2685 1111 7306 1745 1929 2297
                   821 1777 2564 1676 5814
          6        752 5277 2075 2269 2274 2232 1338 476 4849 2238 2241
                   1506 2591 5167 379 1084
          7        157 7560 1891 1729 2679 700 2696 2844 2732
          8        781 414 2336 2857 2993 2031 2272 1939
          9        1826 1077 1991 620 2195 853 703 2784 1245 2080 6332
         10        1491 2253 1327 2285 2193 2734 525 2237 5759 1344 597
         11        7256 274 1269 1882 9104 1622 2163
         12        6157 959 268 1355 230 518 815 1589 1213
         13        2868 6213 2659 4889 2735 2211 1823
         14        2934 207 6138 763 1873 2026 2215 2144
         15        5053 7307 1295 1499 783 655
         16        1456 5795 895
         18        6677 1082 1808
         19        1325 2302 2631 841
         20        753
         21        141 1987 4899
         22        2266 267 562 2306 5330 227 5562
         23        1339 2494
         24        1086 1820
         25        2343
         26        2866 1152 1947
         27        5414
         28        1662 654 172 1946
         29        2347 584 322
         30        2079
         32        416 6077
         33        2415 2410
         35        599 5700
         40        2101
         41        1584
         42        1184
         44        6079
         45        6378
         53        1842 236
         62        1205
         63        168
         65        2945
         66        8206
         68        238
         73        211
         79        2726
         80        2173
        128        2251
        153        1488



COVARIANCE COVERAGE OF DATA

Minimum covariance coverage value   0.100

     Number of missing data patterns            39


     PROPORTION OF DATA PRESENT


           Covariance Coverage
              TURNINTE      PUBLIC        WESTOTH       MIDWEST       SOUTH
              ________      ________      ________      ________      ________
 TURNINTE       0.994
 PUBLIC         0.984         0.989
 WESTOTH        0.994         0.989         1.000
 MIDWEST        0.994         0.989         1.000         1.000
 SOUTH          0.994         0.989         1.000         1.000         1.000
 ENGLISH        0.989         0.982         0.993         0.993         0.993
 AGE            0.963         0.956         0.966         0.966         0.966
 GAPAA          0.989         0.983         0.994         0.994         0.994
 GAPCE          0.989         0.983         0.994         0.994         0.994
 GAPEX          0.989         0.983         0.994         0.994         0.994
 GAPFREE        0.989         0.983         0.994         0.994         0.994
 ASIAN          0.975         0.969         0.979         0.979         0.979
 BLACK          0.975         0.969         0.979         0.979         0.979
 HISP           0.975         0.969         0.979         0.979         0.979
 RACEOTH        0.975         0.969         0.979         0.979         0.979
 DEGPROF        0.993         0.989         0.999         0.999         0.999
 DEGMAST        0.993         0.989         0.999         0.999         0.999
 DEGBAL         0.993         0.989         0.999         0.999         0.999
 TIMEEMP        0.934         0.928         0.938         0.938         0.938
 PRIRE          0.994         0.989         1.000         1.000         1.000
 PRIADOTH       0.994         0.989         1.000         1.000         1.000
 NCHILD         0.966         0.959         0.970         0.970         0.970
 TIMEEMP2       0.934         0.928         0.938         0.938         0.938
 AGE2           0.963         0.956         0.966         0.966         0.966


           Covariance Coverage
              ENGLISH       AGE           GAPAA         GAPCE         GAPEX
              ________      ________      ________      ________      ________
 ENGLISH        0.993
 AGE            0.965         0.966
 GAPAA          0.987         0.961         0.994
 GAPCE          0.987         0.961         0.994         0.994
 GAPEX          0.987         0.961         0.994         0.994         0.994
 GAPFREE        0.987         0.961         0.994         0.994         0.994
 ASIAN          0.979         0.955         0.974         0.974         0.974
 BLACK          0.979         0.955         0.974         0.974         0.974
 HISP           0.979         0.955         0.974         0.974         0.974
 RACEOTH        0.979         0.955         0.974         0.974         0.974
 DEGPROF        0.992         0.965         0.993         0.993         0.993
 DEGMAST        0.992         0.965         0.993         0.993         0.993
 DEGBAL         0.992         0.965         0.993         0.993         0.993
 TIMEEMP        0.936         0.925         0.932         0.932         0.932
 PRIRE          0.993         0.966         0.994         0.994         0.994
 PRIADOTH       0.993         0.966         0.994         0.994         0.994
 NCHILD         0.968         0.947         0.964         0.964         0.964
 TIMEEMP2       0.936         0.925         0.932         0.932         0.932
 AGE2           0.965         0.966         0.961         0.961         0.961


           Covariance Coverage
              GAPFREE       ASIAN         BLACK         HISP          RACEOTH
              ________      ________      ________      ________      ________
 GAPFREE        0.994
 ASIAN          0.974         0.979
 BLACK          0.974         0.979         0.979
 HISP           0.974         0.979         0.979         0.979
 RACEOTH        0.974         0.979         0.979         0.979         0.979
 DEGPROF        0.993         0.979         0.979         0.979         0.979
 DEGMAST        0.993         0.979         0.979         0.979         0.979
 DEGBAL         0.993         0.979         0.979         0.979         0.979
 TIMEEMP        0.932         0.926         0.926         0.926         0.926
 PRIRE          0.994         0.979         0.979         0.979         0.979
 PRIADOTH       0.994         0.979         0.979         0.979         0.979
 NCHILD         0.964         0.958         0.958         0.958         0.958
 TIMEEMP2       0.932         0.926         0.926         0.926         0.926
 AGE2           0.961         0.955         0.955         0.955         0.955


           Covariance Coverage
              DEGPROF       DEGMAST       DEGBAL        TIMEEMP       PRIRE
              ________      ________      ________      ________      ________
 DEGPROF        0.999
 DEGMAST        0.999         0.999
 DEGBAL         0.999         0.999         0.999
 TIMEEMP        0.937         0.937         0.937         0.938
 PRIRE          0.999         0.999         0.999         0.938         1.000
 PRIADOTH       0.999         0.999         0.999         0.938         1.000
 NCHILD         0.969         0.969         0.969         0.916         0.970
 TIMEEMP2       0.937         0.937         0.937         0.938         0.938
 AGE2           0.965         0.965         0.965         0.925         0.966


           Covariance Coverage
              PRIADOTH      NCHILD        TIMEEMP2      AGE2
              ________      ________      ________      ________
 PRIADOTH       1.000
 NCHILD         0.970         0.970
 TIMEEMP2       0.938         0.916         0.938
 AGE2           0.966         0.947         0.925         0.966


UNIVARIATE PROPORTIONS AND COUNTS FOR CATEGORICAL VARIABLES

    TURNINTE
      Category 1    0.544         1943.000
      Category 2    0.456         1628.000



UNIVARIATE SAMPLE STATISTICS


     UNIVARIATE HIGHER-ORDER MOMENT DESCRIPTIVE STATISTICS

         Variable/         Mean/     Skewness/   Minimum/ % with                Percentiles
        Sample Size      Variance    Kurtosis    Maximum  Min/Max      20%/60%    40%/80%    Median

     PUBLIC                0.365       0.561       0.000   63.51%       0.000      0.000      0.000
             359.000       0.232      -1.685       1.000   36.49%       0.000      1.000
     WESTOTH               0.226       1.311       0.000   77.41%       0.000      0.000      0.000
             363.000       0.175      -0.281       1.000   22.59%       0.000      1.000
     MIDWEST               0.320       0.774       0.000   68.04%       0.000      0.000      0.000
             363.000       0.217      -1.401       1.000   31.96%       0.000      1.000
     SOUTH                 0.143       2.037       0.000   85.67%       0.000      0.000      0.000
             363.000       0.123       2.148       1.000   14.33%       0.000      0.000
     ENGLISH               0.903      -2.718       0.000    9.73%       1.000      1.000      1.000
            3567.000       0.088       5.387       1.000   90.27%       1.000      1.000
     AGE                   0.000      -0.084     -26.949    0.06%     -11.949     -2.949      1.051
            3470.000     146.614      -0.793      40.051    0.06%       5.051     11.051
     GAPAA                 0.209       1.433       0.000   79.13%       0.000      0.000      0.000
            3569.000       0.165       0.054       1.000   20.87%       0.000      1.000
     GAPCE                 0.014       8.358       0.000   98.63%       0.000      0.000      0.000
            3569.000       0.014      67.851       1.000    1.37%       0.000      0.000
     GAPEX                 0.102       2.630       0.000   89.80%       0.000      0.000      0.000
            3569.000       0.092       4.919       1.000   10.20%       0.000      0.000
     GAPFREE               0.164       1.813       0.000   83.58%       0.000      0.000      0.000
            3569.000       0.137       1.287       1.000   16.42%       0.000      0.000
     ASIAN                 0.036       5.017       0.000   96.45%       0.000      0.000      0.000
            3517.000       0.034      23.173       1.000    3.55%       0.000      0.000
     BLACK                 0.031       5.386       0.000   96.87%       0.000      0.000      0.000
            3517.000       0.030      27.005       1.000    3.13%       0.000      0.000
     HISP                  0.027       5.869       0.000   97.33%       0.000      0.000      0.000
            3517.000       0.026      32.442       1.000    2.67%       0.000      0.000
     RACEOTH               0.072       3.313       0.000   92.81%       0.000      0.000      0.000
            3517.000       0.067       8.979       1.000    7.19%       0.000      0.000
     DEGPROF               0.100       2.666       0.000   90.00%       0.000      0.000      0.000
            3589.000       0.090       5.108       1.000   10.00%       0.000      0.000
     DEGMAST               0.519      -0.076       0.000   48.09%       0.000      0.000      1.000
            3589.000       0.250      -1.994       1.000   51.91%       1.000      1.000
     DEGBAL                0.079       3.111       0.000   92.06%       0.000      0.000      0.000
            3589.000       0.073       7.679       1.000    7.94%       0.000      0.000
     TIMEEMP               0.000       1.813      -8.675    2.05%      -6.675     -4.675     -2.675
            3368.000      74.160       4.938      82.325    0.03%      -0.675      5.325
     PRIRE                 0.023       6.390       0.000   97.72%       0.000      0.000      0.000
            3592.000       0.022      38.828       1.000    2.28%       0.000      0.000
     PRIADOTH              0.107       2.540       0.000   89.28%       0.000      0.000      0.000
            3592.000       0.096       4.450       1.000   10.72%       0.000      0.000
     NCHILD                1.577       0.523       0.000   31.47%       0.000      1.000      2.000
            3483.000       1.878      -0.091       8.000    0.11%       2.000      3.000
     TIMEEMP2             74.160      14.747       0.106    4.31%       5.405     21.857     32.208
            3368.000   38158.965     424.913    6777.376    0.03%      44.558     58.908
     AGE2                146.614       1.929       0.003    2.54%      15.592     63.182     98.977
            3470.000   25945.040       6.741    1604.106    0.06%     122.131    257.644


THE MODEL ESTIMATION TERMINATED NORMALLY

     USE THE FBITERATIONS OPTION TO INCREASE THE NUMBER OF ITERATIONS BY A FACTOR
     OF AT LEAST TWO TO CHECK CONVERGENCE AND THAT THE PSR VALUE DOES NOT INCREASE.



MODEL FIT INFORMATION

Number of Free Parameters                              90

Bayesian Posterior Predictive Checking using Chi-Square

          95% Confidence Interval for the Difference Between
          the Observed and the Replicated Chi-Square Values

                               7058.960          7360.038

          Posterior Predictive P-Value              0.000



MODEL RESULTS

                                Posterior  One-Tailed         95% C.I.
                    Estimate       S.D.      P-Value   Lower 2.5%  Upper 2.5%  Significance

Within Level

 TURNINTE   ON
    GAPAA             -0.159       0.069      0.011      -0.288      -0.021      *
    GAPCE              0.148       0.200      0.223      -0.245       0.550
    GAPEX             -0.174       0.087      0.024      -0.342      -0.002      *
    GAPFREE            0.295       0.074      0.000       0.152       0.440      *
    PRIRE              0.061       0.158      0.344      -0.251       0.357
    PRIADOTH           0.138       0.076      0.038      -0.012       0.291
    DEGPROF           -0.022       0.081      0.390      -0.173       0.136
    DEGMAST           -0.080       0.054      0.062      -0.192       0.021
    DEGBAL            -0.105       0.089      0.112      -0.288       0.064
    TIMEEMP            0.011       0.005      0.009       0.002       0.019      *
    TIMEEMP2           0.000       0.000      0.115      -0.001       0.000
    ENGLISH            0.429       0.084      0.000       0.267       0.601      *
    AGE               -0.004       0.002      0.052      -0.008       0.001
    AGE2              -0.001       0.000      0.000      -0.001       0.000      *
    ASIAN             -0.204       0.131      0.049      -0.485       0.033
    BLACK             -0.271       0.136      0.023      -0.532      -0.004      *
    HISP              -0.096       0.152      0.271      -0.394       0.188
    RACEOTH            0.029       0.089      0.358      -0.140       0.208
    NCHILD            -0.062       0.018      0.001      -0.096      -0.029      *

 Variances
    ENGLISH            0.083       0.002      0.000       0.079       0.087      *
    AGE              138.963       3.444      0.000     132.475     146.003      *
    GAPAA              0.148       0.004      0.000       0.141       0.156      *
    GAPCE              0.013       0.000      0.000       0.013       0.014      *
    GAPEX              0.086       0.002      0.000       0.082       0.090      *
    GAPFREE            0.127       0.003      0.000       0.121       0.134      *
    ASIAN              0.033       0.001      0.000       0.032       0.035      *
    BLACK              0.028       0.001      0.000       0.027       0.030      *
    HISP               0.025       0.001      0.000       0.024       0.026      *
    RACEOTH            0.066       0.002      0.000       0.063       0.069      *
    DEGPROF            0.087       0.002      0.000       0.083       0.091      *
    DEGMAST            0.232       0.005      0.000       0.222       0.243      *
    DEGBAL             0.070       0.002      0.000       0.067       0.074      *
    TIMEEMP           68.185       1.770      0.000      64.871      71.709      *
    PRIRE              0.020       0.000      0.000       0.019       0.021      *
    PRIADOTH           0.087       0.002      0.000       0.083       0.092      *
    NCHILD             1.761       0.041      0.000       1.682       1.842      *
    TIMEEMP2       37918.602     951.149      0.000   35987.039   39881.676      *
    AGE2           25863.436     627.026      0.000   24626.234   27110.271      *

Between Level

 TURNINTE   ON
    PUBLIC             0.129       0.058      0.015       0.013       0.245      *
    WESTOTH            0.101       0.074      0.058      -0.025       0.260
    MIDWEST            0.083       0.065      0.103      -0.052       0.201
    SOUTH              0.056       0.105      0.291      -0.155       0.264

 Means
    PUBLIC             0.365       0.025      0.000       0.315       0.412      *
    WESTOTH            0.228       0.023      0.000       0.180       0.268      *
    MIDWEST            0.320       0.025      0.000       0.272       0.369      *
    SOUTH              0.144       0.019      0.000       0.109       0.181      *
    ENGLISH            0.911       0.007      0.000       0.898       0.926      *
    AGE                0.261       0.295      0.176      -0.291       0.870
    GAPAA              0.185       0.011      0.000       0.162       0.205      *
    GAPCE              0.015       0.003      0.000       0.009       0.021      *
    GAPEX              0.078       0.008      0.000       0.062       0.093      *
    GAPFREE            0.141       0.009      0.000       0.124       0.160      *
    ASIAN              0.032       0.004      0.000       0.024       0.040      *
    BLACK              0.028       0.005      0.000       0.018       0.038      *
    HISP               0.024       0.004      0.000       0.017       0.031      *
    RACEOTH            0.068       0.005      0.000       0.058       0.079      *
    DEGPROF            0.094       0.007      0.000       0.081       0.108      *
    DEGMAST            0.509       0.013      0.000       0.480       0.531      *
    DEGBAL             0.080       0.006      0.000       0.068       0.093      *
    TIMEEMP            0.734       0.267      0.002       0.229       1.272      *
    PRIRE              0.019       0.004      0.000       0.012       0.027      *
    PRIADOTH           0.115       0.008      0.000       0.100       0.132      *
    NCHILD             1.564       0.032      0.000       1.503       1.627      *
    TIMEEMP2          75.277       2.816      0.000      70.344      81.288      *
    AGE2             146.094       2.136      0.000     142.759     151.151      *

 Thresholds
    TURNINTE$1         0.203       0.046      0.000       0.099       0.276      *

 Variances
    PUBLIC             0.234       0.017      0.000       0.203       0.271      *
    WESTOTH            0.177       0.013      0.000       0.154       0.206      *
    MIDWEST            0.220       0.016      0.000       0.191       0.253      *
    SOUTH              0.123       0.010      0.000       0.107       0.146      *
    ENGLISH            0.005       0.001      0.000       0.003       0.007      *
    AGE                8.480       2.036      0.000       5.176      13.157      *
    GAPAA              0.016       0.003      0.000       0.011       0.022      *
    GAPCE              0.001       0.000      0.000       0.001       0.001      *
    GAPEX              0.004       0.001      0.000       0.003       0.007      *
    GAPFREE            0.010       0.002      0.000       0.007       0.014      *
    ASIAN              0.001       0.000      0.000       0.001       0.002      *
    BLACK              0.003       0.001      0.000       0.002       0.004      *
    HISP               0.001       0.000      0.000       0.001       0.002      *
    RACEOTH            0.001       0.000      0.000       0.001       0.002      *
    DEGPROF            0.003       0.001      0.000       0.002       0.005      *
    DEGMAST            0.019       0.004      0.000       0.013       0.028      *
    DEGBAL             0.003       0.001      0.000       0.001       0.005      *
    TIMEEMP            8.200       1.869      0.000       5.329      12.976      *
    PRIRE              0.002       0.000      0.000       0.001       0.002      *
    PRIADOTH           0.010       0.002      0.000       0.007       0.014      *
    NCHILD             0.110       0.024      0.000       0.072       0.165      *
    TIMEEMP2         283.320     191.366      0.000      74.334     773.110      *
    AGE2              64.457      60.584      0.000      21.959     251.210      *

 Residual Variances
    TURNINTE           0.040       0.016      0.000       0.020       0.081      *


     Beginning Time:  10:07:51
        Ending Time:  10:08:05
       Elapsed Time:  00:00:14



MUTHEN & MUTHEN
3463 Stoner Ave.
Los Angeles, CA  90066

Tel: (310) 391-9971
Fax: (310) 391-8971
Web: www.StatModel.com
Support: Support@StatModel.com

Copyright (c) 1998-2017 Muthen & Muthen
