Mplus VERSION 8 (Mac)
MUTHEN & MUTHEN
01/04/2018  12:26 PM

INPUT INSTRUCTIONS

  TITLE:		Title
  DATA:		FILE = /Users/chadgevans/Documents/Research/Projects/Data/HERI/Cache/mp_test.txt;
  VARIABLE:		NAMES = TURNINTE ACE SATIS01 SATIS02 SATIS03 SATIS04 SATIS05
  		SATIS06 SATIS07 SATIS08 SATIS09 SATIS10 SATIS11 SATIS12
  		SATIS13 SATIS14 SATIS15 SATIS16 SATIS17 SATIS18 SATIS20
  		Female English Age Public Product GAPFree GAPCE GAPAA
  		GAPFT DEGProf DEGMast DEGBAL BIGHP BIGSA BIGSP TIMEEMP
  		nChild TIMEEMP2 Age2;
  		USEVARIABLES = TURNINTE ACE
  		Female English Age Public Product GAPFree GAPCE GAPAA
  		GAPFT DEGProf DEGMast DEGBAL BIGHP BIGSA BIGSP TIMEEMP
  		nChild TIMEEMP2 Age2;
  		CATEGORICAL = TURNINTE;
  		MISSING = *;
  		CLUSTER = ACE;
  		BETWEEN = Public
  ANALYSIS: 		Type = TWOLEVEL;
  		ESTIMATOR=BAYES;
  		PROCESSORS=2;
  		FBITER=1000
  MODEL:		%WITHIN%
  		TURNINTE ON GAPFree GAPCE GAPAA GAPFT
      		Age Age2 Female nChild English DEGProf DEGMast DEGBAL
      		Product TIMEEMP TIMEEMP2 BIGHP BIGSA BIGSP;
      		GAPFree GAPCE GAPAA GAPFT
      		Age Age2 Female nChild English DEGProf DEGMast DEGBAL
      		Product TIMEEMP TIMEEMP2 BIGHP BIGSA BIGSP;
  		%BETWEEN%
  		TURNINTE ON Public;
  		Public;



*** WARNING
  One or more individual-level variables have no variation within a
  cluster for the following clusters.

     Variable   Cluster IDs with no within-cluster variation

      TURNINTE    2792 1286 536 2087 2947 858 383 646 5361 5365 424 5753 686 5864 461 1173 706
                  774 1818 2439 109 1204 7031 7051 7056 2645 1211 8326 8424 1209 1023 1573 2247
                  1281 2277 218 1329 2022 8330 2447 362 2432 685 2028 5028 2648 463 2297 5814
                  2993 6332
      FEMALE      2786 2792 1286 2113 383 5121 646 5365 5398 2233 424 1094 5753 2319 109 1204
                  7031 7051 2645 1211 2678 8326 8356 8424 2212 2825 218 2022 642 8330 2447 781
      ENGLISH     2786 219 1286 536 2087 2947 2969 858 383 5121 646 5361 5365 2233 1094 5622 5753
                  5773 686 5864 461 2319 1173 706 1735 6139 774 1818 2439 109 1952 7031 7051 7056
                  2645 1211 2678 8356 8424 1274 657 5536 462 1209 1023 1573 1675 2212 55 2247
                  2825 1281 2263 2283 1809 218 4841 28 1329 5194 2022 7275 5212 642 170 855 178
                  9106 362 2335 1846 2829 2432 1667 685 7028 2954 5569 929 5589 2978 2028 1085
                  5028 89 6038 2236 2027 2648 2265 463 2685 1745 1929 2297 1777 2564 1676 5277
                  2269 2274 2232 4849 2238 2241 1506 5167 1084 2679 700 2696 781 2857 2993 2272
                  1939 620 853 2784 1491 2253 2285 2193 525 2237 5759 597 274 1882 1355 518 815
                  1589 2659 2735 2934 6138 763 2026 783 655 6677 1808 2631 5414 5700
      AGE         5834 2113 706
      PRODUCT     536 858 5121 646 1818 109 1952 7031 1211 8326 8424 4841 5212 855 5028
      GAPFREE     2792 219 536 2087 2947 2969 2113 383 5121 1013 646 5361 5398 2233 424 1094 5622
                  5753 5773 686 5864 461 2319 1173 706 774 1818 2439 109 1204 1952 7051 2678 8326
                  8356 657 462 1209 1023 1573 1675 2212 55 319 2247 2825 1281 2263 2277 2283 1809
                  218 4841 1096 28 5194 2022 7275 5212 642 170 8330 855 178 9106 2447 362 2335
                  2829 6345 2432 2267 1667 685 7028 2954 5569 929 5589 2978 2028 1085 833 89 6038
                  2236 2023 2027 2648 2265 463 2685 1111 7306 1745 1929 2297 821 2564 1676 5814
                  2269 2274 2232 1338 476 4849 2241 1506 2591 379 7560 1729 2679 700 2696 2844
                  414 2336 2857 2993 1939 1826 620 853 2784 6332 1491 2253 2734 525 2237 5759
                  1344 7256 1269 1882 1622 2163 959 268 815 2868 6213 4889 2735 1823 2934 763
                  2026 2144 1295 1499 783 655 1456 895 2302 141 1987 267 5330 1086 1947 1946 2347
                  2079 1184 8206
      GAPCE       2786 2792 219 1286 536 2087 2947 2113 858 383 5121 1013 646 5361 5398 2233 424
                  1094 5622 5753 5773 686 5864 461 2319 1173 706 1735 6139 774 1818 2439 109 1204
                  1952 7031 7051 2645 1211 2678 8326 8356 8424 1274 657 5536 1209 1023 1675 2212
                  319 2247 2825 1281 2263 2277 2283 1809 218 4841 1096 28 1329 2022 7275 5212
                  642 855 178 9106 2447 362 2335 1846 2829 6345 2267 1667 685 5535 7028 2954 5569
                  929 5589 2028 833 5028 89 6038 2236 2027 2648 2265 1111 7306 1745 1929 2297
                  821 1676 5814 752 5277 2269 2274 2232 1338 476 4849 2238 2241 1506 2591 5167
                  379 1084 157 7560 1891 1729 2679 700 2696 2732 414 2336 2857 2993 2272 1826
                  1077 1991 620 853 703 2784 1245 2080 6332 1491 2253 1327 2285 2193 2734 525
                  2237 5759 1344 7256 274 1269 1882 9104 1622 959 268 230 518 1213 2868 6213 2735
                  1823 2934 207 6138 763 2026 2215 2144 1499 783 655 1456 5795 895 6677 1082 1808
                  1325 2302 753 141 1987 4899 5330 2866 1152 1947 654 172 1946 2347 2079 416 2415
                  1184 1842 2726
      GAPAA       2792 219 1286 536 2087 2947 2969 2113 858 383 1013 646 5365 5398 2233 424 1094
                  5622 5753 5773 686 5864 461 1173 706 1735 1818 2439 109 1952 7031 7051 2678
                  8326 8356 657 462 1023 1675 2212 319 2825 2263 2277 2283 1809 218 4841 1096
                  1329 5194 2022 642 855 178 9106 2447 362 2335 1846 2829 2267 685 2954 5569 929
                  5589 2978 1085 833 89 2236 2027 2648 463 1929 2297 821 2564 5814 2269 2274 476
                  4849 2241 2591 379 7560 1891 1729 700 2844 781 414 2336 2857 2031 1939 703 2784
                  6332 2253 5759 7256 1269 2163 959 2868 6213 2735 1823 1499 783 2302 1987 267
                  1946 2347 2079 1184
      GAPFT       2786 2792 219 536 2087 2947 2113 383 1013 646 5365 5398 2233 424 1094 5753 5773
                  5864 461 2319 1173 706 1735 6139 1818 2439 109 1952 7031 7051 2645 1211 2678
                  8326 8356 8424 1274 657 1023 1675 2212 55 2825 2263 2277 2283 1809 218 4841
                  1096 2022 642 8330 855 178 9106 2447 362 2335 2829 2267 685 5535 5569 929 5589
                  2028 833 5028 89 6038 2236 2023 2027 2648 1929 2297 821 5814 2269 2274 476 4849
                  2241 2591 379 7560 1729 700 2696 414 2336 2857 2195 2784 6332 2253 5759 7256
                  1269 959 2868 6213 4889 2735 1823 1499 783 1987 654 1946 2347 2079 2101 1184
      DEGPROF     2786 2792 219 1286 2087 2947 2969 2113 383 5121 1013 5361 5365 424 1094 5622
                  5753 5773 686 5864 461 2319 1173 706 1735 774 1818 109 1204 1952 7031 7051 7056
                  2645 1211 2678 8326 8356 8424 5536 462 1209 1023 1573 1675 2212 2247 2825 2263
                  2277 2283 1809 218 4841 1096 28 1329 2022 7275 642 170 855 178 2447 2335 1846
                  2829 6345 2432 2267 1667 5535 7028 2954 5569 929 2978 2028 833 5028 89 2236
                  1556 2023 2027 2265 2685 1111 7306 1745 1929 821 1777 2564 2075 2232 2238 2241
                  5167 1084 1891 1729 2696 2844 781 2336 2031 2272 1939 1826 620 703 1245 2080
                  6332 1327 2285 2193 2734 2237 5759 1344 597 1269 1622 2163 268 1355 230 815
                  1213 2659 2735 207 6138 763 2026 5795 2631 753 5562 1947 1946 2347 2079 211
      DEGMAST     2792 219 1286 2113 5121 5361 5365 5398 424 1094 5622 5773 686 461 2319 706 1735
                  1818 109 1952 7051 2645 1211 2678 8326 8356 1274 657 462 1675 2212 55 2247 2283
                  2022 7275 170 178 2267 7028 2028 1085 833 2236 463 2564 2269 2232 2696 703
      DEGBAL      2786 2792 219 1286 536 2087 2947 2969 2113 858 383 5121 1013 646 5365 2233 424
                  1094 5773 686 5864 461 2319 1173 706 6139 774 1818 109 1204 1952 7051 7056 2678
                  8326 8356 1274 657 5536 462 1209 1573 1675 2212 55 319 2247 1281 2263 2277 2283
                  1809 218 4841 1096 28 1329 7275 642 170 855 178 2447 362 2335 1846 2432 2267
                  685 2954 5569 929 2028 1085 833 89 6038 2236 1556 2648 2265 463 2685 1111 7306
                  1929 2297 821 1777 1676 5814 5277 2075 2269 2232 1338 476 4849 2238 2241 1506
                  2591 379 1084 157 7560 2679 2696 2844 414 2336 2857 1939 1077 620 2195 703 2784
                  6332 1327 2193 525 2237 5759 1882 1622 6157 1589 2868 6213 2659 4889 2211 207
                  6138 1873 1295 5795 1082 1987 227 1339 1152 1947
      BIGHP       2786 2792 219 1286 536 2087 2947 2969 2113 858 383 5121 646 5361 5365 5398 2233
                  424 1094 5622 5753 686 5864 461 706 1735 6139 774 1818 109 1204 1952 7031 7051
                  7056 2645 1211 2678 8326 8424 1274 657 5536 462 1209 1023 1573 1675 2212 55
                  319 2247 2825 1281 2263 2277 2283 1809 218 4841 1096 28 5194 2022 7275 5212
                  642 170 8330 178 9106 2447 362 2335 1846 2829 6345 2432 2267 1667 685 5535 7028
                  2954 5569 5589 2978 2028 833 5028 89 6038 2023 2027 2265 2685 7306 1745 2297
                  821 1777 2564 1676 5814 5277 2075 2269 2274 2232 476 4849 2238 1506 2591 5167
                  379 1084 157 1891 1729 2679 700 2696 2732 781 414 2031 1077 1991 620 2195 853
                  2784 1491 2253 2285 2193 2734 525 2237 5759 1344 7256 1882 1622 2163 6157 959
                  268 1355 230 518 815 2868 2659 4889 2735 2211 1823 2026 2144 7307 1499 655 1082
                  1808 1325 2631 4899 2266 267 2306 227 5562 1086 1820 2866 1152 1662 654 172
                  1946 416 6077 2415 2410 599 5700 1842 2945 211 2726 2251
      BIGSA       2786 2792 219 536 2087 2113 383 5121 646 5361 5398 2233 424 1094 5622 5773 5864
                  461 2319 706 1735 6139 1818 2439 1204 1952 7051 7056 2645 1211 8356 8424 1274
                  5536 462 1023 1675 319 2247 2263 1809 218 4841 1329 5194 2022 170 8330 855 362
                  2829 6345 2267 7028 5569 2028 833 5028 89 2236 1556 2023 2648 2265 1111 7306
                  1745 2564 1676 752 2075 1338 476 4849 2238 1084 157 1891 2844 2732 2336 2993
                  2272 1939 1826 6332 2237 9104 6157 2735 207 1873 2215 2144 1295 2306
      BIGSP       2786 2792 219 536 2947 2969 383 5121 1013 646 5398 2233 424 1094 5622 5753 461
                  2319 1173 706 1735 774 1818 109 1204 1952 7031 7051 8326 8356 657 2212 319 2825
                  2283 1329 2022 5212 642 8330 685 5535 7028 2954 929 5814 2274 4849 2857 2031
                  655
      TIMEEMP     2064 2324 5534 5571 2087 2113 2247 1329
      NCHILD      776 1188 6076 219 2947 2113 5121 5365 2233 1094 5864 461 706 1952 2645 1274
                  657 2263 2283 1096
      TIMEEMP2    2064 2324 5534 5571 2087 2113 2247 1329
      AGE2        5834 2113 706

   1 WARNING(S) FOUND IN THE INPUT INSTRUCTIONS



Title

SUMMARY OF ANALYSIS

Number of groups                                                 1
Number of observations                                        3592

Number of dependent variables                                    1
Number of independent variables                                 19
Number of continuous latent variables                            0

Observed dependent variables

  Binary and ordered categorical (ordinal)
   TURNINTE

Observed independent variables
   FEMALE      ENGLISH     AGE         PUBLIC      PRODUCT     GAPFREE
   GAPCE       GAPAA       GAPFT       DEGPROF     DEGMAST     DEGBAL
   BIGHP       BIGSA       BIGSP       TIMEEMP     NCHILD      TIMEEMP2
   AGE2

Variables with special functions

  Cluster variable      ACE

  Between variables
   PUBLIC


Estimator                                                    BAYES
Specifications for Bayesian Estimation
  Point estimate                                            MEDIAN
  Number of Markov chain Monte Carlo (MCMC) chains               2
  Random seed for the first chain                                0
  Starting value information                           UNPERTURBED
  Treatment of categorical mediator                         LATENT
  Algorithm used for Markov chain Monte Carlo           GIBBS(PX1)
  Fixed number of iterations                                  1000
  K-th iteration used for thinning                               1
Link                                                        PROBIT

Input data file(s)
  /Users/chadgevans/Documents/Research/Projects/Data/HERI/Cache/mp_test.txt
Input data format  FREE


SUMMARY OF DATA

     Number of clusters                        363

       Size (s)    Cluster ID with Size s

          1        8 19 27 199 246 257 266 325 464 519 634 653 689 776
                   787 834 947 1054 1078 1142 1156 1187 1188 1189 1276
                   1322 1328 1335 1354 1362 1479 1486 1487 1496 1513 1705
                   1755 1831 1931 2061 2063 2064 2066 2072 2147 2192 2201
                   2213 2262 2289 2308 2317 2324 2329 2333 2334 2341 2554
                   2594 2608 2657 2764 2796 2858 2931 2942 4831 4867 5052
                   5199 5297 5456 5534 5571 5834 5888 6067 6076 6094 6098
                   6232 6532 6615 6617 6649 6679 7241 7408 8314 9107
          2        2786 2792 219 1286 536 2087 2947 2969 2113 858 383 5121
                   1013 646 5361 5365 5398 2233 424 1094 5622 5753 5773
                   686 5864 461 2319 1173 706 1735 6139 774 1818 2439 109
                   1204 1952 7031 7051 7056 2645 1211 2678 8326 8356 8424
                   1274
          3        657 5536 462 1209 1023 1573 1675 2212 55 319 2247 2825
                   1281 2263 2277 2283 1809 218 4841 1096 28 1329 5194
                   2022 7275 5212 642 170 8330 855 178 9106 2447
          4        362 2335 1846 2829 6345 2432 2267 1667 685 5535 7028
                   2954 5569 929 5589 2978 2028 1085 833 5028 89 6038 2236
                   1556
          5        2023 2027 2648 2265 463 2685 1111 7306 1745 1929 2297
                   821 1777 2564 1676 5814
          6        752 5277 2075 2269 2274 2232 1338 476 4849 2238 2241
                   1506 2591 5167 379 1084
          7        157 7560 1891 1729 2679 700 2696 2844 2732
          8        781 414 2336 2857 2993 2031 2272 1939
          9        1826 1077 1991 620 2195 853 703 2784 1245 2080 6332
         10        1491 2253 1327 2285 2193 2734 525 2237 5759 1344 597
         11        7256 274 1269 1882 9104 1622 2163
         12        6157 959 268 1355 230 518 815 1589 1213
         13        2868 6213 2659 4889 2735 2211 1823
         14        2934 207 6138 763 1873 2026 2215 2144
         15        5053 7307 1295 1499 783 655
         16        1456 5795 895
         18        6677 1082 1808
         19        1325 2302 2631 841
         20        753
         21        141 1987 4899
         22        2266 267 562 2306 5330 227 5562
         23        1339 2494
         24        1086 1820
         25        2343
         26        2866 1152 1947
         27        5414
         28        1662 654 172 1946
         29        2347 584 322
         30        2079
         32        416 6077
         33        2415 2410
         35        599 5700
         40        2101
         41        1584
         42        1184
         44        6079
         45        6378
         53        1842 236
         62        1205
         63        168
         65        2945
         66        8206
         68        238
         73        211
         79        2726
         80        2173
        128        2251
        153        1488



COVARIANCE COVERAGE OF DATA

Minimum covariance coverage value   0.100

     Number of missing data patterns            53


     PROPORTION OF DATA PRESENT


           Covariance Coverage
              TURNINTE      PUBLIC        FEMALE        ENGLISH       AGE
              ________      ________      ________      ________      ________
 TURNINTE       0.994
 PUBLIC         0.984         0.989
 FEMALE         0.986         0.980         0.990
 ENGLISH        0.989         0.982         0.989         0.993
 AGE            0.963         0.956         0.964         0.965         0.966
 PRODUCT        0.994         0.989         0.990         0.992         0.966
 GAPFREE        0.989         0.982         0.984         0.987         0.961
 GAPCE          0.989         0.982         0.984         0.987         0.961
 GAPAA          0.989         0.982         0.984         0.987         0.961
 GAPFT          0.989         0.982         0.984         0.987         0.961
 DEGPROF        0.993         0.989         0.990         0.992         0.965
 DEGMAST        0.993         0.989         0.990         0.992         0.965
 DEGBAL         0.993         0.989         0.990         0.992         0.965
 BIGHP          0.984         0.979         0.984         0.986         0.963
 BIGSA          0.984         0.979         0.984         0.986         0.963
 BIGSP          0.984         0.979         0.984         0.986         0.963
 TIMEEMP        0.934         0.928         0.935         0.936         0.925
 NCHILD         0.966         0.959         0.967         0.968         0.947
 TIMEEMP2       0.934         0.928         0.935         0.936         0.925
 AGE2           0.963         0.956         0.964         0.965         0.966


           Covariance Coverage
              PRODUCT       GAPFREE       GAPCE         GAPAA         GAPFT
              ________      ________      ________      ________      ________
 PRODUCT        0.999
 GAPFREE        0.992         0.993
 GAPCE          0.992         0.993         0.993
 GAPAA          0.992         0.993         0.993         0.993
 GAPFT          0.992         0.993         0.993         0.993         0.993
 DEGPROF        0.998         0.992         0.992         0.992         0.992
 DEGMAST        0.998         0.992         0.992         0.992         0.992
 DEGBAL         0.998         0.992         0.992         0.992         0.992
 BIGHP          0.989         0.983         0.983         0.983         0.983
 BIGSA          0.989         0.983         0.983         0.983         0.983
 BIGSP          0.989         0.983         0.983         0.983         0.983
 TIMEEMP        0.937         0.932         0.932         0.932         0.932
 NCHILD         0.969         0.965         0.965         0.965         0.965
 TIMEEMP2       0.937         0.932         0.932         0.932         0.932
 AGE2           0.966         0.961         0.961         0.961         0.961


           Covariance Coverage
              DEGPROF       DEGMAST       DEGBAL        BIGHP         BIGSA
              ________      ________      ________      ________      ________
 DEGPROF        0.999
 DEGMAST        0.999         0.999
 DEGBAL         0.999         0.999         0.999
 BIGHP          0.989         0.989         0.989         0.989
 BIGSA          0.989         0.989         0.989         0.989         0.989
 BIGSP          0.989         0.989         0.989         0.989         0.989
 TIMEEMP        0.937         0.937         0.937         0.934         0.934
 NCHILD         0.969         0.969         0.969         0.964         0.964
 TIMEEMP2       0.937         0.937         0.937         0.934         0.934
 AGE2           0.965         0.965         0.965         0.963         0.963


           Covariance Coverage
              BIGSP         TIMEEMP       NCHILD        TIMEEMP2      AGE2
              ________      ________      ________      ________      ________
 BIGSP          0.989
 TIMEEMP        0.934         0.938
 NCHILD         0.964         0.916         0.970
 TIMEEMP2       0.934         0.938         0.916         0.938
 AGE2           0.963         0.925         0.947         0.925         0.966


UNIVARIATE PROPORTIONS AND COUNTS FOR CATEGORICAL VARIABLES

    TURNINTE
      Category 1    0.429         1533.000
      Category 2    0.571         2038.000



UNIVARIATE SAMPLE STATISTICS


     UNIVARIATE HIGHER-ORDER MOMENT DESCRIPTIVE STATISTICS

         Variable/         Mean/     Skewness/   Minimum/ % with                Percentiles
        Sample Size      Variance    Kurtosis    Maximum  Min/Max      20%/60%    40%/80%    Median

     PUBLIC                0.365       0.561       0.000   63.51%       0.000      0.000      0.000
             359.000       0.232      -1.685       1.000   36.49%       0.000      1.000
     FEMALE                0.546      -0.184       0.000   45.43%       0.000      0.000      1.000
            3557.000       0.248      -1.966       1.000   54.57%       1.000      1.000
     ENGLISH               0.903      -2.718       0.000    9.73%       1.000      1.000      1.000
            3567.000       0.088       5.387       1.000   90.27%       1.000      1.000
     AGE                   0.000      -0.084     -26.949    0.06%     -11.949     -2.949      1.051
            3470.000     146.614      -0.793      40.051    0.06%       5.051     11.051
     PRODUCT              44.360       1.019      38.110   44.00%      38.110     38.110     43.390
            3589.000      48.798       0.631      79.970    0.03%      46.180     50.420
     GAPFREE               0.078       3.156       0.000   92.23%       0.000      0.000      0.000
            3566.000       0.072       7.958       1.000    7.77%       0.000      0.000
     GAPCE                 0.033       5.245       0.000   96.72%       0.000      0.000      0.000
            3566.000       0.032      25.513       1.000    3.28%       0.000      0.000
     GAPAA                 0.285       0.950       0.000   71.45%       0.000      0.000      0.000
            3566.000       0.204      -1.098       1.000   28.55%       0.000      1.000
     GAPFT                 0.512      -0.047       0.000   48.82%       0.000      0.000      1.000
            3566.000       0.250      -1.998       1.000   51.18%       1.000      1.000
     DEGPROF               0.100       2.666       0.000   90.00%       0.000      0.000      0.000
            3589.000       0.090       5.108       1.000   10.00%       0.000      0.000
     DEGMAST               0.519      -0.076       0.000   48.09%       0.000      0.000      1.000
            3589.000       0.250      -1.994       1.000   51.91%       1.000      1.000
     DEGBAL                0.079       3.111       0.000   92.06%       0.000      0.000      0.000
            3589.000       0.073       7.679       1.000    7.94%       0.000      0.000
     BIGHP                 0.033       5.235       0.000   96.71%       0.000      0.000      0.000
            3553.000       0.032      25.402       1.000    3.29%       0.000      0.000
     BIGSA                 0.186       1.611       0.000   81.37%       0.000      0.000      0.000
            3553.000       0.152       0.596       1.000   18.63%       0.000      0.000
     BIGSP                 0.364       0.566       0.000   63.61%       0.000      0.000      0.000
            3553.000       0.231      -1.680       1.000   36.39%       0.000      1.000
     TIMEEMP               0.000       1.813      -8.675    2.05%      -6.675     -4.675     -2.675
            3368.000      74.160       4.938      82.325    0.03%      -0.675      5.325
     NCHILD                1.577       0.523       0.000   31.47%       0.000      1.000      2.000
            3483.000       1.878      -0.091       8.000    0.11%       2.000      3.000
     TIMEEMP2             74.160      14.747       0.106    4.31%       5.405     21.857     32.208
            3368.000   38158.965     424.913    6777.376    0.03%      44.558     58.908
     AGE2                146.614       1.929       0.003    2.54%      15.592     63.182     98.977
            3470.000   25945.040       6.741    1604.106    0.06%     122.131    257.644


THE MODEL ESTIMATION TERMINATED NORMALLY

     USE THE FBITERATIONS OPTION TO INCREASE THE NUMBER OF ITERATIONS BY A FACTOR
     OF AT LEAST TWO TO CHECK CONVERGENCE AND THAT THE PSR VALUE DOES NOT INCREASE.



MODEL FIT INFORMATION

Number of Free Parameters                              77

Bayesian Posterior Predictive Checking using Chi-Square

          95% Confidence Interval for the Difference Between
          the Observed and the Replicated Chi-Square Values

                               9603.045         10006.868

          Posterior Predictive P-Value              0.000



MODEL RESULTS

                                Posterior  One-Tailed         95% C.I.
                    Estimate       S.D.      P-Value   Lower 2.5%  Upper 2.5%  Significance

Within Level

 TURNINTE   ON
    GAPFREE           -0.026       0.113      0.417      -0.251       0.179
    GAPCE              0.424       0.150      0.006       0.136       0.715      *
    GAPAA              0.329       0.084      0.000       0.155       0.488      *
    GAPFT              0.247       0.092      0.003       0.059       0.415      *
    AGE               -0.011       0.002      0.000      -0.015      -0.006      *
    AGE2              -0.001       0.000      0.000      -0.001       0.000      *
    FEMALE             0.055       0.047      0.104      -0.033       0.148
    NCHILD            -0.087       0.017      0.000      -0.121      -0.054      *
    ENGLISH            0.466       0.079      0.000       0.315       0.625      *
    DEGPROF           -0.044       0.085      0.319      -0.206       0.129
    DEGMAST           -0.128       0.061      0.018      -0.244      -0.014      *
    DEGBAL            -0.213       0.094      0.011      -0.413      -0.040      *
    PRODUCT            0.017       0.004      0.000       0.010       0.024      *
    TIMEEMP            0.012       0.005      0.005       0.003       0.021      *
    TIMEEMP2           0.000       0.000      0.021      -0.001       0.000      *
    BIGHP             -0.144       0.132      0.134      -0.398       0.104
    BIGSA              0.104       0.067      0.073      -0.027       0.228
    BIGSP              0.195       0.055      0.000       0.091       0.310      *

 Variances
    FEMALE             0.247       0.006      0.000       0.235       0.258      *
    ENGLISH            0.084       0.002      0.000       0.080       0.088      *
    AGE              139.072       3.340      0.000     133.017     145.866      *
    PRODUCT           44.101       1.081      0.000      42.053      46.353      *
    GAPFREE            0.069       0.002      0.000       0.066       0.072      *
    GAPCE              0.031       0.001      0.000       0.030       0.033      *
    GAPAA              0.172       0.004      0.000       0.164       0.179      *
    GAPFT              0.148       0.004      0.000       0.141       0.156      *
    DEGPROF            0.087       0.002      0.000       0.083       0.091      *
    DEGMAST            0.232       0.006      0.000       0.221       0.244      *
    DEGBAL             0.070       0.002      0.000       0.067       0.074      *
    BIGHP              0.031       0.001      0.000       0.029       0.032      *
    BIGSA              0.146       0.004      0.000       0.140       0.154      *
    BIGSP              0.222       0.006      0.000       0.211       0.233      *
    TIMEEMP           68.076       1.743      0.000      64.720      71.648      *
    NCHILD             1.763       0.043      0.000       1.675       1.848      *
    TIMEEMP2       37958.324     953.264      0.000   36117.625   39857.020      *
    AGE2           25929.809     641.662      0.000   24745.117   27168.252      *

Between Level

 TURNINTE   ON
    PUBLIC             0.174       0.061      0.000       0.057       0.297      *

 Means
    PUBLIC             0.364       0.025      0.000       0.314       0.410      *
    FEMALE             0.552       0.009      0.000       0.535       0.568      *
    ENGLISH            0.911       0.007      0.000       0.899       0.924      *
    AGE                0.274       0.301      0.181      -0.355       0.843
    PRODUCT           44.603       0.198      0.000      44.220      44.988      *
    GAPFREE            0.072       0.006      0.000       0.060       0.084      *
    GAPCE              0.035       0.004      0.000       0.027       0.042      *
    GAPAA              0.226       0.014      0.000       0.199       0.251      *
    GAPFT              0.605       0.019      0.000       0.566       0.643      *
    DEGPROF            0.095       0.006      0.000       0.082       0.106      *
    DEGMAST            0.508       0.013      0.000       0.481       0.534      *
    DEGBAL             0.081       0.006      0.000       0.068       0.093      *
    BIGHP              0.039       0.005      0.000       0.030       0.049      *
    BIGSA              0.187       0.009      0.000       0.169       0.204      *
    BIGSP              0.365       0.013      0.000       0.341       0.389      *
    TIMEEMP            0.714       0.266      0.003       0.225       1.241      *
    NCHILD             1.565       0.034      0.000       1.498       1.630      *
    TIMEEMP2          76.168       3.621      0.000      69.156      84.019      *
    AGE2             147.113       2.606      0.000     141.463     151.703      *

 Thresholds
    TURNINTE$1        -0.150       0.038      0.000      -0.231      -0.077      *

 Variances
    PUBLIC             0.234       0.017      0.000       0.202       0.272      *
    FEMALE             0.002       0.001      0.000       0.001       0.004      *
    ENGLISH            0.004       0.001      0.000       0.003       0.007      *
    AGE                8.191       2.041      0.000       4.878      12.969      *
    PRODUCT            5.419       0.953      0.000       3.686       7.355      *
    GAPFREE            0.003       0.001      0.000       0.002       0.004      *
    GAPCE              0.001       0.000      0.000       0.001       0.002      *
    GAPAA              0.029       0.004      0.000       0.023       0.037      *
    GAPFT              0.097       0.010      0.000       0.078       0.119      *
    DEGPROF            0.003       0.001      0.000       0.002       0.005      *
    DEGMAST            0.019       0.004      0.000       0.012       0.029      *
    DEGBAL             0.003       0.001      0.000       0.002       0.005      *
    BIGHP              0.002       0.001      0.000       0.001       0.003      *
    BIGSA              0.006       0.002      0.000       0.003       0.010      *
    BIGSP              0.011       0.003      0.000       0.007       0.018      *
    TIMEEMP            8.296       1.851      0.000       5.483      12.784      *
    NCHILD             0.116       0.023      0.000       0.075       0.167      *
    TIMEEMP2         346.954     173.079      0.000     135.552     736.017      *
    AGE2              80.982      80.000      0.000      14.498     310.400      *

 Residual Variances
    TURNINTE           0.046       0.016      0.000       0.026       0.089      *


     Beginning Time:  12:26:27
        Ending Time:  12:26:42
       Elapsed Time:  00:00:15



MUTHEN & MUTHEN
3463 Stoner Ave.
Los Angeles, CA  90066

Tel: (310) 391-9971
Fax: (310) 391-8971
Web: www.StatModel.com
Support: Support@StatModel.com

Copyright (c) 1998-2017 Muthen & Muthen
