Mplus VERSION 8 (Mac)
MUTHEN & MUTHEN
11/06/2017   8:18 AM

INPUT INSTRUCTIONS

  TITLE:		Title
  DATA:		FILE = /Users/chadgevans/Research/Projects/Data/HERI/Cache/mp_test.txt;
  VARIABLE:		NAMES = TURNINTE ACE SATIS01 SATIS02 SATIS03 SATIS04 SATIS05
  		SATIS06 SATIS07 SATIS08 SATIS09 SATIS10 SATIS11 SATIS12
  		SATIS13 SATIS14 SATIS15 SATIS16 SATIS17 SATIS18 SATIS20
  		English Age Public WestOth Midwest South GAPAA GAPCE GAPEx
  		GAPFree Asian Black Hisp RACEOth DEGProf DEGMast DEGBAL
  		TIMEEMP PRIRe PRIAdOth nChild TIMEEMP2 Age2;
  		USEVARIABLES = TURNINTE ACE English Age Public
  		WestOth Midwest South GAPAA GAPCE GAPEx
  		GAPFree Asian Black Hisp RACEOth DEGProf DEGMast DEGBAL
  		TIMEEMP PRIRe PRIAdOth nChild TIMEEMP2 Age2 SATIS01 SATIS02
  		SATIS03 SATIS04 SATIS05 SATIS06 SATIS07 SATIS08 SATIS09
  		SATIS10 SATIS11 SATIS12 SATIS13 SATIS14 SATIS15 SATIS16
  		SATIS17 SATIS18 SATIS20;
  		CATEGORICAL = TURNINTE;
  		MISSING = *;
  		CLUSTER = ACE;
  		BETWEEN = Public WestOth Midwest South
  ANALYSIS: 		Type = TWOLEVEL;
  		ESTIMATOR=BAYES;
  		PROCESSORS=2;
  		FBITER=1000
  MODEL:		%WITHIN%
      		Work BY SATIS05 SATIS06 SATIS07 SATIS08
      		SATIS13 SATIS14 SATIS15 SATIS18;
      		Relations BY SATIS09 SATIS10 SATIS11;
      		Terms BY SATIS01 SATIS04 SATIS12 SATIS16 SATIS17;
      		Benefits BY SATIS02 SATIS03 SATIS20;
      		Work Relations Terms Benefits ON GAPAA GAPCE GAPEx GAPFree PRIRe PRIAdOth
  		DEGProf DEGMast DEGBAL TIMEEMP TIMEEMP2 English Age Age2
  		Asian Black Hisp RACEOth nChild;
  		TURNINTE ON GAPAA GAPCE GAPEx GAPFree PRIRe PRIAdOth
  		DEGProf DEGMast DEGBAL TIMEEMP TIMEEMP2 English Age Age2
  		Asian Black Hisp RACEOth nChild Work Relations Terms Benefits;
      		GAPAA GAPCE GAPEx GAPFree PRIRe PRIAdOth
  		DEGProf DEGMast DEGBAL TIMEEMP TIMEEMP2 English Age Age2
  		Asian Black Hisp RACEOth nChild SATIS01 SATIS02 SATIS03 SATIS04 SATIS05
  		SATIS06 SATIS07 SATIS08 SATIS09 SATIS10 SATIS11 SATIS12
  		SATIS13 SATIS14 SATIS15 SATIS16 SATIS17 SATIS18 SATIS20;
  		
  		%BETWEEN%
  		Work2 BY SATIS05 SATIS06 SATIS07 SATIS08
      		SATIS13 SATIS14 SATIS15 SATIS18;
      		Rel2 BY SATIS09 SATIS10 SATIS11;
      		Terms2 BY SATIS01 SATIS04 SATIS12 SATIS16 SATIS17;
      		Ben2 BY SATIS02 SATIS03 SATIS20;
      		Work2 Rel2 Terms2 Ben2 ON Public WestOth Midwest South;
  		TURNINTE ON Public WestOth Midwest South Work2 Rel2 Terms2 Ben2;
  		Public WestOth Midwest South;



*** WARNING
  One or more individual-level variables have no variation within a
  cluster for the following clusters.

     Variable   Cluster IDs with no within-cluster variation

      TURNINTE    2792 219 1286 2087 858 383 646 5365 1094 5753 686 5864 461 1173 706 774 1818
                  109 1204 7031 7051 7056 2645 1211 2678 8326 8424 1023 1573 2277 2283 218 2022
                  7275 6345 2432 5535 2028 833 5028 2297 1777 5814
      ENGLISH     2786 219 1286 536 2087 2947 2969 858 383 5121 646 5361 5365 2233 1094 5622 5753
                  5773 686 5864 461 2319 1173 706 1735 6139 774 1818 2439 109 1952 7031 7051 7056
                  2645 1211 2678 8356 8424 1274 657 5536 462 1209 1023 1573 1675 2212 55 2247
                  2825 1281 2263 2283 1809 218 4841 28 1329 5194 2022 7275 5212 642 170 855 178
                  9106 362 2335 1846 2829 2432 1667 685 7028 2954 5569 929 5589 2978 2028 1085
                  5028 89 6038 2236 2027 2648 2265 463 2685 1745 1929 2297 1777 2564 1676 5277
                  2269 2274 2232 4849 2238 2241 1506 5167 1084 2679 700 2696 781 2857 2993 2272
                  1939 620 853 2784 1491 2253 2285 2193 525 2237 5759 597 274 1882 1355 518 815
                  1589 2659 2735 2934 6138 763 2026 783 655 6677 1808 2631 5414 5700
      AGE         5834 2113 706
      GAPAA       2792 219 536 2087 2947 2113 383 5121 1013 646 5361 5365 5398 2233 424 1094 5753
                  5773 5864 461 1173 706 1735 774 1818 2439 109 1204 1952 7031 7051 2678 8326
                  8356 657 1209 1023 1675 2212 2247 2825 1281 2263 2277 2283 1809 218 4841 1096
                  28 2022 7275 5212 642 855 178 9106 2447 362 2335 2829 2267 685 7028 929 5589
                  833 89 2236 2027 2648 2265 1111 7306 1929 2297 821 1676 5814 2269 2274 2232
                  1338 476 4849 2241 2591 7560 1729 2679 700 414 2336 2857 2993 2784 6332 1491
                  2253 2734 525 2237 5759 7256 1269 1882 959 268 2868 6213 2735 1823 2934 763
                  1499 783 655 1456 895 141 1987 5330 1947 1946 2347 2079 1184
      GAPCE       2786 2792 219 1286 536 2087 2947 2969 2113 858 383 5121 1013 646 5361 5365 5398
                  2233 424 1094 5622 5753 5773 686 5864 461 2319 1173 706 1735 6139 774 1818 2439
                  109 1204 1952 7031 7051 7056 2645 1211 2678 8326 8356 8424 657 5536 462 1209
                  1023 1573 1675 2212 55 319 2247 2825 1281 2263 2277 2283 1809 218 4841 1096
                  28 1329 5194 2022 5212 642 170 8330 855 178 9106 2447 362 2335 1846 2829 6345
                  2432 2267 1667 685 5535 2954 5569 929 5589 2978 2028 1085 833 5028 89 2236 1556
                  2027 2648 2265 463 2685 1111 7306 1745 1929 2297 821 1777 2564 1676 5814 752
                  5277 2075 2269 2274 2232 1338 476 4849 2238 2241 1506 2591 5167 379 1084 157
                  7560 1891 1729 2679 700 2696 2844 2732 781 414 2336 2857 2993 2031 2272 1939
                  1826 1077 1991 620 2195 853 703 2784 1245 2080 6332 1491 2253 1327 2285 2193
                  2734 525 5759 597 7256 274 1269 1882 9104 1622 2163 6157 959 268 1355 518 815
                  1589 2868 6213 2659 2735 2211 1823 2934 207 6138 763 1873 2026 2215 5053 7307
                  1295 1499 783 655 1456 5795 895 6677 1082 2302 2631 841 753 141 1987 4899 267
                  2306 5330 227 5562 2494 1086 1820 2343 2866 1152 1947 5414 1662 654 172 1946
                  2347 322 2079 416 6077 2415 2410 1184 6079 6378 1205 2945 2726 2173
      GAPEX       2786 2792 219 1286 536 2087 2947 2969 2113 858 383 5121 1013 646 5361 5365 5398
                  2233 424 1094 5622 5753 5773 686 5864 461 2319 1173 706 1735 6139 774 1818 2439
                  109 1204 1952 7031 7051 7056 1211 2678 8326 8356 1274 657 5536 462 1209 1023
                  1573 1675 2212 55 319 2247 2825 1281 2263 2277 2283 1809 218 4841 1096 28 1329
                  5194 2022 7275 5212 642 170 855 178 2447 362 2335 1846 2829 6345 2267 1667 685
                  5535 2954 5569 929 5589 2978 1085 833 89 2236 1556 2027 2648 463 2685 1111 1929
                  2297 821 1777 2564 1676 5814 752 5277 2075 2269 2274 2232 476 4849 2241 1506
                  2591 379 7560 1891 1729 700 2844 2732 781 414 2336 2857 2993 2031 1939 1991
                  620 703 2784 1245 6332 2253 1327 2285 2193 525 2237 5759 1344 597 7256 1269
                  1882 1622 2163 959 230 815 1213 2868 6213 2735 2211 1823 2934 207 763 2026 7307
                  1295 1499 783 655 5795 2302 753 1987 267 5330 1339 2494 2866 1947 1946 2347
                  322 2079 1184
      GAPFREE     2792 219 1286 536 2087 2947 2969 2113 858 383 1013 646 5365 5398 2233 424 1094
                  5622 5753 5773 686 5864 461 1173 706 1735 1818 2439 109 1952 7031 7051 7056
                  2645 2678 8326 8356 8424 1274 657 462 1023 1675 2212 319 2825 2263 2277 2283
                  1809 218 4841 1096 1329 5194 2022 7275 642 855 178 2447 362 2335 1846 2829 2432
                  2267 685 2954 5569 929 5589 2978 1085 833 5028 89 6038 2236 2023 2027 2648 2265
                  463 1929 2297 821 2564 5814 2269 2274 1338 476 4849 2238 2241 2591 379 7560
                  1891 1729 2679 700 2844 781 414 2336 2857 2031 2272 1939 703 2784 6332 2253
                  2734 5759 7256 1269 2163 959 268 2868 6213 2659 2735 1823 1499 783 895 2302
                  141 1987 267 1946 2347 2079 1184
      ASIAN       27 2786 2792 219 1286 536 2087 2947 2969 2113 858 383 5121 1013 646 5361 5365
                  5398 2233 424 5622 5753 5773 686 5864 461 2319 706 1735 6139 774 1818 2439 109
                  1204 1952 7031 7051 7056 2645 1211 2678 8326 8356 8424 1274 657 5536 462 1209
                  1023 1573 1675 2212 55 2825 1281 2263 2277 2283 1809 218 4841 1096 28 5194 2022
                  7275 5212 642 170 855 178 9106 2447 362 2335 1846 2829 6345 2432 2267 1667 685
                  5535 7028 2954 5569 929 5589 2978 2028 1085 833 5028 6038 2236 1556 2648 2265
                  463 2685 1111 7306 1745 1929 2297 1777 2564 1676 5814 752 5277 2075 2269 2274
                  2232 1338 476 4849 2238 2241 1506 2591 5167 1084 157 7560 1891 1729 2679 700
                  2696 2732 2857 2993 2272 1939 1826 1991 620 2195 703 2784 2080 6332 1491 2253
                  1327 2285 2193 525 2237 5759 597 1269 1882 9104 1622 959 268 1355 230 518 815
                  1589 1213 2868 2659 4889 2735 2211 1823 2934 207 6138 763 1873 2026 2215 2144
                  1456 5795 895 6677 1082 1808 1325 2631 841 753 4899 2266 5330 5562 1820 2343
                  2866 5414 1662 1946 2347 322 6077 2415 2410 599 5700 1184 6079 2945 8206
      BLACK       27 2786 2792 219 1286 2087 2947 2969 2113 858 383 5121 1013 646 5361 5365 5398
                  2233 5622 5753 5773 5864 461 2319 1173 706 1735 6139 774 1818 2439 109 1204
                  1952 7031 7051 7056 2645 1211 2678 8326 8356 8424 1274 657 5536 462 1209 1023
                  1573 1675 2212 55 319 2247 2825 1281 2263 2277 2283 218 4841 1096 28 1329 5194
                  2022 5212 642 170 8330 855 178 9106 2447 362 2335 1846 2829 6345 2432 2267 1667
                  685 5535 7028 2954 5569 929 5589 2978 2028 1085 833 5028 89 6038 2236 1556 2023
                  2027 2648 2265 463 2685 1111 7306 1745 1929 2297 821 1777 2564 1676 5814 752
                  5277 2075 2269 2274 2232 1338 476 4849 2238 2241 1506 2591 5167 379 1084 157
                  7560 1891 1729 700 2696 2844 2732 781 414 2336 2857 2993 2031 2272 1939 1826
                  2195 853 2784 1245 2080 6332 2253 2285 2193 2734 2237 5759 1344 597 274 1882
                  9104 1622 2163 6157 959 1355 230 815 1589 1213 6213 2659 4889 2735 2211 1823
                  2934 207 763 1873 2026 2215 2144 5053 783 655 1456 5795 895 6677 1325 841 753
                  1987 267 562 5330 5562 1339 2494 2343 2866 1152 5414 1662 654 172 1946 584 322
                  2415 2410 2101 1584 2726
      HISP        27 2786 219 1286 536 2087 2947 2969 2113 858 383 5121 1013 646 5361 5365 5398
                  2233 424 1094 5622 5753 5773 686 5864 2319 1173 706 1735 6139 774 1818 2439
                  109 1204 1952 7031 7051 2645 1211 2678 8326 8356 8424 1274 657 5536 462 1209
                  1023 1573 1675 2212 55 319 2247 2825 1281 2263 2283 1809 218 4841 28 1329 5194
                  2022 7275 5212 642 170 8330 855 178 9106 2447 362 2335 1846 2829 6345 2432 2267
                  1667 685 7028 2954 5569 929 5589 2978 2028 1085 833 5028 89 6038 2236 1556 2023
                  2027 2648 2265 463 2685 1111 7306 1745 1929 2297 821 1777 2564 1676 752 5277
                  2075 2269 2274 2232 1338 476 4849 2238 2241 1506 2591 5167 379 1084 157 1891
                  1729 2679 700 2696 2844 781 414 2336 2857 2993 2031 2272 1939 1826 620 2195
                  853 703 2784 1245 2080 6332 2253 1327 2285 2193 525 5759 1344 597 7256 1269
                  1882 9104 1622 2163 6157 959 268 1355 518 815 1589 1213 6213 2659 2735 2211
                  2934 207 6138 763 2026 2215 5053 7307 1295 1499 783 655 5795 895 6677 1808 1325
                  2302 2631 753 141 1987 2266 562 2306 5330 5562 1339 2494 1086 2343 2866 1947
                  5414 172 2347 584 416 6077 599 5700 1184 6079 6378 1205 2945
      RACEOTH     27 2786 219 1286 536 2087 2947 2969 858 383 1013 646 5398 2233 424 1094 5622
                  5753 5773 5864 2319 1173 706 6139 774 1818 2439 109 1952 7031 7051 7056 2645
                  1211 2678 8424 1274 657 5536 462 1209 1023 1573 55 2247 2825 1281 2263 2277
                  218 4841 1096 28 1329 5194 2022 7275 5212 642 170 8330 855 178 9106 362 2335
                  1846 2829 6345 2432 1667 685 5535 2954 5569 929 5589 2028 1085 5028 89 6038
                  2236 2023 2027 2648 2265 463 2685 1111 1745 2297 821 2564 1676 5814 5277 2075
                  2269 2274 1338 2238 2241 1506 2591 5167 379 157 7560 1891 2679 700 2696 2844
                  2732 414 2336 2857 2993 2031 2272 1826 1077 853 2784 1245 2080 1491 2253 2734
                  525 5759 1344 597 7256 274 1882 6157 959 268 815 1589 1213 2868 6213 2211 2934
                  763 2026 2215 1295 783 655 1456 5795 1082 1808 1325 2631 2343 654 2410 5700
                  2101
      DEGPROF     2786 2792 219 1286 2087 2947 2969 2113 383 5121 1013 5361 5365 424 1094 5622
                  5753 5773 686 5864 461 2319 1173 706 1735 774 1818 109 1204 1952 7031 7051 7056
                  2645 1211 2678 8326 8356 8424 5536 462 1209 1023 1573 1675 2212 2247 2825 2263
                  2277 2283 1809 218 4841 1096 28 1329 2022 7275 642 170 855 178 2447 2335 1846
                  2829 6345 2432 2267 1667 5535 7028 2954 5569 929 2978 2028 833 5028 89 2236
                  1556 2023 2027 2265 2685 1111 7306 1745 1929 821 1777 2564 2075 2232 2238 2241
                  5167 1084 1891 1729 2696 2844 781 2336 2031 2272 1939 1826 620 703 1245 2080
                  6332 1327 2285 2193 2734 2237 5759 1344 597 1269 1622 2163 268 1355 230 815
                  1213 2659 2735 207 6138 763 2026 5795 2631 753 5562 1947 1946 2347 2079 211
      DEGMAST     2792 219 1286 2113 5121 5361 5365 5398 424 1094 5622 5773 686 461 2319 706 1735
                  1818 109 1952 7051 2645 1211 2678 8326 8356 1274 657 462 1675 2212 55 2247 2283
                  2022 7275 170 178 2267 7028 2028 1085 833 2236 463 2564 2269 2232 2696 703
      DEGBAL      2786 2792 219 1286 536 2087 2947 2969 2113 858 383 5121 1013 646 5365 2233 424
                  1094 5773 686 5864 461 2319 1173 706 6139 774 1818 109 1204 1952 7051 7056 2678
                  8326 8356 1274 657 5536 462 1209 1573 1675 2212 55 319 2247 1281 2263 2277 2283
                  1809 218 4841 1096 28 1329 7275 642 170 855 178 2447 362 2335 1846 2432 2267
                  685 2954 5569 929 2028 1085 833 89 6038 2236 1556 2648 2265 463 2685 1111 7306
                  1929 2297 821 1777 1676 5814 5277 2075 2269 2232 1338 476 4849 2238 2241 1506
                  2591 379 1084 157 7560 2679 2696 2844 414 2336 2857 1939 1077 620 2195 703 2784
                  6332 1327 2193 525 2237 5759 1882 1622 6157 1589 2868 6213 2659 4889 2211 207
                  6138 1873 1295 5795 1082 1987 227 1339 1152 1947
      TIMEEMP     2064 2324 5534 5571 2087 2113 2247 1329
      PRIRE       2786 2792 219 1286 536 2087 2947 2969 2113 858 383 5121 1013 646 5361 5365 5398
                  2233 424 1094 5622 5753 5773 686 5864 461 2319 1173 706 1735 6139 774 1818 2439
                  109 1204 1952 7031 7051 7056 2645 1211 2678 8326 8356 8424 1274 657 5536 462
                  1209 1023 1573 1675 55 319 2247 2825 1281 2263 2277 2283 1809 218 4841 1096
                  28 1329 5194 7275 5212 642 170 8330 855 178 9106 2447 362 2335 2829 6345 2432
                  2267 1667 685 5535 7028 2954 5569 929 5589 2978 2028 833 5028 89 6038 2236 2023
                  2027 2648 2265 1111 7306 1745 1929 2297 821 1777 2564 1676 5814 752 5277 2075
                  2269 2274 2232 1338 476 4849 2238 2241 1506 2591 5167 379 1084 157 7560 1891
                  1729 2679 700 2696 2844 781 2336 2857 2272 1826 1077 1991 620 2195 853 2784
                  1245 2080 6332 1491 2253 1327 2285 2193 2734 525 2237 5759 1344 597 7256 274
                  1269 9104 1622 2163 6157 959 1355 230 518 815 1589 1213 2868 6213 2659 4889
                  2735 1823 2934 207 6138 763 2026 2215 2144 5053 7307 783 655 1456 5795 895 6677
                  1082 1808 1325 2631 841 753 1987 4899 2266 562 5330 227 5562 1339 1086 1820
                  2343 2866 1152 1947 5414 1662 654 172 1946 322 2079 416 2410 599 5700 1584 6079
                  6378 1842 238 211 2251 1488
      PRIADOTH    2786 2792 1286 536 2087 2969 2113 383 5121 5361 5365 5398 2233 424 1094 5622
                  5753 5773 686 5864 461 2319 1173 706 1735 6139 774 1818 109 1204 1952 7031 7056
                  2645 1211 2678 8326 8356 8424 657 5536 1209 1023 1573 55 319 2247 1281 2263
                  2277 4841 1096 28 1329 5194 2022 642 170 8330 855 178 9106 2447 2335 1846 2267
                  5535 7028 5589 2978 2028 1085 833 5028 6038 2236 1556 2648 463 2685 7306 1929
                  5814 5277 2075 2232 1338 476 4849 2238 2241 2591 5167 379 1084 157 7560 2679
                  700 2844 414 2336 2857 2272 1826 1991 2195 2784 2080 6332 2285 2734 2237 1344
                  1622 6157 1589 4889 2211 1823 2934 207 1873 2215 655 1082 2631 141 5330 1339
                  1086 1947 2079 6378
      NCHILD      776 1188 6076 219 2947 2113 5121 5365 2233 1094 5864 461 706 1952 2645 1274
                  657 2263 2283 1096
      TIMEEMP2    2064 2324 5534 5571 2087 2113 2247 1329
      AGE2        5834 2113 706
      SATIS01     536 2087 2969 5121 5365 5622 5864 1173 1735 6139 774 1818 1204 1952 7031 8356
                  1023 1809 642 178 2274
      SATIS02     19 27 653 689 776 1054 1189 1513 2061 2147 2942 4867 5052 5571 5888 6094 6098
                  6615 6649 7408 8314 9107 219 536 2087 858 5121 646 5361 5365 5398 5753 1173
                  1735 6139 774 2439 109 7031 7056 2678 8424 5536 2283 2447 2335 6345 5535 5028
                  89 6038 1556 2023 2269 1891 2026
      SATIS03     19 27 689 776 1054 1513 2061 2063 2147 5052 5571 5888 6094 6098 6615 7408 8314
                  9107 219 2087 858 383 646 5361 5398 424 5773 461 1173 1735 774 1818 7031 2645
                  1211 2678 8326 5536 1573 2283 1809 855 2447 5535 7028 5028 6038 2023 2265 2696
      SATIS04     19 27 1054 1142 2147 5052 5571 5888 6067 6076 6094 6615 7408 8314 9107 5398
                  1094 5622 706 774 2439 109 1204 1952 7031 7051 2678 8424 657 2263 2277 218 1096
                  28 7275 8330 5535 2685
      SATIS05     1931 4831 2087 2947 858 1013 5398 5622 5773 1735 774 1818 109 7056 2678 8424
                  2247 2825 1281 218 28 642 5535 2028 89 2027 476
      SATIS06     2786 2792 219 536 2087 2969 858 383 1013 5361 5398 2233 1094 1735 774 7056 2678
                  8326 8356 8424 55 2247 1809 1096 28 642 1667 1929 2564
      SATIS07     19 1054 1931 2657 5199 5456 6094 9107 2792 219 1286 536 2947 646 5365 5398 1094
                  5622 5773 461 774 1818 1952 2645 1274 1573 1675 2277 2283 1809 5194 7275 1846
                  2954 929 5028 2075
      SATIS08     1931 2792 219 2947 2113 383 646 5365 5753 5773 686 5864 461 774 1818 1204 7056
                  2645 8356 8424 1573 2247 2283 1809 1096 28 5194 8330 9106 2028
      SATIS09     536 2087 2969 383 646 5365 424 1094 5753 5773 686 461 706 774 1204 7031 7056
                  2645 8424 1573 218 1096 5194 2269
      SATIS10     1496 1705 1831 2608 5297 5888 6679 8314 1286 536 2087 2969 646 5365 1094 5773
                  1173 706 774 7031 7056 8326 8356 8424 1274 1573 2283 1096 1329 5194 929 1085
                  89 2236 2023
      SATIS11     2786 2792 219 536 2087 2969 858 383 5365 5398 5622 5773 461 706 1735 6139 109
                  1952 7031 1211 2678 8424 2247 2283 28 5194 7275 170 9106 5028 2269
      SATIS12     219 2113 858 1013 461 706 6139 1952 2678 8326 1274 2277 2283 1846 7028
      SATIS13     2786 383 646 5365 5773 1173 706 6139 774 2439 1952 8356 2247 2022 5028 1777
      SATIS14     1931 4831 1286 2087 5365 5398 424 5622 5864 706 1735 6139 109 7051 2678 462
                  1209 319 28 5194 2267 1667 929 89 6038 2027 700
      SATIS15     1931 2333 4831 5834 219 2087 2969 2113 858 383 646 5398 2233 5622 686 5864 706
                  6139 1818 2439 1204 7031 7051 8326 1573 319 2283 1809 218 1329 5212 178 9106
                  362 2267 2232
      SATIS16     8 19 27 199 246 266 325 464 519 634 653 689 787 834 947 1054 1078 1142 1156
                  1187 1188 1189 1276 1322 1328 1354 1362 1486 1487 1496 1513 1705 1755 1931 2061
                  2063 2066 2072 2147 2192 2201 2213 2262 2289 2317 2324 2333 2334 2341 2554 2594
                  2608 2657 2796 2858 2942 4831 4867 5052 5199 5297 5534 5571 5834 5888 6067 6076
                  6094 6098 6232 6532 6615 6617 6649 6679 7241 7408 8314 9107 2792 1286 2947 2969
                  2113 858 383 5121 5361 5365 2233 424 1094 5622 5753 5773 686 5864 2319 706 1735
                  6139 1818 2439 109 1204 1952 7031 7056 2645 2678 8326 8356 1274 657 5536 462
                  1209 1023 1573 1675 55 319 2247 2263 1809 4841 28 1329 7275 5212 642 8330 6345
                  2267 1667 685 5535 2954 5569 929 2028 1085 833 5028 2236 2023 2027 2265 2685
                  1111 1745 1929 2297 821 1777 476 4849 1506 379 2679 781 2857 1991 620 6332 2285
                  2193 2734 525 5759 9104 2163 6157 1355 230 518 1589 2659 2211 6138 763 1873
                  2026 2215 2144 5053 7307 783 1082 1808 1325 2302 841 753 4899 5330 5414 1946
                  322 416 5700
      SATIS17     19 27 653 689 1322 1486 2072 2147 2213 4867 5571 6067 6076 6098 6679 8314 1286
                  2087 2969 858 1013 5361 5864 6139 1204 1952 1274 657 1023 1675 1281 1096 642
                  8330 2335 1846 6345 2954 5569 2265 2269 379
      SATIS18     27 9107 2113 5121 5365 2233 5753 5773 686 2439 7031 7051 1211 2277 1809 4841
                  28 5194 642 855 5535
      SATIS20     8 19 27 199 246 325 464 634 653 689 834 1054 1078 1142 1156 1187 1189 1328 1335
                  1487 1705 1755 1931 2063 2072 2147 2201 2213 2262 2289 2317 2334 2341 2554 2594
                  2608 2796 4867 5297 5534 5834 5888 6067 6076 6094 6098 6232 6532 6615 6649 6679
                  7408 8314 9107 2792 1286 2947 2969 2113 858 383 5121 5773 5864 1173 6139 774
                  1818 2439 109 1952 7051 2645 8326 8424 1274 657 462 319 2247 2825 1281 2263
                  1809 4841 2022 8330 855 2335 2829 6345 7028 2978 5028 6038 2023 2648 2265 463
                  2685 5277 2269 1506 700 2696 2993 2272 1939 1991 620 2195 703 6332 2285 6157
                  268 4889 207 763 236

   1 WARNING(S) FOUND IN THE INPUT INSTRUCTIONS



Title

SUMMARY OF ANALYSIS

Number of groups                                                 1
Number of observations                                        3592

Number of dependent variables                                   20
Number of independent variables                                 23
Number of continuous latent variables                            8

Observed dependent variables

  Continuous
   SATIS01     SATIS02     SATIS03     SATIS04     SATIS05     SATIS06
   SATIS07     SATIS08     SATIS09     SATIS10     SATIS11     SATIS12
   SATIS13     SATIS14     SATIS15     SATIS16     SATIS17     SATIS18
   SATIS20

  Binary and ordered categorical (ordinal)
   TURNINTE

Observed independent variables
   ENGLISH     AGE         PUBLIC      WESTOTH     MIDWEST     SOUTH
   GAPAA       GAPCE       GAPEX       GAPFREE     ASIAN       BLACK
   HISP        RACEOTH     DEGPROF     DEGMAST     DEGBAL      TIMEEMP
   PRIRE       PRIADOTH    NCHILD      TIMEEMP2    AGE2

Continuous latent variables
   WORK        RELATION    TERMS       BENEFITS    WORK2       REL2
   TERMS2      BEN2

Variables with special functions

  Cluster variable      ACE

  Between variables
   PUBLIC      WESTOTH     MIDWEST     SOUTH


Estimator                                                    BAYES
Specifications for Bayesian Estimation
  Point estimate                                            MEDIAN
  Number of Markov chain Monte Carlo (MCMC) chains               2
  Random seed for the first chain                                0
  Starting value information                           UNPERTURBED
  Treatment of categorical mediator                         LATENT
  Algorithm used for Markov chain Monte Carlo           GIBBS(PX1)
  Fixed number of iterations                                  1000
  K-th iteration used for thinning                               1
Link                                                        PROBIT

Input data file(s)
  /Users/chadgevans/Research/Projects/Data/HERI/Cache/mp_test.txt
Input data format  FREE


SUMMARY OF DATA

     Number of clusters                        363

       Size (s)    Cluster ID with Size s

          1        8 19 27 199 246 257 266 325 464 519 634 653 689 776
                   787 834 947 1054 1078 1142 1156 1187 1188 1189 1276
                   1322 1328 1335 1354 1362 1479 1486 1487 1496 1513 1705
                   1755 1831 1931 2061 2063 2064 2066 2072 2147 2192 2201
                   2213 2262 2289 2308 2317 2324 2329 2333 2334 2341 2554
                   2594 2608 2657 2764 2796 2858 2931 2942 4831 4867 5052
                   5199 5297 5456 5534 5571 5834 5888 6067 6076 6094 6098
                   6232 6532 6615 6617 6649 6679 7241 7408 8314 9107
          2        2786 2792 219 1286 536 2087 2947 2969 2113 858 383 5121
                   1013 646 5361 5365 5398 2233 424 1094 5622 5753 5773
                   686 5864 461 2319 1173 706 1735 6139 774 1818 2439 109
                   1204 1952 7031 7051 7056 2645 1211 2678 8326 8356 8424
                   1274
          3        657 5536 462 1209 1023 1573 1675 2212 55 319 2247 2825
                   1281 2263 2277 2283 1809 218 4841 1096 28 1329 5194
                   2022 7275 5212 642 170 8330 855 178 9106 2447
          4        362 2335 1846 2829 6345 2432 2267 1667 685 5535 7028
                   2954 5569 929 5589 2978 2028 1085 833 5028 89 6038 2236
                   1556
          5        2023 2027 2648 2265 463 2685 1111 7306 1745 1929 2297
                   821 1777 2564 1676 5814
          6        752 5277 2075 2269 2274 2232 1338 476 4849 2238 2241
                   1506 2591 5167 379 1084
          7        157 7560 1891 1729 2679 700 2696 2844 2732
          8        781 414 2336 2857 2993 2031 2272 1939
          9        1826 1077 1991 620 2195 853 703 2784 1245 2080 6332
         10        1491 2253 1327 2285 2193 2734 525 2237 5759 1344 597
         11        7256 274 1269 1882 9104 1622 2163
         12        6157 959 268 1355 230 518 815 1589 1213
         13        2868 6213 2659 4889 2735 2211 1823
         14        2934 207 6138 763 1873 2026 2215 2144
         15        5053 7307 1295 1499 783 655
         16        1456 5795 895
         18        6677 1082 1808
         19        1325 2302 2631 841
         20        753
         21        141 1987 4899
         22        2266 267 562 2306 5330 227 5562
         23        1339 2494
         24        1086 1820
         25        2343
         26        2866 1152 1947
         27        5414
         28        1662 654 172 1946
         29        2347 584 322
         30        2079
         32        416 6077
         33        2415 2410
         35        599 5700
         40        2101
         41        1584
         42        1184
         44        6079
         45        6378
         53        1842 236
         62        1205
         63        168
         65        2945
         66        8206
         68        238
         73        211
         79        2726
         80        2173
        128        2251
        153        1488



COVARIANCE COVERAGE OF DATA

Minimum covariance coverage value   0.100

     Number of missing data patterns           776


     PROPORTION OF DATA PRESENT


           Covariance Coverage
              TURNINTE      PUBLIC        WESTOTH       MIDWEST       SOUTH
              ________      ________      ________      ________      ________
 TURNINTE       0.994
 PUBLIC         0.984         0.989
 WESTOTH        0.994         0.989         1.000
 MIDWEST        0.994         0.989         1.000         1.000
 SOUTH          0.994         0.989         1.000         1.000         1.000
 ENGLISH        0.989         0.982         0.993         0.993         0.993
 AGE            0.963         0.956         0.966         0.966         0.966
 GAPAA          0.989         0.983         0.994         0.994         0.994
 GAPCE          0.989         0.983         0.994         0.994         0.994
 GAPEX          0.989         0.983         0.994         0.994         0.994
 GAPFREE        0.989         0.983         0.994         0.994         0.994
 ASIAN          0.975         0.969         0.979         0.979         0.979
 BLACK          0.975         0.969         0.979         0.979         0.979
 HISP           0.975         0.969         0.979         0.979         0.979
 RACEOTH        0.975         0.969         0.979         0.979         0.979
 DEGPROF        0.993         0.989         0.999         0.999         0.999
 DEGMAST        0.993         0.989         0.999         0.999         0.999
 DEGBAL         0.993         0.989         0.999         0.999         0.999
 TIMEEMP        0.934         0.928         0.938         0.938         0.938
 PRIRE          0.994         0.989         1.000         1.000         1.000
 PRIADOTH       0.994         0.989         1.000         1.000         1.000
 NCHILD         0.966         0.959         0.970         0.970         0.970
 TIMEEMP2       0.934         0.928         0.938         0.938         0.938
 AGE2           0.963         0.956         0.966         0.966         0.966
 SATIS01        0.980         0.973         0.983         0.983         0.983
 SATIS02        0.724         0.719         0.725         0.725         0.725
 SATIS03        0.739         0.734         0.741         0.741         0.741
 SATIS04        0.766         0.760         0.767         0.767         0.767
 SATIS05        0.943         0.937         0.947         0.947         0.947
 SATIS06        0.977         0.970         0.981         0.981         0.981
 SATIS07        0.865         0.861         0.869         0.869         0.869
 SATIS08        0.976         0.969         0.980         0.980         0.980
 SATIS09        0.967         0.961         0.971         0.971         0.971
 SATIS10        0.882         0.876         0.886         0.886         0.886
 SATIS11        0.965         0.958         0.969         0.969         0.969
 SATIS12        0.934         0.928         0.937         0.937         0.937
 SATIS13        0.962         0.956         0.966         0.966         0.966
 SATIS14        0.951         0.944         0.955         0.955         0.955
 SATIS15        0.943         0.937         0.947         0.947         0.947
 SATIS16        0.142         0.140         0.142         0.142         0.142
 SATIS17        0.776         0.769         0.777         0.777         0.777
 SATIS18        0.934         0.929         0.938         0.938         0.938
 SATIS20        0.324         0.323         0.325         0.325         0.325


           Covariance Coverage
              ENGLISH       AGE           GAPAA         GAPCE         GAPEX
              ________      ________      ________      ________      ________
 ENGLISH        0.993
 AGE            0.965         0.966
 GAPAA          0.987         0.961         0.994
 GAPCE          0.987         0.961         0.994         0.994
 GAPEX          0.987         0.961         0.994         0.994         0.994
 GAPFREE        0.987         0.961         0.994         0.994         0.994
 ASIAN          0.979         0.955         0.974         0.974         0.974
 BLACK          0.979         0.955         0.974         0.974         0.974
 HISP           0.979         0.955         0.974         0.974         0.974
 RACEOTH        0.979         0.955         0.974         0.974         0.974
 DEGPROF        0.992         0.965         0.993         0.993         0.993
 DEGMAST        0.992         0.965         0.993         0.993         0.993
 DEGBAL         0.992         0.965         0.993         0.993         0.993
 TIMEEMP        0.936         0.925         0.932         0.932         0.932
 PRIRE          0.993         0.966         0.994         0.994         0.994
 PRIADOTH       0.993         0.966         0.994         0.994         0.994
 NCHILD         0.968         0.947         0.964         0.964         0.964
 TIMEEMP2       0.936         0.925         0.932         0.932         0.932
 AGE2           0.965         0.966         0.961         0.961         0.961
 SATIS01        0.978         0.952         0.978         0.978         0.978
 SATIS02        0.722         0.702         0.723         0.723         0.723
 SATIS03        0.737         0.717         0.739         0.739         0.739
 SATIS04        0.763         0.744         0.764         0.764         0.764
 SATIS05        0.942         0.919         0.942         0.942         0.942
 SATIS06        0.975         0.951         0.975         0.975         0.975
 SATIS07        0.865         0.843         0.863         0.863         0.863
 SATIS08        0.975         0.949         0.974         0.974         0.974
 SATIS09        0.967         0.940         0.965         0.965         0.965
 SATIS10        0.883         0.860         0.881         0.881         0.881
 SATIS11        0.964         0.938         0.963         0.963         0.963
 SATIS12        0.933         0.908         0.933         0.933         0.933
 SATIS13        0.962         0.937         0.960         0.960         0.960
 SATIS14        0.949         0.925         0.949         0.949         0.949
 SATIS15        0.942         0.918         0.942         0.942         0.942
 SATIS16        0.141         0.138         0.142         0.142         0.142
 SATIS17        0.774         0.754         0.774         0.774         0.774
 SATIS18        0.934         0.910         0.933         0.933         0.933
 SATIS20        0.323         0.316         0.324         0.324         0.324


           Covariance Coverage
              GAPFREE       ASIAN         BLACK         HISP          RACEOTH
              ________      ________      ________      ________      ________
 GAPFREE        0.994
 ASIAN          0.974         0.979
 BLACK          0.974         0.979         0.979
 HISP           0.974         0.979         0.979         0.979
 RACEOTH        0.974         0.979         0.979         0.979         0.979
 DEGPROF        0.993         0.979         0.979         0.979         0.979
 DEGMAST        0.993         0.979         0.979         0.979         0.979
 DEGBAL         0.993         0.979         0.979         0.979         0.979
 TIMEEMP        0.932         0.926         0.926         0.926         0.926
 PRIRE          0.994         0.979         0.979         0.979         0.979
 PRIADOTH       0.994         0.979         0.979         0.979         0.979
 NCHILD         0.964         0.958         0.958         0.958         0.958
 TIMEEMP2       0.932         0.926         0.926         0.926         0.926
 AGE2           0.961         0.955         0.955         0.955         0.955
 SATIS01        0.978         0.964         0.964         0.964         0.964
 SATIS02        0.723         0.712         0.712         0.712         0.712
 SATIS03        0.739         0.726         0.726         0.726         0.726
 SATIS04        0.764         0.752         0.752         0.752         0.752
 SATIS05        0.942         0.929         0.929         0.929         0.929
 SATIS06        0.975         0.962         0.962         0.962         0.962
 SATIS07        0.863         0.852         0.852         0.852         0.852
 SATIS08        0.974         0.961         0.961         0.961         0.961
 SATIS09        0.965         0.953         0.953         0.953         0.953
 SATIS10        0.881         0.870         0.870         0.870         0.870
 SATIS11        0.963         0.950         0.950         0.950         0.950
 SATIS12        0.933         0.920         0.920         0.920         0.920
 SATIS13        0.960         0.948         0.948         0.948         0.948
 SATIS14        0.949         0.936         0.936         0.936         0.936
 SATIS15        0.942         0.928         0.928         0.928         0.928
 SATIS16        0.142         0.140         0.140         0.140         0.140
 SATIS17        0.774         0.764         0.764         0.764         0.764
 SATIS18        0.933         0.921         0.921         0.921         0.921
 SATIS20        0.324         0.319         0.319         0.319         0.319


           Covariance Coverage
              DEGPROF       DEGMAST       DEGBAL        TIMEEMP       PRIRE
              ________      ________      ________      ________      ________
 DEGPROF        0.999
 DEGMAST        0.999         0.999
 DEGBAL         0.999         0.999         0.999
 TIMEEMP        0.937         0.937         0.937         0.938
 PRIRE          0.999         0.999         0.999         0.938         1.000
 PRIADOTH       0.999         0.999         0.999         0.938         1.000
 NCHILD         0.969         0.969         0.969         0.916         0.970
 TIMEEMP2       0.937         0.937         0.937         0.938         0.938
 AGE2           0.965         0.965         0.965         0.925         0.966
 SATIS01        0.982         0.982         0.982         0.925         0.983
 SATIS02        0.724         0.724         0.724         0.682         0.725
 SATIS03        0.740         0.740         0.740         0.698         0.741
 SATIS04        0.766         0.766         0.766         0.723         0.767
 SATIS05        0.947         0.947         0.947         0.892         0.947
 SATIS06        0.980         0.980         0.980         0.922         0.981
 SATIS07        0.868         0.868         0.868         0.817         0.869
 SATIS08        0.979         0.979         0.979         0.921         0.980
 SATIS09        0.970         0.970         0.970         0.913         0.971
 SATIS10        0.886         0.886         0.886         0.835         0.886
 SATIS11        0.968         0.968         0.968         0.911         0.969
 SATIS12        0.937         0.937         0.937         0.882         0.937
 SATIS13        0.965         0.965         0.965         0.910         0.966
 SATIS14        0.954         0.954         0.954         0.899         0.955
 SATIS15        0.946         0.946         0.946         0.891         0.947
 SATIS16        0.142         0.142         0.142         0.131         0.142
 SATIS17        0.776         0.776         0.776         0.731         0.777
 SATIS18        0.937         0.937         0.937         0.882         0.938
 SATIS20        0.325         0.325         0.325         0.303         0.325


           Covariance Coverage
              PRIADOTH      NCHILD        TIMEEMP2      AGE2          SATIS01
              ________      ________      ________      ________      ________
 PRIADOTH       1.000
 NCHILD         0.970         0.970
 TIMEEMP2       0.938         0.916         0.938
 AGE2           0.966         0.947         0.925         0.966
 SATIS01        0.983         0.955         0.925         0.952         0.983
 SATIS02        0.725         0.704         0.682         0.702         0.724
 SATIS03        0.741         0.719         0.698         0.717         0.739
 SATIS04        0.767         0.746         0.723         0.744         0.761
 SATIS05        0.947         0.920         0.892         0.919         0.938
 SATIS06        0.981         0.952         0.922         0.951         0.969
 SATIS07        0.869         0.845         0.817         0.843         0.861
 SATIS08        0.980         0.952         0.921         0.949         0.969
 SATIS09        0.971         0.943         0.913         0.940         0.960
 SATIS10        0.886         0.861         0.835         0.860         0.877
 SATIS11        0.969         0.942         0.911         0.938         0.958
 SATIS12        0.937         0.911         0.882         0.908         0.932
 SATIS13        0.966         0.940         0.910         0.937         0.955
 SATIS14        0.955         0.927         0.899         0.925         0.943
 SATIS15        0.947         0.919         0.891         0.918         0.936
 SATIS16        0.142         0.137         0.131         0.138         0.141
 SATIS17        0.777         0.756         0.731         0.754         0.773
 SATIS18        0.938         0.913         0.882         0.910         0.928
 SATIS20        0.325         0.316         0.303         0.316         0.324


           Covariance Coverage
              SATIS02       SATIS03       SATIS04       SATIS05       SATIS06
              ________      ________      ________      ________      ________
 SATIS02        0.725
 SATIS03        0.689         0.741
 SATIS04        0.652         0.662         0.767
 SATIS05        0.697         0.712         0.744         0.947
 SATIS06        0.716         0.731         0.758         0.945         0.981
 SATIS07        0.692         0.703         0.715         0.836         0.860
 SATIS08        0.719         0.734         0.761         0.937         0.969
 SATIS09        0.718         0.732         0.758         0.928         0.960
 SATIS10        0.676         0.688         0.711         0.849         0.875
 SATIS11        0.717         0.731         0.756         0.926         0.956
 SATIS12        0.708         0.722         0.743         0.899         0.924
 SATIS13        0.713         0.728         0.753         0.923         0.953
 SATIS14        0.694         0.709         0.740         0.932         0.949
 SATIS15        0.694         0.708         0.737         0.923         0.942
 SATIS16        0.127         0.127         0.128         0.135         0.139
 SATIS17        0.622         0.633         0.655         0.750         0.768
 SATIS18        0.700         0.715         0.742         0.897         0.926
 SATIS20        0.284         0.295         0.283         0.313         0.322


           Covariance Coverage
              SATIS07       SATIS08       SATIS09       SATIS10       SATIS11
              ________      ________      ________      ________      ________
 SATIS07        0.869
 SATIS08        0.863         0.980
 SATIS09        0.861         0.961         0.971
 SATIS10        0.803         0.876         0.882         0.886
 SATIS11        0.859         0.958         0.955         0.876         0.969
 SATIS12        0.836         0.928         0.921         0.845         0.922
 SATIS13        0.851         0.952         0.947         0.868         0.948
 SATIS14        0.835         0.942         0.933         0.851         0.932
 SATIS15        0.832         0.936         0.926         0.846         0.923
 SATIS16        0.136         0.141         0.141         0.135         0.141
 SATIS17        0.710         0.770         0.766         0.712         0.765
 SATIS18        0.836         0.928         0.920         0.845         0.919
 SATIS20        0.309         0.324         0.321         0.306         0.323


           Covariance Coverage
              SATIS12       SATIS13       SATIS14       SATIS15       SATIS16
              ________      ________      ________      ________      ________
 SATIS12        0.937
 SATIS13        0.918         0.966
 SATIS14        0.903         0.931         0.955
 SATIS15        0.895         0.922         0.932         0.947
 SATIS16        0.139         0.141         0.137         0.136         0.142
 SATIS17        0.761         0.764         0.751         0.746         0.136
 SATIS18        0.891         0.917         0.903         0.897         0.140
 SATIS20        0.321         0.322         0.313         0.311         0.094


           Covariance Coverage
              SATIS17       SATIS18       SATIS20
              ________      ________      ________
 SATIS17        0.777
 SATIS18        0.754         0.938
 SATIS20        0.289         0.318         0.325


UNIVARIATE PROPORTIONS AND COUNTS FOR CATEGORICAL VARIABLES

    TURNINTE
      Category 1    0.544         1943.000
      Category 2    0.456         1628.000



UNIVARIATE SAMPLE STATISTICS


     UNIVARIATE HIGHER-ORDER MOMENT DESCRIPTIVE STATISTICS

         Variable/         Mean/     Skewness/   Minimum/ % with                Percentiles
        Sample Size      Variance    Kurtosis    Maximum  Min/Max      20%/60%    40%/80%    Median

     PUBLIC                0.365       0.561       0.000   63.51%       0.000      0.000      0.000
             359.000       0.232      -1.685       1.000   36.49%       0.000      1.000
     WESTOTH               0.226       1.311       0.000   77.41%       0.000      0.000      0.000
             363.000       0.175      -0.281       1.000   22.59%       0.000      1.000
     MIDWEST               0.320       0.774       0.000   68.04%       0.000      0.000      0.000
             363.000       0.217      -1.401       1.000   31.96%       0.000      1.000
     SOUTH                 0.143       2.037       0.000   85.67%       0.000      0.000      0.000
             363.000       0.123       2.148       1.000   14.33%       0.000      0.000
     ENGLISH               0.903      -2.718       0.000    9.73%       1.000      1.000      1.000
            3567.000       0.088       5.387       1.000   90.27%       1.000      1.000
     AGE                   0.000      -0.084     -26.949    0.06%     -11.949     -2.949      1.051
            3470.000     146.614      -0.793      40.051    0.06%       5.051     11.051
     GAPAA                 0.209       1.433       0.000   79.13%       0.000      0.000      0.000
            3569.000       0.165       0.054       1.000   20.87%       0.000      1.000
     GAPCE                 0.014       8.358       0.000   98.63%       0.000      0.000      0.000
            3569.000       0.014      67.851       1.000    1.37%       0.000      0.000
     GAPEX                 0.102       2.630       0.000   89.80%       0.000      0.000      0.000
            3569.000       0.092       4.919       1.000   10.20%       0.000      0.000
     GAPFREE               0.164       1.813       0.000   83.58%       0.000      0.000      0.000
            3569.000       0.137       1.287       1.000   16.42%       0.000      0.000
     ASIAN                 0.036       5.017       0.000   96.45%       0.000      0.000      0.000
            3517.000       0.034      23.173       1.000    3.55%       0.000      0.000
     BLACK                 0.031       5.386       0.000   96.87%       0.000      0.000      0.000
            3517.000       0.030      27.005       1.000    3.13%       0.000      0.000
     HISP                  0.027       5.869       0.000   97.33%       0.000      0.000      0.000
            3517.000       0.026      32.442       1.000    2.67%       0.000      0.000
     RACEOTH               0.072       3.313       0.000   92.81%       0.000      0.000      0.000
            3517.000       0.067       8.979       1.000    7.19%       0.000      0.000
     DEGPROF               0.100       2.666       0.000   90.00%       0.000      0.000      0.000
            3589.000       0.090       5.108       1.000   10.00%       0.000      0.000
     DEGMAST               0.519      -0.076       0.000   48.09%       0.000      0.000      1.000
            3589.000       0.250      -1.994       1.000   51.91%       1.000      1.000
     DEGBAL                0.079       3.111       0.000   92.06%       0.000      0.000      0.000
            3589.000       0.073       7.679       1.000    7.94%       0.000      0.000
     TIMEEMP               0.000       1.813      -8.675    2.05%      -6.675     -4.675     -2.675
            3368.000      74.160       4.938      82.325    0.03%      -0.675      5.325
     PRIRE                 0.023       6.390       0.000   97.72%       0.000      0.000      0.000
            3592.000       0.022      38.828       1.000    2.28%       0.000      0.000
     PRIADOTH              0.107       2.540       0.000   89.28%       0.000      0.000      0.000
            3592.000       0.096       4.450       1.000   10.72%       0.000      0.000
     NCHILD                1.577       0.523       0.000   31.47%       0.000      1.000      2.000
            3483.000       1.878      -0.091       8.000    0.11%       2.000      3.000
     TIMEEMP2             74.160      14.747       0.106    4.31%       5.405     21.857     32.208
            3368.000   38158.965     424.913    6777.376    0.03%      44.558     58.908
     AGE2                146.614       1.929       0.003    2.54%      15.592     63.182     98.977
            3470.000   25945.040       6.741    1604.106    0.06%     122.131    257.644
     SATIS01               2.239       0.084       1.000   25.06%       1.000      2.000      2.000
            3532.000       0.826      -0.954       4.000    7.16%       3.000      3.000
     SATIS02               2.618      -0.376       1.000   18.93%       2.000      3.000      3.000
            2604.000       0.965      -0.882       4.000   17.51%       3.000      3.000
     SATIS03               2.523      -0.267       1.000   18.98%       2.000      2.000      3.000
            2660.000       0.895      -0.885       4.000   13.31%       3.000      3.000
     SATIS04               2.345      -0.087       1.000   23.19%       1.000      2.000      2.000
            2756.000       0.862      -1.003       4.000    8.64%       3.000      3.000
     SATIS05               2.598      -0.432       1.000   13.66%       2.000      3.000      3.000
            3403.000       0.734      -0.475       4.000   11.02%       3.000      3.000
     SATIS06               2.742      -0.370       1.000    7.44%       2.000      3.000      3.000
            3523.000       0.642      -0.223       4.000   15.07%       3.000      3.000
     SATIS07               2.670      -0.352       1.000   16.82%       2.000      3.000      3.000
            3121.000       0.975      -0.889       4.000   20.89%       3.000      4.000
     SATIS08               3.228      -0.886       1.000    3.44%       3.000      3.000      3.000
            3519.000       0.567       0.722       4.000   38.96%       3.000      4.000
     SATIS09               3.060      -0.692       1.000    5.36%       2.000      3.000      3.000
            3489.000       0.673       0.080       4.000   31.47%       3.000      4.000
     SATIS10               2.848      -0.504       1.000    8.17%       2.000      3.000      3.000
            3183.000       0.722      -0.245       4.000   21.49%       3.000      4.000
     SATIS11               3.179      -0.678       1.000    2.53%       3.000      3.000      3.000
            3480.000       0.537       0.330       4.000   34.86%       3.000      4.000
     SATIS12               2.330       0.032       1.000   26.14%       1.000      2.000      2.000
            3367.000       0.979      -1.114       4.000   11.76%       3.000      3.000
     SATIS13               2.920      -0.589       1.000   11.47%       2.000      3.000      3.000
            3469.000       0.945      -0.627       4.000   32.08%       3.000      4.000
     SATIS14               3.056      -0.644       1.000    4.00%       3.000      3.000      3.000
            3429.000       0.574       0.362       4.000   27.68%       3.000      4.000
     SATIS15               3.281      -1.017       1.000    3.94%       3.000      3.000      3.000
            3402.000       0.629       0.659       4.000   45.47%       4.000      4.000
     SATIS16               1.825       0.842       1.000   55.99%       1.000      1.000      1.000
             509.000       1.103      -0.745       4.000    9.43%       2.000      3.000
     SATIS17               1.965       0.444       1.000   39.47%       1.000      2.000      2.000
            2792.000       0.851      -0.952       4.000    4.91%       2.000      3.000
     SATIS18               2.849      -0.512       1.000   11.34%       2.000      3.000      3.000
            3369.000       0.886      -0.592       4.000   26.57%       3.000      4.000
     SATIS20               2.710      -0.372       1.000   25.54%       1.000      3.000      3.000
            1167.000       1.375      -1.348       4.000   32.90%       3.000      4.000


THE MODEL ESTIMATION TERMINATED NORMALLY

     USE THE FBITERATIONS OPTION TO INCREASE THE NUMBER OF ITERATIONS BY A FACTOR
     OF AT LEAST TWO TO CHECK CONVERGENCE AND THAT THE PSR VALUE DOES NOT INCREASE.



MODEL FIT INFORMATION

Number of Free Parameters                             285

Bayesian Posterior Predictive Checking using Chi-Square

          95% Confidence Interval for the Difference Between
          the Observed and the Replicated Chi-Square Values

                              11766.223         12264.032

          Posterior Predictive P-Value              0.000



MODEL RESULTS

                                Posterior  One-Tailed         95% C.I.
                    Estimate       S.D.      P-Value   Lower 2.5%  Upper 2.5%  Significance

Within Level

 WORK     BY
    SATIS05            1.000       0.000      0.000       1.000       1.000
    SATIS06            0.713       0.036      0.000       0.641       0.789      *
    SATIS07            0.824       0.044      0.000       0.738       0.914      *
    SATIS08            0.950       0.040      0.000       0.864       1.028      *
    SATIS13            1.189       0.051      0.000       1.080       1.280      *
    SATIS14            1.112       0.039      0.000       1.030       1.190      *
    SATIS15            0.945       0.040      0.000       0.869       1.024      *
    SATIS18            0.901       0.044      0.000       0.816       0.990      *

 RELATION BY
    SATIS09            1.000       0.000      0.000       1.000       1.000
    SATIS10            0.803       0.022      0.000       0.757       0.848      *
    SATIS11            0.476       0.017      0.000       0.442       0.508      *

 TERMS    BY
    SATIS01            1.000       0.000      0.000       1.000       1.000
    SATIS04            1.208       0.051      0.000       1.111       1.313      *
    SATIS12            1.372       0.057      0.000       1.261       1.486      *
    SATIS16            0.965       0.107      0.000       0.758       1.223      *
    SATIS17            1.489       0.060      0.000       1.403       1.635      *

 BENEFITS BY
    SATIS02            1.000       0.000      0.000       1.000       1.000
    SATIS03            0.926       0.030      0.000       0.873       0.998      *
    SATIS20            0.647       0.045      0.000       0.559       0.737      *

 WORK       ON
    GAPAA              0.099       0.030      0.000       0.040       0.156      *
    GAPCE              0.147       0.079      0.036      -0.012       0.308
    GAPEX              0.037       0.035      0.143      -0.031       0.105
    GAPFREE           -0.139       0.031      0.000      -0.201      -0.077      *
    PRIRE             -0.040       0.067      0.273      -0.175       0.092
    PRIADOTH          -0.023       0.032      0.225      -0.085       0.041
    DEGPROF           -0.019       0.035      0.289      -0.096       0.050
    DEGMAST            0.028       0.023      0.106      -0.016       0.074
    DEGBAL             0.071       0.039      0.030      -0.002       0.149
    TIMEEMP           -0.007       0.002      0.001      -0.010      -0.004      *
    TIMEEMP2           0.000       0.000      0.014       0.000       0.000      *
    ENGLISH            0.064       0.036      0.028      -0.003       0.137
    AGE                0.001       0.001      0.098      -0.001       0.003
    AGE2               0.000       0.000      0.000       0.000       0.000      *
    ASIAN             -0.123       0.056      0.018      -0.240      -0.011      *
    BLACK              0.040       0.055      0.231      -0.071       0.148
    HISP              -0.019       0.061      0.382      -0.140       0.089
    RACEOTH           -0.132       0.038      0.000      -0.210      -0.063      *
    NCHILD             0.036       0.008      0.000       0.021       0.051      *

 RELATIONS  ON
    GAPAA              0.045       0.044      0.147      -0.041       0.131
    GAPCE              0.175       0.124      0.084      -0.083       0.413
    GAPEX             -0.002       0.052      0.479      -0.108       0.093
    GAPFREE           -0.124       0.044      0.006      -0.209      -0.037      *
    PRIRE              0.046       0.097      0.316      -0.148       0.233
    PRIADOTH          -0.052       0.049      0.139      -0.150       0.040
    DEGPROF            0.068       0.053      0.112      -0.041       0.165
    DEGMAST            0.024       0.034      0.234      -0.046       0.086
    DEGBAL             0.141       0.054      0.008       0.035       0.242      *
    TIMEEMP           -0.009       0.003      0.001      -0.014      -0.004      *
    TIMEEMP2           0.000       0.000      0.025       0.000       0.000
    ENGLISH           -0.010       0.055      0.426      -0.113       0.104
    AGE                0.003       0.002      0.030       0.000       0.006
    AGE2               0.000       0.000      0.000       0.000       0.001      *
    ASIAN             -0.089       0.086      0.161      -0.264       0.074
    BLACK              0.003       0.084      0.482      -0.165       0.167
    HISP               0.003       0.090      0.475      -0.164       0.172
    RACEOTH           -0.161       0.056      0.003      -0.268      -0.052      *
    NCHILD             0.040       0.011      0.000       0.017       0.062      *

 TERMS      ON
    GAPAA              0.104       0.029      0.000       0.045       0.157      *
    GAPCE             -0.138       0.083      0.041      -0.304       0.013
    GAPEX             -0.172       0.036      0.000      -0.244      -0.102      *
    GAPFREE           -0.391       0.031      0.000      -0.452      -0.328      *
    PRIRE              0.243       0.063      0.000       0.125       0.371      *
    PRIADOTH           0.098       0.031      0.001       0.036       0.161      *
    DEGPROF            0.053       0.034      0.058      -0.014       0.121
    DEGMAST            0.071       0.022      0.000       0.027       0.110      *
    DEGBAL             0.112       0.037      0.000       0.038       0.184      *
    TIMEEMP           -0.005       0.002      0.007      -0.008      -0.001      *
    TIMEEMP2           0.000       0.000      0.000       0.000       0.001      *
    ENGLISH           -0.022       0.033      0.242      -0.086       0.044
    AGE                0.003       0.001      0.002       0.001       0.005      *
    AGE2               0.000       0.000      0.000       0.000       0.000      *
    ASIAN             -0.023       0.053      0.320      -0.130       0.082
    BLACK              0.173       0.051      0.000       0.070       0.277      *
    HISP               0.024       0.059      0.356      -0.095       0.141
    RACEOTH           -0.088       0.035      0.004      -0.163      -0.024      *
    NCHILD             0.036       0.007      0.000       0.021       0.048      *

 BENEFITS   ON
    GAPAA             -0.489       0.053      0.000      -0.598      -0.382      *
    GAPCE             -0.331       0.186      0.043      -0.681       0.038
    GAPEX             -0.778       0.070      0.000      -0.915      -0.648      *
    GAPFREE           -1.005       0.051      0.000      -1.112      -0.904      *
    PRIRE              0.161       0.100      0.058      -0.031       0.366
    PRIADOTH           0.082       0.050      0.053      -0.017       0.186
    DEGPROF            0.006       0.057      0.458      -0.097       0.120
    DEGMAST           -0.049       0.036      0.085      -0.124       0.019
    DEGBAL            -0.006       0.067      0.463      -0.138       0.127
    TIMEEMP           -0.003       0.003      0.146      -0.010       0.002
    TIMEEMP2           0.001       0.000      0.000       0.000       0.001      *
    ENGLISH            0.105       0.061      0.054      -0.020       0.216
    AGE               -0.003       0.002      0.062      -0.006       0.001
    AGE2               0.000       0.000      0.094       0.000       0.000
    ASIAN             -0.082       0.093      0.178      -0.260       0.107
    BLACK             -0.057       0.095      0.278      -0.246       0.126
    HISP              -0.174       0.106      0.063      -0.371       0.043
    RACEOTH           -0.148       0.058      0.003      -0.264      -0.036      *
    NCHILD             0.032       0.013      0.008       0.005       0.055      *

 TURNINTE   ON
    WORK              -0.302       0.069      0.000      -0.443      -0.173      *
    RELATIONS         -0.107       0.036      0.000      -0.187      -0.047      *
    TERMS             -0.654       0.087      0.000      -0.827      -0.487      *
    BENEFITS          -0.003       0.044      0.472      -0.091       0.085

 TURNINTE   ON
    GAPAA             -0.044       0.076      0.290      -0.183       0.114
    GAPCE              0.165       0.213      0.234      -0.267       0.579
    GAPEX             -0.271       0.095      0.003      -0.451      -0.081      *
    GAPFREE            0.021       0.082      0.402      -0.129       0.186
    PRIRE              0.203       0.166      0.105      -0.106       0.516
    PRIADOTH           0.202       0.084      0.007       0.047       0.371      *
    DEGPROF            0.014       0.084      0.431      -0.149       0.181
    DEGMAST           -0.035       0.060      0.289      -0.149       0.094
    DEGBAL             0.002       0.096      0.492      -0.188       0.187
    TIMEEMP            0.006       0.005      0.077      -0.002       0.016
    TIMEEMP2           0.000       0.000      0.414       0.000       0.000
    ENGLISH            0.474       0.091      0.000       0.301       0.659      *
    AGE               -0.002       0.003      0.281      -0.006       0.004
    AGE2               0.000       0.000      0.002      -0.001       0.000      *
    ASIAN             -0.274       0.133      0.009      -0.533      -0.030      *
    BLACK             -0.131       0.134      0.151      -0.407       0.135
    HISP              -0.065       0.157      0.351      -0.346       0.258
    RACEOTH           -0.069       0.095      0.236      -0.254       0.119
    NCHILD            -0.034       0.020      0.053      -0.071       0.007

 Variances
    ENGLISH            0.084       0.002      0.000       0.080       0.088      *
    AGE              138.811       3.436      0.000     132.347     145.859      *
    GAPAA              0.148       0.004      0.000       0.142       0.156      *
    GAPCE              0.013       0.000      0.000       0.013       0.014      *
    GAPEX              0.087       0.002      0.000       0.082       0.091      *
    GAPFREE            0.128       0.003      0.000       0.122       0.134      *
    ASIAN              0.033       0.001      0.000       0.032       0.035      *
    BLACK              0.028       0.001      0.000       0.027       0.030      *
    HISP               0.025       0.001      0.000       0.024       0.026      *
    RACEOTH            0.066       0.002      0.000       0.063       0.069      *
    DEGPROF            0.087       0.002      0.000       0.083       0.091      *
    DEGMAST            0.232       0.006      0.000       0.221       0.244      *
    DEGBAL             0.070       0.002      0.000       0.067       0.073      *
    TIMEEMP           68.042       1.757      0.000      64.843      71.799      *
    PRIRE              0.020       0.000      0.000       0.019       0.021      *
    PRIADOTH           0.087       0.002      0.000       0.083       0.091      *
    NCHILD             1.768       0.044      0.000       1.685       1.855      *
    TIMEEMP2       38032.969     935.231      0.000   36178.109   39807.820      *
    AGE2           25903.879     655.925      0.000   24619.699   27240.457      *

 Residual Variances
    SATIS01            0.538       0.015      0.000       0.509       0.569      *
    SATIS02            0.222       0.018      0.000       0.189       0.263      *
    SATIS03            0.251       0.017      0.000       0.217       0.282      *
    SATIS04            0.495       0.016      0.000       0.467       0.529      *
    SATIS05            0.489       0.014      0.000       0.462       0.519      *
    SATIS06            0.461       0.012      0.000       0.437       0.486      *
    SATIS07            0.721       0.020      0.000       0.684       0.760      *
    SATIS08            0.341       0.010      0.000       0.321       0.362      *
    SATIS09            0.064       0.012      0.000       0.037       0.086      *
    SATIS10            0.330       0.012      0.000       0.306       0.355      *
    SATIS11            0.389       0.010      0.000       0.369       0.410      *
    SATIS12            0.490       0.018      0.000       0.458       0.526      *
    SATIS13            0.599       0.018      0.000       0.565       0.633      *
    SATIS14            0.275       0.010      0.000       0.257       0.295      *
    SATIS15            0.378       0.011      0.000       0.358       0.402      *
    SATIS16            0.747       0.064      0.000       0.641       0.898      *
    SATIS17            0.308       0.016      0.000       0.274       0.338      *
    SATIS18            0.656       0.018      0.000       0.621       0.694      *
    SATIS20            0.845       0.044      0.000       0.756       0.939      *
    WORK               0.216       0.014      0.000       0.192       0.248      *
    RELATIONS          0.587       0.020      0.000       0.549       0.625      *
    TERMS              0.187       0.013      0.000       0.160       0.211      *
    BENEFITS           0.500       0.024      0.000       0.451       0.547      *

Between Level

 WORK2    BY
    SATIS05            1.000       0.000      0.000       1.000       1.000
    SATIS06            4.087       0.858      0.000       2.907       6.159      *
    SATIS07            4.191       0.935      0.000       2.831       6.387      *
    SATIS08            2.542       0.586      0.000       1.560       3.867      *
    SATIS13            0.481       0.558      0.196      -0.602       1.565
    SATIS14            1.728       0.436      0.000       1.080       2.801      *
    SATIS15            2.953       0.720      0.000       1.970       4.960      *
    SATIS18            0.953       0.745      0.100      -0.610       2.340

 REL2     BY
    SATIS09            1.000       0.000      0.000       1.000       1.000
    SATIS10            0.802       0.195      0.000       0.370       1.181      *
    SATIS11            1.461       0.408      0.000       0.989       2.429      *

 TERMS2   BY
    SATIS01            1.000       0.000      0.000       1.000       1.000
    SATIS04            0.582       0.188      0.001       0.159       0.948      *
    SATIS12            1.483       0.272      0.000       0.887       1.863      *
    SATIS16           -0.279       0.712      0.351      -1.787       0.773
    SATIS17            1.114       0.267      0.000       0.541       1.549      *

 BEN2     BY
    SATIS02            1.000       0.000      0.000       1.000       1.000
    SATIS03            1.133       0.096      0.000       0.931       1.314      *
    SATIS20            0.504       0.235      0.020       0.047       0.954      *

 WORK2      ON
    PUBLIC            -0.047       0.013      0.000      -0.074      -0.023      *
    WESTOTH            0.022       0.012      0.016       0.002       0.049      *
    MIDWEST            0.023       0.011      0.001       0.006       0.049      *
    SOUTH              0.008       0.015      0.296      -0.018       0.043

 REL2       ON
    PUBLIC            -0.075       0.021      0.000      -0.120      -0.041      *
    WESTOTH            0.028       0.028      0.103      -0.015       0.095
    MIDWEST           -0.009       0.025      0.359      -0.051       0.047
    SOUTH              0.004       0.038      0.461      -0.050       0.099

 TERMS2     ON
    PUBLIC            -0.158       0.039      0.000      -0.256      -0.093      *
    WESTOTH            0.036       0.049      0.222      -0.088       0.105
    MIDWEST            0.068       0.043      0.056      -0.015       0.156
    SOUTH              0.108       0.058      0.043      -0.031       0.208

 BEN2       ON
    PUBLIC             0.006       0.050      0.438      -0.093       0.111
    WESTOTH           -0.113       0.055      0.019      -0.224      -0.005      *
    MIDWEST           -0.030       0.053      0.285      -0.134       0.070
    SOUTH              0.008       0.080      0.461      -0.149       0.155

 TURNINTE   ON
    WORK2              2.732       0.978      0.000       0.840       4.672      *
    REL2               0.872       0.963      0.124      -0.870       2.863
    TERMS2            -0.736       0.390      0.035      -1.461       0.093
    BEN2               0.137       0.136      0.156      -0.116       0.405

 TURNINTE   ON
    PUBLIC             0.167       0.100      0.047      -0.038       0.377
    WESTOTH            0.096       0.079      0.083      -0.064       0.264
    MIDWEST            0.114       0.088      0.050      -0.024       0.328
    SOUTH              0.107       0.115      0.159      -0.084       0.336

 Means
    PUBLIC             0.365       0.025      0.000       0.312       0.414      *
    WESTOTH            0.225       0.022      0.000       0.184       0.269      *
    MIDWEST            0.320       0.025      0.000       0.267       0.367      *
    SOUTH              0.144       0.019      0.000       0.104       0.178      *
    ENGLISH            0.909       0.007      0.000       0.896       0.924      *
    AGE                0.266       0.297      0.199      -0.321       0.814
    GAPAA              0.184       0.011      0.000       0.162       0.208      *
    GAPCE              0.015       0.003      0.000       0.009       0.020      *
    GAPEX              0.080       0.007      0.000       0.066       0.092      *
    GAPFREE            0.147       0.009      0.000       0.129       0.162      *
    ASIAN              0.033       0.004      0.000       0.026       0.041      *
    BLACK              0.028       0.005      0.000       0.018       0.036      *
    HISP               0.023       0.004      0.000       0.016       0.030      *
    RACEOTH            0.068       0.005      0.000       0.058       0.078      *
    DEGPROF            0.094       0.006      0.000       0.080       0.105      *
    DEGMAST            0.506       0.013      0.000       0.480       0.531      *
    DEGBAL             0.079       0.007      0.000       0.066       0.092      *
    TIMEEMP            0.797       0.258      0.001       0.291       1.294      *
    PRIRE              0.019       0.004      0.000       0.012       0.028      *
    PRIADOTH           0.115       0.009      0.000       0.097       0.131      *
    NCHILD             1.560       0.034      0.000       1.489       1.624      *
    TIMEEMP2          72.922       3.452      0.000      65.142      79.296      *
    AGE2             146.771       2.519      0.000     141.108     151.815      *

 Intercepts
    SATIS01            2.270       0.037      0.000       2.204       2.364      *
    SATIS02            2.604       0.032      0.000       2.539       2.664      *
    SATIS03            2.538       0.029      0.000       2.481       2.596      *
    SATIS04            2.388       0.027      0.000       2.332       2.443      *
    SATIS05            2.621       0.018      0.000       2.586       2.653      *
    SATIS06            2.753       0.031      0.000       2.687       2.808      *
    SATIS07            2.754       0.035      0.000       2.678       2.820      *
    SATIS08            3.263       0.017      0.000       3.219       3.288      *
    SATIS09            3.101       0.018      0.000       3.062       3.132      *
    SATIS10            2.874       0.019      0.000       2.839       2.907      *
    SATIS11            3.221       0.033      0.000       3.165       3.283      *
    SATIS12            2.381       0.039      0.000       2.293       2.466      *
    SATIS13            2.925       0.017      0.000       2.890       2.958      *
    SATIS14            3.081       0.016      0.000       3.052       3.115      *
    SATIS15            3.340       0.020      0.000       3.294       3.374      *
    SATIS16            1.864       0.056      0.000       1.742       1.970      *
    SATIS17            2.071       0.029      0.000       2.011       2.130      *
    SATIS18            2.857       0.023      0.000       2.815       2.904      *
    SATIS20            2.742       0.048      0.000       2.650       2.839      *

 Thresholds
    TURNINTE$1         0.194       0.059      0.000       0.084       0.313      *

 Variances
    PUBLIC             0.235       0.018      0.000       0.203       0.272      *
    WESTOTH            0.176       0.013      0.000       0.152       0.204      *
    MIDWEST            0.219       0.017      0.000       0.190       0.256      *
    SOUTH              0.124       0.009      0.000       0.108       0.144      *
    ENGLISH            0.004       0.001      0.000       0.002       0.006      *
    AGE                8.615       2.141      0.000       5.256      13.576      *
    GAPAA              0.015       0.003      0.000       0.011       0.021      *
    GAPCE              0.001       0.000      0.000       0.001       0.001      *
    GAPEX              0.004       0.001      0.000       0.003       0.006      *
    GAPFREE            0.009       0.002      0.000       0.007       0.012      *
    ASIAN              0.001       0.000      0.000       0.001       0.002      *
    BLACK              0.003       0.001      0.000       0.002       0.004      *
    HISP               0.001       0.000      0.000       0.001       0.002      *
    RACEOTH            0.001       0.000      0.000       0.001       0.002      *
    DEGPROF            0.003       0.001      0.000       0.002       0.004      *
    DEGMAST            0.018       0.004      0.000       0.011       0.027      *
    DEGBAL             0.003       0.001      0.000       0.002       0.005      *
    TIMEEMP            8.709       1.689      0.000       5.892      12.531      *
    PRIRE              0.002       0.000      0.000       0.001       0.002      *
    PRIADOTH           0.010       0.002      0.000       0.007       0.013      *
    NCHILD             0.110       0.024      0.000       0.069       0.160      *
    TIMEEMP2         237.550     197.011      0.000      37.241     733.599      *
    AGE2             108.843      93.802      0.000       8.256     341.898      *

 Residual Variances
    TURNINTE           0.027       0.010      0.000       0.011       0.051      *
    SATIS01            0.043       0.009      0.000       0.026       0.062      *
    SATIS02            0.036       0.008      0.000       0.023       0.053      *
    SATIS03            0.005       0.006      0.000       0.002       0.023      *
    SATIS04            0.016       0.005      0.000       0.007       0.026      *
    SATIS05            0.013       0.005      0.000       0.006       0.025      *
    SATIS06            0.044       0.011      0.000       0.028       0.070      *
    SATIS07            0.056       0.014      0.000       0.031       0.084      *
    SATIS08            0.003       0.002      0.000       0.001       0.009      *
    SATIS09            0.003       0.002      0.000       0.001       0.007      *
    SATIS10            0.002       0.001      0.000       0.000       0.006      *
    SATIS11            0.004       0.003      0.000       0.001       0.010      *
    SATIS12            0.017       0.008      0.000       0.003       0.033      *
    SATIS13            0.015       0.007      0.000       0.006       0.033      *
    SATIS14            0.005       0.003      0.000       0.001       0.013      *
    SATIS15            0.010       0.003      0.000       0.004       0.019      *
    SATIS16            0.134       0.043      0.000       0.046       0.231      *
    SATIS17            0.010       0.006      0.000       0.003       0.025      *
    SATIS18            0.043       0.012      0.000       0.022       0.065      *
    SATIS20            0.252       0.049      0.000       0.170       0.366      *
    WORK2              0.002       0.001      0.000       0.001       0.004      *
    REL2               0.003       0.002      0.000       0.001       0.009      *
    TERMS2             0.015       0.009      0.000       0.007       0.038      *
    BEN2               0.071       0.014      0.000       0.045       0.101      *


     Beginning Time:  08:18:54
        Ending Time:  08:19:46
       Elapsed Time:  00:00:52



MUTHEN & MUTHEN
3463 Stoner Ave.
Los Angeles, CA  90066

Tel: (310) 391-9971
Fax: (310) 391-8971
Web: www.StatModel.com
Support: Support@StatModel.com

Copyright (c) 1998-2017 Muthen & Muthen
