Mplus VERSION 8 (Mac)
MUTHEN & MUTHEN
01/07/2018   9:37 AM

INPUT INSTRUCTIONS

  TITLE:		Title
  DATA:		FILE = /Users/chadgevans/Documents/Research/Projects/Data/HERI/Cache/mp_test.txt;
  VARIABLE:		NAMES = TURNINTE ACE SATIS01 SATIS02 SATIS03 SATIS04 SATIS05
  		SATIS06 SATIS07 SATIS08 SATIS09 SATIS10 SATIS11 SATIS12
  		SATIS13 SATIS14 SATIS15 SATIS16 SATIS17 SATIS18 SATIS20
  		Female English Age Public Product GAPFree GAPCE GAPAA
  		GAPFT DEGProf DEGMast DEGBAL BIGHP BIGSA BIGSP TIMEEMP
  		nChild TIMEEMP2 Age2;
  		USEVARIABLES = TURNINTE ACE SATIS01 SATIS02 SATIS03 SATIS04 SATIS05
  		SATIS06 SATIS07 SATIS08 SATIS09 SATIS10 SATIS11 SATIS12
  		SATIS13 SATIS14 SATIS15 SATIS16 SATIS17 SATIS18 SATIS20
  		Female English Age Public Product GAPFree GAPCE GAPAA
  		GAPFT DEGProf DEGMast DEGBAL BIGHP BIGSA BIGSP TIMEEMP
  		nChild TIMEEMP2 Age2;
  		CATEGORICAL = TURNINTE;
  		MISSING = *;
  		CLUSTER = ACE;
  		BETWEEN = Public
  ANALYSIS: 		Type = TWOLEVEL;
  		ESTIMATOR=BAYES;
  		PROCESSORS=2;
  		FBITER=1000
  MODEL:		%WITHIN%
      		Work BY SATIS05 SATIS06 SATIS07 SATIS08
      		SATIS13 SATIS14 SATIS15 SATIS18;
      		Relations BY SATIS09 SATIS10 SATIS11;
      		Terms BY SATIS01 SATIS04 SATIS12 SATIS16 SATIS17;
      		Benefits BY SATIS02 SATIS03 SATIS20;
      		Work Relations Terms Benefits ON GAPFree GAPCE GAPAA GAPFT
      		Age Age2 Female nChild English DEGProf DEGMast DEGBAL
      		Product TIMEEMP TIMEEMP2 BIGHP BIGSA BIGSP;
  		TURNINTE ON GAPFree GAPCE GAPAA GAPFT
      		Age Age2 Female nChild English DEGProf DEGMast DEGBAL
      		Product TIMEEMP TIMEEMP2 BIGHP BIGSA BIGSP
      		Work Relations Terms Benefits;
      		GAPFree GAPCE GAPAA GAPFT
      		Age Age2 Female nChild English DEGProf DEGMast DEGBAL
      		Product TIMEEMP TIMEEMP2 BIGHP BIGSA BIGSP
      		SATIS01 SATIS02 SATIS03 SATIS04 SATIS05
  		SATIS06 SATIS07 SATIS08 SATIS09 SATIS10 SATIS11 SATIS12
  		SATIS13 SATIS14 SATIS15 SATIS16 SATIS17 SATIS18 SATIS20;
  		
  		%BETWEEN%
  		Work2 BY SATIS05 SATIS06 SATIS07 SATIS08
      		SATIS13 SATIS14 SATIS15 SATIS18;
      		Rel2 BY SATIS09 SATIS10 SATIS11;
      		Terms2 BY SATIS01 SATIS04 SATIS12 SATIS16 SATIS17;
      		Ben2 BY SATIS02 SATIS03 SATIS20;
      		Work2 Rel2 Terms2 Ben2 ON Public;
  		TURNINTE ON Public Work2 Rel2 Terms2 Ben2;
  		Public;



*** WARNING
  One or more individual-level variables have no variation within a
  cluster for the following clusters.

     Variable   Cluster IDs with no within-cluster variation

      TURNINTE    2792 1286 536 2087 2947 858 383 646 5361 5365 424 5753 686 5864 461 1173 706
                  774 1818 2439 109 1204 7031 7051 7056 2645 1211 8326 8424 1209 1023 1573 2247
                  1281 2277 218 1329 2022 8330 2447 362 2432 685 2028 5028 2648 463 2297 5814
                  2993 6332
      SATIS01     536 2087 2969 5121 5365 5622 5864 1173 1735 6139 774 1818 1204 1952 7031 8356
                  1023 1809 642 178 2274
      SATIS02     19 27 653 689 776 1054 1189 1513 2061 2147 2942 4867 5052 5571 5888 6094 6098
                  6615 6649 7408 8314 9107 219 536 2087 858 5121 646 5361 5365 5398 5753 1173
                  1735 6139 774 2439 109 7031 7056 2678 8424 5536 2283 2447 2335 6345 5535 5028
                  89 6038 1556 2023 2269 1891 2026
      SATIS03     19 27 689 776 1054 1513 2061 2063 2147 5052 5571 5888 6094 6098 6615 7408 8314
                  9107 219 2087 858 383 646 5361 5398 424 5773 461 1173 1735 774 1818 7031 2645
                  1211 2678 8326 5536 1573 2283 1809 855 2447 5535 7028 5028 6038 2023 2265 2696
      SATIS04     19 27 1054 1142 2147 5052 5571 5888 6067 6076 6094 6615 7408 8314 9107 5398
                  1094 5622 706 774 2439 109 1204 1952 7031 7051 2678 8424 657 2263 2277 218 1096
                  28 7275 8330 5535 2685
      SATIS05     1931 4831 2087 2947 858 1013 5398 5622 5773 1735 774 1818 109 7056 2678 8424
                  2247 2825 1281 218 28 642 5535 2028 89 2027 476
      SATIS06     2786 2792 219 536 2087 2969 858 383 1013 5361 5398 2233 1094 1735 774 7056 2678
                  8326 8356 8424 55 2247 1809 1096 28 642 1667 1929 2564
      SATIS07     19 1054 1931 2657 5199 5456 6094 9107 2792 219 1286 536 2947 646 5365 5398 1094
                  5622 5773 461 774 1818 1952 2645 1274 1573 1675 2277 2283 1809 5194 7275 1846
                  2954 929 5028 2075
      SATIS08     1931 2792 219 2947 2113 383 646 5365 5753 5773 686 5864 461 774 1818 1204 7056
                  2645 8356 8424 1573 2247 2283 1809 1096 28 5194 8330 9106 2028
      SATIS09     536 2087 2969 383 646 5365 424 1094 5753 5773 686 461 706 774 1204 7031 7056
                  2645 8424 1573 218 1096 5194 2269
      SATIS10     1496 1705 1831 2608 5297 5888 6679 8314 1286 536 2087 2969 646 5365 1094 5773
                  1173 706 774 7031 7056 8326 8356 8424 1274 1573 2283 1096 1329 5194 929 1085
                  89 2236 2023
      SATIS11     2786 2792 219 536 2087 2969 858 383 5365 5398 5622 5773 461 706 1735 6139 109
                  1952 7031 1211 2678 8424 2247 2283 28 5194 7275 170 9106 5028 2269
      SATIS12     219 2113 858 1013 461 706 6139 1952 2678 8326 1274 2277 2283 1846 7028
      SATIS13     2786 383 646 5365 5773 1173 706 6139 774 2439 1952 8356 2247 2022 5028 1777
      SATIS14     1931 4831 1286 2087 5365 5398 424 5622 5864 706 1735 6139 109 7051 2678 462
                  1209 319 28 5194 2267 1667 929 89 6038 2027 700
      SATIS15     1931 2333 4831 5834 219 2087 2969 2113 858 383 646 5398 2233 5622 686 5864 706
                  6139 1818 2439 1204 7031 7051 8326 1573 319 2283 1809 218 1329 5212 178 9106
                  362 2267 2232
      SATIS16     8 19 27 199 246 266 325 464 519 634 653 689 787 834 947 1054 1078 1142 1156
                  1187 1188 1189 1276 1322 1328 1354 1362 1486 1487 1496 1513 1705 1755 1931 2061
                  2063 2066 2072 2147 2192 2201 2213 2262 2289 2317 2324 2333 2334 2341 2554 2594
                  2608 2657 2796 2858 2942 4831 4867 5052 5199 5297 5534 5571 5834 5888 6067 6076
                  6094 6098 6232 6532 6615 6617 6649 6679 7241 7408 8314 9107 2792 1286 2947 2969
                  2113 858 383 5121 5361 5365 2233 424 1094 5622 5753 5773 686 5864 2319 706 1735
                  6139 1818 2439 109 1204 1952 7031 7056 2645 2678 8326 8356 1274 657 5536 462
                  1209 1023 1573 1675 55 319 2247 2263 1809 4841 28 1329 7275 5212 642 8330 6345
                  2267 1667 685 5535 2954 5569 929 2028 1085 833 5028 2236 2023 2027 2265 2685
                  1111 1745 1929 2297 821 1777 476 4849 1506 379 2679 781 2857 1991 620 6332 2285
                  2193 2734 525 5759 9104 2163 6157 1355 230 518 1589 2659 2211 6138 763 1873
                  2026 2215 2144 5053 7307 783 1082 1808 1325 2302 841 753 4899 5330 5414 1946
                  322 416 5700
      SATIS17     19 27 653 689 1322 1486 2072 2147 2213 4867 5571 6067 6076 6098 6679 8314 1286
                  2087 2969 858 1013 5361 5864 6139 1204 1952 1274 657 1023 1675 1281 1096 642
                  8330 2335 1846 6345 2954 5569 2265 2269 379
      SATIS18     27 9107 2113 5121 5365 2233 5753 5773 686 2439 7031 7051 1211 2277 1809 4841
                  28 5194 642 855 5535
      SATIS20     8 19 27 199 246 325 464 634 653 689 834 1054 1078 1142 1156 1187 1189 1328 1335
                  1487 1705 1755 1931 2063 2072 2147 2201 2213 2262 2289 2317 2334 2341 2554 2594
                  2608 2796 4867 5297 5534 5834 5888 6067 6076 6094 6098 6232 6532 6615 6649 6679
                  7408 8314 9107 2792 1286 2947 2969 2113 858 383 5121 5773 5864 1173 6139 774
                  1818 2439 109 1952 7051 2645 8326 8424 1274 657 462 319 2247 2825 1281 2263
                  1809 4841 2022 8330 855 2335 2829 6345 7028 2978 5028 6038 2023 2648 2265 463
                  2685 5277 2269 1506 700 2696 2993 2272 1939 1991 620 2195 703 6332 2285 6157
                  268 4889 207 763 236
      FEMALE      2786 2792 1286 2113 383 5121 646 5365 5398 2233 424 1094 5753 2319 109 1204
                  7031 7051 2645 1211 2678 8326 8356 8424 2212 2825 218 2022 642 8330 2447 781
      ENGLISH     2786 219 1286 536 2087 2947 2969 858 383 5121 646 5361 5365 2233 1094 5622 5753
                  5773 686 5864 461 2319 1173 706 1735 6139 774 1818 2439 109 1952 7031 7051 7056
                  2645 1211 2678 8356 8424 1274 657 5536 462 1209 1023 1573 1675 2212 55 2247
                  2825 1281 2263 2283 1809 218 4841 28 1329 5194 2022 7275 5212 642 170 855 178
                  9106 362 2335 1846 2829 2432 1667 685 7028 2954 5569 929 5589 2978 2028 1085
                  5028 89 6038 2236 2027 2648 2265 463 2685 1745 1929 2297 1777 2564 1676 5277
                  2269 2274 2232 4849 2238 2241 1506 5167 1084 2679 700 2696 781 2857 2993 2272
                  1939 620 853 2784 1491 2253 2285 2193 525 2237 5759 597 274 1882 1355 518 815
                  1589 2659 2735 2934 6138 763 2026 783 655 6677 1808 2631 5414 5700
      AGE         5834 2113 706
      PRODUCT     536 858 5121 646 1818 109 1952 7031 1211 8326 8424 4841 5212 855 5028
      GAPFREE     2792 219 536 2087 2947 2969 2113 383 5121 1013 646 5361 5398 2233 424 1094 5622
                  5753 5773 686 5864 461 2319 1173 706 774 1818 2439 109 1204 1952 7051 2678 8326
                  8356 657 462 1209 1023 1573 1675 2212 55 319 2247 2825 1281 2263 2277 2283 1809
                  218 4841 1096 28 5194 2022 7275 5212 642 170 8330 855 178 9106 2447 362 2335
                  2829 6345 2432 2267 1667 685 7028 2954 5569 929 5589 2978 2028 1085 833 89 6038
                  2236 2023 2027 2648 2265 463 2685 1111 7306 1745 1929 2297 821 2564 1676 5814
                  2269 2274 2232 1338 476 4849 2241 1506 2591 379 7560 1729 2679 700 2696 2844
                  414 2336 2857 2993 1939 1826 620 853 2784 6332 1491 2253 2734 525 2237 5759
                  1344 7256 1269 1882 1622 2163 959 268 815 2868 6213 4889 2735 1823 2934 763
                  2026 2144 1295 1499 783 655 1456 895 2302 141 1987 267 5330 1086 1947 1946 2347
                  2079 1184 8206
      GAPCE       2786 2792 219 1286 536 2087 2947 2113 858 383 5121 1013 646 5361 5398 2233 424
                  1094 5622 5753 5773 686 5864 461 2319 1173 706 1735 6139 774 1818 2439 109 1204
                  1952 7031 7051 2645 1211 2678 8326 8356 8424 1274 657 5536 1209 1023 1675 2212
                  319 2247 2825 1281 2263 2277 2283 1809 218 4841 1096 28 1329 2022 7275 5212
                  642 855 178 9106 2447 362 2335 1846 2829 6345 2267 1667 685 5535 7028 2954 5569
                  929 5589 2028 833 5028 89 6038 2236 2027 2648 2265 1111 7306 1745 1929 2297
                  821 1676 5814 752 5277 2269 2274 2232 1338 476 4849 2238 2241 1506 2591 5167
                  379 1084 157 7560 1891 1729 2679 700 2696 2732 414 2336 2857 2993 2272 1826
                  1077 1991 620 853 703 2784 1245 2080 6332 1491 2253 1327 2285 2193 2734 525
                  2237 5759 1344 7256 274 1269 1882 9104 1622 959 268 230 518 1213 2868 6213 2735
                  1823 2934 207 6138 763 2026 2215 2144 1499 783 655 1456 5795 895 6677 1082 1808
                  1325 2302 753 141 1987 4899 5330 2866 1152 1947 654 172 1946 2347 2079 416 2415
                  1184 1842 2726
      GAPAA       2792 219 1286 536 2087 2947 2969 2113 858 383 1013 646 5365 5398 2233 424 1094
                  5622 5753 5773 686 5864 461 1173 706 1735 1818 2439 109 1952 7031 7051 2678
                  8326 8356 657 462 1023 1675 2212 319 2825 2263 2277 2283 1809 218 4841 1096
                  1329 5194 2022 642 855 178 9106 2447 362 2335 1846 2829 2267 685 2954 5569 929
                  5589 2978 1085 833 89 2236 2027 2648 463 1929 2297 821 2564 5814 2269 2274 476
                  4849 2241 2591 379 7560 1891 1729 700 2844 781 414 2336 2857 2031 1939 703 2784
                  6332 2253 5759 7256 1269 2163 959 2868 6213 2735 1823 1499 783 2302 1987 267
                  1946 2347 2079 1184
      GAPFT       2786 2792 219 536 2087 2947 2113 383 1013 646 5365 5398 2233 424 1094 5753 5773
                  5864 461 2319 1173 706 1735 6139 1818 2439 109 1952 7031 7051 2645 1211 2678
                  8326 8356 8424 1274 657 1023 1675 2212 55 2825 2263 2277 2283 1809 218 4841
                  1096 2022 642 8330 855 178 9106 2447 362 2335 2829 2267 685 5535 5569 929 5589
                  2028 833 5028 89 6038 2236 2023 2027 2648 1929 2297 821 5814 2269 2274 476 4849
                  2241 2591 379 7560 1729 700 2696 414 2336 2857 2195 2784 6332 2253 5759 7256
                  1269 959 2868 6213 4889 2735 1823 1499 783 1987 654 1946 2347 2079 2101 1184
      DEGPROF     2786 2792 219 1286 2087 2947 2969 2113 383 5121 1013 5361 5365 424 1094 5622
                  5753 5773 686 5864 461 2319 1173 706 1735 774 1818 109 1204 1952 7031 7051 7056
                  2645 1211 2678 8326 8356 8424 5536 462 1209 1023 1573 1675 2212 2247 2825 2263
                  2277 2283 1809 218 4841 1096 28 1329 2022 7275 642 170 855 178 2447 2335 1846
                  2829 6345 2432 2267 1667 5535 7028 2954 5569 929 2978 2028 833 5028 89 2236
                  1556 2023 2027 2265 2685 1111 7306 1745 1929 821 1777 2564 2075 2232 2238 2241
                  5167 1084 1891 1729 2696 2844 781 2336 2031 2272 1939 1826 620 703 1245 2080
                  6332 1327 2285 2193 2734 2237 5759 1344 597 1269 1622 2163 268 1355 230 815
                  1213 2659 2735 207 6138 763 2026 5795 2631 753 5562 1947 1946 2347 2079 211
      DEGMAST     2792 219 1286 2113 5121 5361 5365 5398 424 1094 5622 5773 686 461 2319 706 1735
                  1818 109 1952 7051 2645 1211 2678 8326 8356 1274 657 462 1675 2212 55 2247 2283
                  2022 7275 170 178 2267 7028 2028 1085 833 2236 463 2564 2269 2232 2696 703
      DEGBAL      2786 2792 219 1286 536 2087 2947 2969 2113 858 383 5121 1013 646 5365 2233 424
                  1094 5773 686 5864 461 2319 1173 706 6139 774 1818 109 1204 1952 7051 7056 2678
                  8326 8356 1274 657 5536 462 1209 1573 1675 2212 55 319 2247 1281 2263 2277 2283
                  1809 218 4841 1096 28 1329 7275 642 170 855 178 2447 362 2335 1846 2432 2267
                  685 2954 5569 929 2028 1085 833 89 6038 2236 1556 2648 2265 463 2685 1111 7306
                  1929 2297 821 1777 1676 5814 5277 2075 2269 2232 1338 476 4849 2238 2241 1506
                  2591 379 1084 157 7560 2679 2696 2844 414 2336 2857 1939 1077 620 2195 703 2784
                  6332 1327 2193 525 2237 5759 1882 1622 6157 1589 2868 6213 2659 4889 2211 207
                  6138 1873 1295 5795 1082 1987 227 1339 1152 1947
      BIGHP       2786 2792 219 1286 536 2087 2947 2969 2113 858 383 5121 646 5361 5365 5398 2233
                  424 1094 5622 5753 686 5864 461 706 1735 6139 774 1818 109 1204 1952 7031 7051
                  7056 2645 1211 2678 8326 8424 1274 657 5536 462 1209 1023 1573 1675 2212 55
                  319 2247 2825 1281 2263 2277 2283 1809 218 4841 1096 28 5194 2022 7275 5212
                  642 170 8330 178 9106 2447 362 2335 1846 2829 6345 2432 2267 1667 685 5535 7028
                  2954 5569 5589 2978 2028 833 5028 89 6038 2023 2027 2265 2685 7306 1745 2297
                  821 1777 2564 1676 5814 5277 2075 2269 2274 2232 476 4849 2238 1506 2591 5167
                  379 1084 157 1891 1729 2679 700 2696 2732 781 414 2031 1077 1991 620 2195 853
                  2784 1491 2253 2285 2193 2734 525 2237 5759 1344 7256 1882 1622 2163 6157 959
                  268 1355 230 518 815 2868 2659 4889 2735 2211 1823 2026 2144 7307 1499 655 1082
                  1808 1325 2631 4899 2266 267 2306 227 5562 1086 1820 2866 1152 1662 654 172
                  1946 416 6077 2415 2410 599 5700 1842 2945 211 2726 2251
      BIGSA       2786 2792 219 536 2087 2113 383 5121 646 5361 5398 2233 424 1094 5622 5773 5864
                  461 2319 706 1735 6139 1818 2439 1204 1952 7051 7056 2645 1211 8356 8424 1274
                  5536 462 1023 1675 319 2247 2263 1809 218 4841 1329 5194 2022 170 8330 855 362
                  2829 6345 2267 7028 5569 2028 833 5028 89 2236 1556 2023 2648 2265 1111 7306
                  1745 2564 1676 752 2075 1338 476 4849 2238 1084 157 1891 2844 2732 2336 2993
                  2272 1939 1826 6332 2237 9104 6157 2735 207 1873 2215 2144 1295 2306
      BIGSP       2786 2792 219 536 2947 2969 383 5121 1013 646 5398 2233 424 1094 5622 5753 461
                  2319 1173 706 1735 774 1818 109 1204 1952 7031 7051 8326 8356 657 2212 319 2825
                  2283 1329 2022 5212 642 8330 685 5535 7028 2954 929 5814 2274 4849 2857 2031
                  655
      TIMEEMP     2064 2324 5534 5571 2087 2113 2247 1329
      NCHILD      776 1188 6076 219 2947 2113 5121 5365 2233 1094 5864 461 706 1952 2645 1274
                  657 2263 2283 1096
      TIMEEMP2    2064 2324 5534 5571 2087 2113 2247 1329
      AGE2        5834 2113 706

   1 WARNING(S) FOUND IN THE INPUT INSTRUCTIONS



Title

SUMMARY OF ANALYSIS

Number of groups                                                 1
Number of observations                                        3592

Number of dependent variables                                   20
Number of independent variables                                 19
Number of continuous latent variables                            8

Observed dependent variables

  Continuous
   SATIS01     SATIS02     SATIS03     SATIS04     SATIS05     SATIS06
   SATIS07     SATIS08     SATIS09     SATIS10     SATIS11     SATIS12
   SATIS13     SATIS14     SATIS15     SATIS16     SATIS17     SATIS18
   SATIS20

  Binary and ordered categorical (ordinal)
   TURNINTE

Observed independent variables
   FEMALE      ENGLISH     AGE         PUBLIC      PRODUCT     GAPFREE
   GAPCE       GAPAA       GAPFT       DEGPROF     DEGMAST     DEGBAL
   BIGHP       BIGSA       BIGSP       TIMEEMP     NCHILD      TIMEEMP2
   AGE2

Continuous latent variables
   WORK        RELATION    TERMS       BENEFITS    WORK2       REL2
   TERMS2      BEN2

Variables with special functions

  Cluster variable      ACE

  Between variables
   PUBLIC


Estimator                                                    BAYES
Specifications for Bayesian Estimation
  Point estimate                                            MEDIAN
  Number of Markov chain Monte Carlo (MCMC) chains               2
  Random seed for the first chain                                0
  Starting value information                           UNPERTURBED
  Treatment of categorical mediator                         LATENT
  Algorithm used for Markov chain Monte Carlo           GIBBS(PX1)
  Fixed number of iterations                                  1000
  K-th iteration used for thinning                               1
Link                                                        PROBIT

Input data file(s)
  /Users/chadgevans/Documents/Research/Projects/Data/HERI/Cache/mp_test.txt
Input data format  FREE


SUMMARY OF DATA

     Number of clusters                        363

       Size (s)    Cluster ID with Size s

          1        8 19 27 199 246 257 266 325 464 519 634 653 689 776
                   787 834 947 1054 1078 1142 1156 1187 1188 1189 1276
                   1322 1328 1335 1354 1362 1479 1486 1487 1496 1513 1705
                   1755 1831 1931 2061 2063 2064 2066 2072 2147 2192 2201
                   2213 2262 2289 2308 2317 2324 2329 2333 2334 2341 2554
                   2594 2608 2657 2764 2796 2858 2931 2942 4831 4867 5052
                   5199 5297 5456 5534 5571 5834 5888 6067 6076 6094 6098
                   6232 6532 6615 6617 6649 6679 7241 7408 8314 9107
          2        2786 2792 219 1286 536 2087 2947 2969 2113 858 383 5121
                   1013 646 5361 5365 5398 2233 424 1094 5622 5753 5773
                   686 5864 461 2319 1173 706 1735 6139 774 1818 2439 109
                   1204 1952 7031 7051 7056 2645 1211 2678 8326 8356 8424
                   1274
          3        657 5536 462 1209 1023 1573 1675 2212 55 319 2247 2825
                   1281 2263 2277 2283 1809 218 4841 1096 28 1329 5194
                   2022 7275 5212 642 170 8330 855 178 9106 2447
          4        362 2335 1846 2829 6345 2432 2267 1667 685 5535 7028
                   2954 5569 929 5589 2978 2028 1085 833 5028 89 6038 2236
                   1556
          5        2023 2027 2648 2265 463 2685 1111 7306 1745 1929 2297
                   821 1777 2564 1676 5814
          6        752 5277 2075 2269 2274 2232 1338 476 4849 2238 2241
                   1506 2591 5167 379 1084
          7        157 7560 1891 1729 2679 700 2696 2844 2732
          8        781 414 2336 2857 2993 2031 2272 1939
          9        1826 1077 1991 620 2195 853 703 2784 1245 2080 6332
         10        1491 2253 1327 2285 2193 2734 525 2237 5759 1344 597
         11        7256 274 1269 1882 9104 1622 2163
         12        6157 959 268 1355 230 518 815 1589 1213
         13        2868 6213 2659 4889 2735 2211 1823
         14        2934 207 6138 763 1873 2026 2215 2144
         15        5053 7307 1295 1499 783 655
         16        1456 5795 895
         18        6677 1082 1808
         19        1325 2302 2631 841
         20        753
         21        141 1987 4899
         22        2266 267 562 2306 5330 227 5562
         23        1339 2494
         24        1086 1820
         25        2343
         26        2866 1152 1947
         27        5414
         28        1662 654 172 1946
         29        2347 584 322
         30        2079
         32        416 6077
         33        2415 2410
         35        599 5700
         40        2101
         41        1584
         42        1184
         44        6079
         45        6378
         53        1842 236
         62        1205
         63        168
         65        2945
         66        8206
         68        238
         73        211
         79        2726
         80        2173
        128        2251
        153        1488



COVARIANCE COVERAGE OF DATA

Minimum covariance coverage value   0.100

     Number of missing data patterns           772


     PROPORTION OF DATA PRESENT


           Covariance Coverage
              TURNINTE      PUBLIC        SATIS01       SATIS02       SATIS03
              ________      ________      ________      ________      ________
 TURNINTE       0.994
 PUBLIC         0.984         0.989
 SATIS01        0.980         0.973         0.983
 SATIS02        0.724         0.719         0.724         0.725
 SATIS03        0.739         0.734         0.739         0.689         0.741
 SATIS04        0.766         0.760         0.761         0.652         0.662
 SATIS05        0.943         0.937         0.938         0.697         0.712
 SATIS06        0.977         0.970         0.969         0.716         0.731
 SATIS07        0.865         0.861         0.861         0.692         0.703
 SATIS08        0.976         0.969         0.969         0.719         0.734
 SATIS09        0.967         0.961         0.960         0.718         0.732
 SATIS10        0.882         0.876         0.877         0.676         0.688
 SATIS11        0.965         0.958         0.958         0.717         0.731
 SATIS12        0.934         0.928         0.932         0.708         0.722
 SATIS13        0.962         0.956         0.955         0.713         0.728
 SATIS14        0.951         0.944         0.943         0.694         0.709
 SATIS15        0.943         0.937         0.936         0.694         0.708
 SATIS16        0.142         0.140         0.141         0.127         0.127
 SATIS17        0.776         0.769         0.773         0.622         0.633
 SATIS18        0.934         0.929         0.928         0.700         0.715
 SATIS20        0.324         0.323         0.324         0.284         0.295
 FEMALE         0.986         0.980         0.975         0.720         0.735
 ENGLISH        0.989         0.982         0.978         0.722         0.737
 AGE            0.963         0.956         0.952         0.702         0.717
 PRODUCT        0.994         0.989         0.983         0.724         0.740
 GAPFREE        0.989         0.982         0.977         0.723         0.738
 GAPCE          0.989         0.982         0.977         0.723         0.738
 GAPAA          0.989         0.982         0.977         0.723         0.738
 GAPFT          0.989         0.982         0.977         0.723         0.738
 DEGPROF        0.993         0.989         0.982         0.724         0.740
 DEGMAST        0.993         0.989         0.982         0.724         0.740
 DEGBAL         0.993         0.989         0.982         0.724         0.740
 BIGHP          0.984         0.979         0.974         0.718         0.734
 BIGSA          0.984         0.979         0.974         0.718         0.734
 BIGSP          0.984         0.979         0.974         0.718         0.734
 TIMEEMP        0.934         0.928         0.925         0.682         0.698
 NCHILD         0.966         0.959         0.955         0.704         0.719
 TIMEEMP2       0.934         0.928         0.925         0.682         0.698
 AGE2           0.963         0.956         0.952         0.702         0.717


           Covariance Coverage
              SATIS04       SATIS05       SATIS06       SATIS07       SATIS08
              ________      ________      ________      ________      ________
 SATIS04        0.767
 SATIS05        0.744         0.947
 SATIS06        0.758         0.945         0.981
 SATIS07        0.715         0.836         0.860         0.869
 SATIS08        0.761         0.937         0.969         0.863         0.980
 SATIS09        0.758         0.928         0.960         0.861         0.961
 SATIS10        0.711         0.849         0.875         0.803         0.876
 SATIS11        0.756         0.926         0.956         0.859         0.958
 SATIS12        0.743         0.899         0.924         0.836         0.928
 SATIS13        0.753         0.923         0.953         0.851         0.952
 SATIS14        0.740         0.932         0.949         0.835         0.942
 SATIS15        0.737         0.923         0.942         0.832         0.936
 SATIS16        0.128         0.135         0.139         0.136         0.141
 SATIS17        0.655         0.750         0.768         0.710         0.770
 SATIS18        0.742         0.897         0.926         0.836         0.928
 SATIS20        0.283         0.313         0.322         0.309         0.324
 FEMALE         0.761         0.939         0.972         0.862         0.972
 ENGLISH        0.763         0.942         0.975         0.865         0.975
 AGE            0.744         0.919         0.951         0.843         0.949
 PRODUCT        0.767         0.947         0.980         0.868         0.979
 GAPFREE        0.764         0.941         0.974         0.864         0.973
 GAPCE          0.764         0.941         0.974         0.864         0.973
 GAPAA          0.764         0.941         0.974         0.864         0.973
 GAPFT          0.764         0.941         0.974         0.864         0.973
 DEGPROF        0.766         0.947         0.980         0.868         0.979
 DEGMAST        0.766         0.947         0.980         0.868         0.979
 DEGBAL         0.766         0.947         0.980         0.868         0.979
 BIGHP          0.762         0.939         0.972         0.861         0.970
 BIGSA          0.762         0.939         0.972         0.861         0.970
 BIGSP          0.762         0.939         0.972         0.861         0.970
 TIMEEMP        0.723         0.892         0.922         0.817         0.921
 NCHILD         0.746         0.920         0.952         0.845         0.952
 TIMEEMP2       0.723         0.892         0.922         0.817         0.921
 AGE2           0.744         0.919         0.951         0.843         0.949


           Covariance Coverage
              SATIS09       SATIS10       SATIS11       SATIS12       SATIS13
              ________      ________      ________      ________      ________
 SATIS09        0.971
 SATIS10        0.882         0.886
 SATIS11        0.955         0.876         0.969
 SATIS12        0.921         0.845         0.922         0.937
 SATIS13        0.947         0.868         0.948         0.918         0.966
 SATIS14        0.933         0.851         0.932         0.903         0.931
 SATIS15        0.926         0.846         0.923         0.895         0.922
 SATIS16        0.141         0.135         0.141         0.139         0.141
 SATIS17        0.766         0.712         0.765         0.761         0.764
 SATIS18        0.920         0.845         0.919         0.891         0.917
 SATIS20        0.321         0.306         0.323         0.321         0.322
 FEMALE         0.963         0.880         0.961         0.930         0.959
 ENGLISH        0.967         0.883         0.964         0.933         0.962
 AGE            0.940         0.860         0.938         0.908         0.937
 PRODUCT        0.971         0.886         0.968         0.937         0.966
 GAPFREE        0.965         0.880         0.963         0.932         0.959
 GAPCE          0.965         0.880         0.963         0.932         0.959
 GAPAA          0.965         0.880         0.963         0.932         0.959
 GAPFT          0.965         0.880         0.963         0.932         0.959
 DEGPROF        0.970         0.886         0.968         0.937         0.965
 DEGMAST        0.970         0.886         0.968         0.937         0.965
 DEGBAL         0.970         0.886         0.968         0.937         0.965
 BIGHP          0.963         0.879         0.960         0.929         0.957
 BIGSA          0.963         0.879         0.960         0.929         0.957
 BIGSP          0.963         0.879         0.960         0.929         0.957
 TIMEEMP        0.913         0.835         0.911         0.882         0.910
 NCHILD         0.943         0.861         0.942         0.911         0.940
 TIMEEMP2       0.913         0.835         0.911         0.882         0.910
 AGE2           0.940         0.860         0.938         0.908         0.937


           Covariance Coverage
              SATIS14       SATIS15       SATIS16       SATIS17       SATIS18
              ________      ________      ________      ________      ________
 SATIS14        0.955
 SATIS15        0.932         0.947
 SATIS16        0.137         0.136         0.142
 SATIS17        0.751         0.746         0.136         0.777
 SATIS18        0.903         0.897         0.140         0.754         0.938
 SATIS20        0.313         0.311         0.094         0.289         0.318
 FEMALE         0.947         0.939         0.140         0.771         0.930
 ENGLISH        0.949         0.942         0.141         0.774         0.934
 AGE            0.925         0.918         0.138         0.754         0.910
 PRODUCT        0.954         0.947         0.142         0.777         0.937
 GAPFREE        0.948         0.941         0.141         0.775         0.932
 GAPCE          0.948         0.941         0.141         0.775         0.932
 GAPAA          0.948         0.941         0.141         0.775         0.932
 GAPFT          0.948         0.941         0.141         0.775         0.932
 DEGPROF        0.954         0.946         0.142         0.776         0.937
 DEGMAST        0.954         0.946         0.142         0.776         0.937
 DEGBAL         0.954         0.946         0.142         0.776         0.937
 BIGHP          0.946         0.938         0.141         0.771         0.930
 BIGSA          0.946         0.938         0.141         0.771         0.930
 BIGSP          0.946         0.938         0.141         0.771         0.930
 TIMEEMP        0.899         0.891         0.131         0.731         0.882
 NCHILD         0.927         0.919         0.137         0.756         0.913
 TIMEEMP2       0.899         0.891         0.131         0.731         0.882
 AGE2           0.925         0.918         0.138         0.754         0.910


           Covariance Coverage
              SATIS20       FEMALE        ENGLISH       AGE           PRODUCT
              ________      ________      ________      ________      ________
 SATIS20        0.325
 FEMALE         0.322         0.990
 ENGLISH        0.323         0.989         0.993
 AGE            0.316         0.964         0.965         0.966
 PRODUCT        0.325         0.990         0.992         0.966         0.999
 GAPFREE        0.324         0.984         0.987         0.961         0.992
 GAPCE          0.324         0.984         0.987         0.961         0.992
 GAPAA          0.324         0.984         0.987         0.961         0.992
 GAPFT          0.324         0.984         0.987         0.961         0.992
 DEGPROF        0.325         0.990         0.992         0.965         0.998
 DEGMAST        0.325         0.990         0.992         0.965         0.998
 DEGBAL         0.325         0.990         0.992         0.965         0.998
 BIGHP          0.323         0.984         0.986         0.963         0.989
 BIGSA          0.323         0.984         0.986         0.963         0.989
 BIGSP          0.323         0.984         0.986         0.963         0.989
 TIMEEMP        0.303         0.935         0.936         0.925         0.937
 NCHILD         0.316         0.967         0.968         0.947         0.969
 TIMEEMP2       0.303         0.935         0.936         0.925         0.937
 AGE2           0.316         0.964         0.965         0.966         0.966


           Covariance Coverage
              GAPFREE       GAPCE         GAPAA         GAPFT         DEGPROF
              ________      ________      ________      ________      ________
 GAPFREE        0.993
 GAPCE          0.993         0.993
 GAPAA          0.993         0.993         0.993
 GAPFT          0.993         0.993         0.993         0.993
 DEGPROF        0.992         0.992         0.992         0.992         0.999
 DEGMAST        0.992         0.992         0.992         0.992         0.999
 DEGBAL         0.992         0.992         0.992         0.992         0.999
 BIGHP          0.983         0.983         0.983         0.983         0.989
 BIGSA          0.983         0.983         0.983         0.983         0.989
 BIGSP          0.983         0.983         0.983         0.983         0.989
 TIMEEMP        0.932         0.932         0.932         0.932         0.937
 NCHILD         0.965         0.965         0.965         0.965         0.969
 TIMEEMP2       0.932         0.932         0.932         0.932         0.937
 AGE2           0.961         0.961         0.961         0.961         0.965


           Covariance Coverage
              DEGMAST       DEGBAL        BIGHP         BIGSA         BIGSP
              ________      ________      ________      ________      ________
 DEGMAST        0.999
 DEGBAL         0.999         0.999
 BIGHP          0.989         0.989         0.989
 BIGSA          0.989         0.989         0.989         0.989
 BIGSP          0.989         0.989         0.989         0.989         0.989
 TIMEEMP        0.937         0.937         0.934         0.934         0.934
 NCHILD         0.969         0.969         0.964         0.964         0.964
 TIMEEMP2       0.937         0.937         0.934         0.934         0.934
 AGE2           0.965         0.965         0.963         0.963         0.963


           Covariance Coverage
              TIMEEMP       NCHILD        TIMEEMP2      AGE2
              ________      ________      ________      ________
 TIMEEMP        0.938
 NCHILD         0.916         0.970
 TIMEEMP2       0.938         0.916         0.938
 AGE2           0.925         0.947         0.925         0.966


UNIVARIATE PROPORTIONS AND COUNTS FOR CATEGORICAL VARIABLES

    TURNINTE
      Category 1    0.429         1533.000
      Category 2    0.571         2038.000



UNIVARIATE SAMPLE STATISTICS


     UNIVARIATE HIGHER-ORDER MOMENT DESCRIPTIVE STATISTICS

         Variable/         Mean/     Skewness/   Minimum/ % with                Percentiles
        Sample Size      Variance    Kurtosis    Maximum  Min/Max      20%/60%    40%/80%    Median

     PUBLIC                0.365       0.561       0.000   63.51%       0.000      0.000      0.000
             359.000       0.232      -1.685       1.000   36.49%       0.000      1.000
     SATIS01               2.239       0.084       1.000   25.06%       1.000      2.000      2.000
            3532.000       0.826      -0.954       4.000    7.16%       3.000      3.000
     SATIS02               2.618      -0.376       1.000   18.93%       2.000      3.000      3.000
            2604.000       0.965      -0.882       4.000   17.51%       3.000      3.000
     SATIS03               2.523      -0.267       1.000   18.98%       2.000      2.000      3.000
            2660.000       0.895      -0.885       4.000   13.31%       3.000      3.000
     SATIS04               2.345      -0.087       1.000   23.19%       1.000      2.000      2.000
            2756.000       0.862      -1.003       4.000    8.64%       3.000      3.000
     SATIS05               2.598      -0.432       1.000   13.66%       2.000      3.000      3.000
            3403.000       0.734      -0.475       4.000   11.02%       3.000      3.000
     SATIS06               2.742      -0.370       1.000    7.44%       2.000      3.000      3.000
            3523.000       0.642      -0.223       4.000   15.07%       3.000      3.000
     SATIS07               2.670      -0.352       1.000   16.82%       2.000      3.000      3.000
            3121.000       0.975      -0.889       4.000   20.89%       3.000      4.000
     SATIS08               3.228      -0.886       1.000    3.44%       3.000      3.000      3.000
            3519.000       0.567       0.722       4.000   38.96%       3.000      4.000
     SATIS09               3.060      -0.692       1.000    5.36%       2.000      3.000      3.000
            3489.000       0.673       0.080       4.000   31.47%       3.000      4.000
     SATIS10               2.848      -0.504       1.000    8.17%       2.000      3.000      3.000
            3183.000       0.722      -0.245       4.000   21.49%       3.000      4.000
     SATIS11               3.179      -0.678       1.000    2.53%       3.000      3.000      3.000
            3480.000       0.537       0.330       4.000   34.86%       3.000      4.000
     SATIS12               2.330       0.032       1.000   26.14%       1.000      2.000      2.000
            3367.000       0.979      -1.114       4.000   11.76%       3.000      3.000
     SATIS13               2.920      -0.589       1.000   11.47%       2.000      3.000      3.000
            3469.000       0.945      -0.627       4.000   32.08%       3.000      4.000
     SATIS14               3.056      -0.644       1.000    4.00%       3.000      3.000      3.000
            3429.000       0.574       0.362       4.000   27.68%       3.000      4.000
     SATIS15               3.281      -1.017       1.000    3.94%       3.000      3.000      3.000
            3402.000       0.629       0.659       4.000   45.47%       4.000      4.000
     SATIS16               1.825       0.842       1.000   55.99%       1.000      1.000      1.000
             509.000       1.103      -0.745       4.000    9.43%       2.000      3.000
     SATIS17               1.965       0.444       1.000   39.47%       1.000      2.000      2.000
            2792.000       0.851      -0.952       4.000    4.91%       2.000      3.000
     SATIS18               2.849      -0.512       1.000   11.34%       2.000      3.000      3.000
            3369.000       0.886      -0.592       4.000   26.57%       3.000      4.000
     SATIS20               2.710      -0.372       1.000   25.54%       1.000      3.000      3.000
            1167.000       1.375      -1.348       4.000   32.90%       3.000      4.000
     FEMALE                0.546      -0.184       0.000   45.43%       0.000      0.000      1.000
            3557.000       0.248      -1.966       1.000   54.57%       1.000      1.000
     ENGLISH               0.903      -2.718       0.000    9.73%       1.000      1.000      1.000
            3567.000       0.088       5.387       1.000   90.27%       1.000      1.000
     AGE                   0.000      -0.084     -26.949    0.06%     -11.949     -2.949      1.051
            3470.000     146.614      -0.793      40.051    0.06%       5.051     11.051
     PRODUCT              44.360       1.019      38.110   44.00%      38.110     38.110     43.390
            3589.000      48.798       0.631      79.970    0.03%      46.180     50.420
     GAPFREE               0.078       3.156       0.000   92.23%       0.000      0.000      0.000
            3566.000       0.072       7.958       1.000    7.77%       0.000      0.000
     GAPCE                 0.033       5.245       0.000   96.72%       0.000      0.000      0.000
            3566.000       0.032      25.513       1.000    3.28%       0.000      0.000
     GAPAA                 0.285       0.950       0.000   71.45%       0.000      0.000      0.000
            3566.000       0.204      -1.098       1.000   28.55%       0.000      1.000
     GAPFT                 0.512      -0.047       0.000   48.82%       0.000      0.000      1.000
            3566.000       0.250      -1.998       1.000   51.18%       1.000      1.000
     DEGPROF               0.100       2.666       0.000   90.00%       0.000      0.000      0.000
            3589.000       0.090       5.108       1.000   10.00%       0.000      0.000
     DEGMAST               0.519      -0.076       0.000   48.09%       0.000      0.000      1.000
            3589.000       0.250      -1.994       1.000   51.91%       1.000      1.000
     DEGBAL                0.079       3.111       0.000   92.06%       0.000      0.000      0.000
            3589.000       0.073       7.679       1.000    7.94%       0.000      0.000
     BIGHP                 0.033       5.235       0.000   96.71%       0.000      0.000      0.000
            3553.000       0.032      25.402       1.000    3.29%       0.000      0.000
     BIGSA                 0.186       1.611       0.000   81.37%       0.000      0.000      0.000
            3553.000       0.152       0.596       1.000   18.63%       0.000      0.000
     BIGSP                 0.364       0.566       0.000   63.61%       0.000      0.000      0.000
            3553.000       0.231      -1.680       1.000   36.39%       0.000      1.000
     TIMEEMP               0.000       1.813      -8.675    2.05%      -6.675     -4.675     -2.675
            3368.000      74.160       4.938      82.325    0.03%      -0.675      5.325
     NCHILD                1.577       0.523       0.000   31.47%       0.000      1.000      2.000
            3483.000       1.878      -0.091       8.000    0.11%       2.000      3.000
     TIMEEMP2             74.160      14.747       0.106    4.31%       5.405     21.857     32.208
            3368.000   38158.965     424.913    6777.376    0.03%      44.558     58.908
     AGE2                146.614       1.929       0.003    2.54%      15.592     63.182     98.977
            3470.000   25945.040       6.741    1604.106    0.06%     122.131    257.644


THE MODEL ESTIMATION TERMINATED NORMALLY

     USE THE FBITERATIONS OPTION TO INCREASE THE NUMBER OF ITERATIONS BY A FACTOR
     OF AT LEAST TWO TO CHECK CONVERGENCE AND THAT THE PSR VALUE DOES NOT INCREASE.



MODEL FIT INFORMATION

Number of Free Parameters                             256

Bayesian Posterior Predictive Checking using Chi-Square

          95% Confidence Interval for the Difference Between
          the Observed and the Replicated Chi-Square Values

                              14433.121         15009.691

          Posterior Predictive P-Value              0.000



MODEL RESULTS

                                Posterior  One-Tailed         95% C.I.
                    Estimate       S.D.      P-Value   Lower 2.5%  Upper 2.5%  Significance

Within Level

 WORK     BY
    SATIS05            1.000       0.000      0.000       1.000       1.000
    SATIS06            0.722       0.035      0.000       0.652       0.788      *
    SATIS07            0.824       0.044      0.000       0.742       0.911      *
    SATIS08            0.948       0.036      0.000       0.880       1.016      *
    SATIS13            1.192       0.048      0.000       1.099       1.286      *
    SATIS14            1.115       0.038      0.000       1.042       1.192      *
    SATIS15            0.942       0.037      0.000       0.872       1.018      *
    SATIS18            0.898       0.043      0.000       0.816       0.986      *

 RELATION BY
    SATIS09            1.000       0.000      0.000       1.000       1.000
    SATIS10            0.815       0.020      0.000       0.778       0.861      *
    SATIS11            0.483       0.017      0.000       0.447       0.517      *

 TERMS    BY
    SATIS01            1.000       0.000      0.000       1.000       1.000
    SATIS04            1.213       0.049      0.000       1.119       1.312      *
    SATIS12            1.360       0.055      0.000       1.258       1.469      *
    SATIS16            0.989       0.092      0.000       0.814       1.157      *
    SATIS17            1.510       0.059      0.000       1.394       1.626      *

 BENEFITS BY
    SATIS02            1.000       0.000      0.000       1.000       1.000
    SATIS03            0.928       0.031      0.000       0.860       0.981      *
    SATIS20            0.618       0.047      0.000       0.536       0.717      *

 WORK       ON
    GAPFREE           -0.012       0.045      0.387      -0.105       0.074
    GAPCE              0.106       0.062      0.041      -0.012       0.229
    GAPAA             -0.147       0.036      0.000      -0.220      -0.080      *
    GAPFT             -0.095       0.040      0.009      -0.174      -0.017      *
    AGE                0.001       0.001      0.072       0.000       0.003
    AGE2               0.000       0.000      0.000       0.000       0.000      *
    FEMALE             0.014       0.019      0.252      -0.027       0.051
    NCHILD             0.034       0.007      0.000       0.020       0.048      *
    ENGLISH            0.090       0.032      0.001       0.025       0.154      *
    DEGPROF           -0.064       0.035      0.041      -0.135       0.009
    DEGMAST           -0.014       0.025      0.270      -0.063       0.033
    DEGBAL             0.035       0.039      0.176      -0.040       0.112
    PRODUCT           -0.004       0.002      0.001      -0.007      -0.001      *
    TIMEEMP           -0.006       0.002      0.000      -0.010      -0.003      *
    TIMEEMP2           0.000       0.000      0.014       0.000       0.000      *
    BIGHP             -0.114       0.054      0.016      -0.217      -0.007      *
    BIGSA              0.076       0.027      0.001       0.023       0.128      *
    BIGSP             -0.058       0.022      0.002      -0.099      -0.014      *

 RELATIONS  ON
    GAPFREE           -0.042       0.068      0.254      -0.174       0.095
    GAPCE              0.136       0.092      0.072      -0.048       0.308
    GAPAA             -0.116       0.053      0.019      -0.214      -0.004      *
    GAPFT             -0.071       0.059      0.127      -0.190       0.044
    AGE                0.003       0.002      0.020       0.000       0.006      *
    AGE2               0.000       0.000      0.000       0.000       0.001      *
    FEMALE             0.044       0.029      0.071      -0.011       0.099
    NCHILD             0.037       0.011      0.001       0.015       0.059      *
    ENGLISH            0.013       0.049      0.378      -0.077       0.113
    DEGPROF            0.025       0.055      0.300      -0.080       0.137
    DEGMAST           -0.021       0.038      0.316      -0.093       0.054
    DEGBAL             0.101       0.064      0.058      -0.023       0.230
    PRODUCT           -0.005       0.002      0.015      -0.009       0.000      *
    TIMEEMP           -0.009       0.003      0.001      -0.014      -0.003      *
    TIMEEMP2           0.000       0.000      0.031       0.000       0.000
    BIGHP             -0.006       0.082      0.472      -0.167       0.157
    BIGSA              0.015       0.041      0.332      -0.065       0.097
    BIGSP             -0.069       0.032      0.016      -0.128      -0.008      *

 TERMS      ON
    GAPFREE           -0.014       0.045      0.375      -0.104       0.081
    GAPCE              0.180       0.063      0.003       0.052       0.294      *
    GAPAA             -0.383       0.038      0.000      -0.464      -0.317      *
    GAPFT             -0.087       0.039      0.009      -0.169      -0.013      *
    AGE                0.002       0.001      0.011       0.000       0.004      *
    AGE2               0.000       0.000      0.000       0.000       0.000      *
    FEMALE            -0.061       0.018      0.000      -0.098      -0.025      *
    NCHILD             0.028       0.007      0.000       0.014       0.044      *
    ENGLISH           -0.024       0.031      0.223      -0.085       0.033
    DEGPROF           -0.002       0.036      0.480      -0.076       0.068
    DEGMAST            0.035       0.023      0.067      -0.012       0.079
    DEGBAL             0.082       0.038      0.017       0.005       0.152      *
    PRODUCT           -0.002       0.001      0.127      -0.005       0.001
    TIMEEMP           -0.004       0.002      0.009      -0.008      -0.001      *
    TIMEEMP2           0.000       0.000      0.000       0.000       0.000      *
    BIGHP             -0.080       0.053      0.076      -0.180       0.027
    BIGSA              0.050       0.026      0.034      -0.003       0.101
    BIGSP             -0.163       0.021      0.000      -0.204      -0.123      *

 BENEFITS   ON
    GAPFREE            0.063       0.103      0.285      -0.169       0.239
    GAPCE              0.467       0.134      0.000       0.184       0.714      *
    GAPAA             -0.383       0.081      0.000      -0.542      -0.224      *
    GAPFT              0.541       0.083      0.000       0.381       0.698      *
    AGE               -0.003       0.002      0.053      -0.006       0.001
    AGE2               0.000       0.000      0.102       0.000       0.000
    FEMALE             0.076       0.032      0.007       0.015       0.138      *
    NCHILD             0.029       0.013      0.009       0.003       0.055      *
    ENGLISH            0.118       0.054      0.014       0.009       0.227      *
    DEGPROF           -0.051       0.068      0.221      -0.190       0.084
    DEGMAST           -0.087       0.041      0.010      -0.168      -0.009      *
    DEGBAL            -0.023       0.068      0.375      -0.153       0.120
    PRODUCT           -0.003       0.003      0.132      -0.008       0.002
    TIMEEMP           -0.003       0.003      0.224      -0.009       0.004
    TIMEEMP2           0.001       0.000      0.000       0.000       0.001      *
    BIGHP             -0.035       0.089      0.345      -0.207       0.135
    BIGSA              0.088       0.048      0.031      -0.003       0.185
    BIGSP             -0.117       0.038      0.000      -0.195      -0.046      *

 TURNINTE   ON
    WORK              -0.355       0.087      0.000      -0.529      -0.201      *
    RELATIONS         -0.170       0.041      0.000      -0.251      -0.091      *
    TERMS             -0.946       0.091      0.000      -1.149      -0.795      *
    BENEFITS           0.017       0.044      0.350      -0.069       0.102

 TURNINTE   ON
    GAPFREE           -0.037       0.118      0.374      -0.261       0.188
    GAPCE              0.702       0.167      0.000       0.382       1.018      *
    GAPAA             -0.037       0.093      0.329      -0.225       0.136
    GAPFT              0.145       0.096      0.076      -0.039       0.325
    AGE               -0.009       0.003      0.002      -0.014      -0.004      *
    AGE2               0.000       0.000      0.011      -0.001       0.000      *
    FEMALE             0.004       0.050      0.453      -0.091       0.100
    NCHILD            -0.055       0.020      0.001      -0.091      -0.017      *
    ENGLISH            0.545       0.085      0.000       0.362       0.702      *
    DEGPROF           -0.043       0.093      0.321      -0.232       0.134
    DEGMAST           -0.118       0.068      0.041      -0.252       0.012
    DEGBAL            -0.125       0.096      0.111      -0.309       0.055
    PRODUCT            0.016       0.004      0.000       0.007       0.023      *
    TIMEEMP            0.005       0.005      0.136      -0.004       0.015
    TIMEEMP2           0.000       0.000      0.438       0.000       0.000
    BIGHP             -0.284       0.141      0.024      -0.553      -0.004      *
    BIGSA              0.190       0.064      0.000       0.072       0.315      *
    BIGSP              0.037       0.057      0.284      -0.075       0.149

 Variances
    FEMALE             0.246       0.006      0.000       0.235       0.258      *
    ENGLISH            0.083       0.002      0.000       0.080       0.088      *
    AGE              139.345       3.536      0.000     132.536     146.910      *
    PRODUCT           44.171       1.087      0.000      42.195      46.369      *
    GAPFREE            0.069       0.002      0.000       0.066       0.072      *
    GAPCE              0.031       0.001      0.000       0.030       0.032      *
    GAPAA              0.173       0.004      0.000       0.165       0.182      *
    GAPFT              0.149       0.004      0.000       0.141       0.156      *
    DEGPROF            0.087       0.002      0.000       0.084       0.091      *
    DEGMAST            0.233       0.006      0.000       0.221       0.244      *
    DEGBAL             0.070       0.002      0.000       0.067       0.074      *
    BIGHP              0.031       0.001      0.000       0.029       0.032      *
    BIGSA              0.147       0.004      0.000       0.139       0.154      *
    BIGSP              0.222       0.005      0.000       0.212       0.233      *
    TIMEEMP           68.106       1.716      0.000      64.715      71.435      *
    NCHILD             1.767       0.044      0.000       1.681       1.851      *
    TIMEEMP2       37874.551     995.180      0.000   36120.227   39966.250      *
    AGE2           25949.020     647.645      0.000   24621.504   27170.934      *

 Residual Variances
    SATIS01            0.536       0.016      0.000       0.505       0.569      *
    SATIS02            0.223       0.019      0.000       0.172       0.253      *
    SATIS03            0.250       0.017      0.000       0.223       0.291      *
    SATIS04            0.493       0.016      0.000       0.463       0.525      *
    SATIS05            0.489       0.013      0.000       0.462       0.516      *
    SATIS06            0.461       0.012      0.000       0.438       0.486      *
    SATIS07            0.718       0.020      0.000       0.681       0.762      *
    SATIS08            0.343       0.010      0.000       0.325       0.363      *
    SATIS09            0.073       0.010      0.000       0.056       0.097      *
    SATIS10            0.323       0.011      0.000       0.302       0.345      *
    SATIS11            0.387       0.010      0.000       0.369       0.408      *
    SATIS12            0.497       0.016      0.000       0.466       0.532      *
    SATIS13            0.598       0.018      0.000       0.564       0.632      *
    SATIS14            0.275       0.009      0.000       0.258       0.292      *
    SATIS15            0.380       0.012      0.000       0.358       0.403      *
    SATIS16            0.741       0.061      0.000       0.642       0.872      *
    SATIS17            0.302       0.015      0.000       0.274       0.333      *
    SATIS18            0.658       0.017      0.000       0.623       0.691      *
    SATIS20            0.856       0.043      0.000       0.779       0.942      *
    WORK               0.216       0.013      0.000       0.194       0.244      *
    RELATIONS          0.579       0.018      0.000       0.540       0.613      *
    TERMS              0.184       0.013      0.000       0.160       0.211      *
    BENEFITS           0.497       0.025      0.000       0.454       0.553      *

Between Level

 WORK2    BY
    SATIS05            1.000       0.000      0.000       1.000       1.000
    SATIS06            3.291       0.835      0.000       2.100       5.094      *
    SATIS07            3.560       1.055      0.000       2.144       5.947      *
    SATIS08            2.145       0.496      0.000       1.305       3.257      *
    SATIS13            0.416       0.394      0.142      -0.227       1.300
    SATIS14            1.381       0.389      0.000       0.902       2.355      *
    SATIS15            2.263       0.732      0.000       1.195       3.879      *
    SATIS18            1.016       0.587      0.068      -0.355       2.152

 REL2     BY
    SATIS09            1.000       0.000      0.000       1.000       1.000
    SATIS10            0.527       0.268      0.016       0.102       1.327      *
    SATIS11            1.322       0.565      0.000       0.486       3.090      *

 TERMS2   BY
    SATIS01            1.000       0.000      0.000       1.000       1.000
    SATIS04            0.446       0.157      0.008       0.144       0.789      *
    SATIS12            1.167       0.206      0.000       0.801       1.553      *
    SATIS16            0.086       0.457      0.431      -0.809       0.939
    SATIS17            0.877       0.140      0.000       0.600       1.161      *

 BEN2     BY
    SATIS02            1.000       0.000      0.000       1.000       1.000
    SATIS03            1.119       0.119      0.000       0.858       1.316      *
    SATIS20            0.848       0.251      0.001       0.373       1.328      *

 WORK2      ON
    PUBLIC            -0.055       0.019      0.000      -0.092      -0.025      *

 REL2       ON
    PUBLIC            -0.061       0.025      0.015      -0.102      -0.003      *

 TERMS2     ON
    PUBLIC            -0.187       0.040      0.000      -0.269      -0.110      *

 BEN2       ON
    PUBLIC            -0.071       0.052      0.075      -0.180       0.023

 TURNINTE   ON
    WORK2              2.393       0.917      0.000       1.012       4.588      *
    REL2              -0.238       1.470      0.387      -3.392       2.993
    TERMS2            -0.801       0.328      0.021      -1.310      -0.014      *
    BEN2               0.271       0.148      0.032      -0.019       0.557

 TURNINTE   ON
    PUBLIC             0.127       0.110      0.111      -0.161       0.325

 Means
    PUBLIC             0.365       0.025      0.000       0.314       0.415      *
    FEMALE             0.548       0.011      0.000       0.528       0.567      *
    ENGLISH            0.909       0.007      0.000       0.896       0.924      *
    AGE                0.256       0.328      0.224      -0.417       0.898
    PRODUCT           44.583       0.200      0.000      44.192      44.959      *
    GAPFREE            0.072       0.006      0.000       0.060       0.085      *
    GAPCE              0.034       0.004      0.000       0.027       0.042      *
    GAPAA              0.234       0.014      0.000       0.207       0.263      *
    GAPFT              0.606       0.019      0.000       0.569       0.644      *
    DEGPROF            0.093       0.006      0.000       0.080       0.106      *
    DEGMAST            0.507       0.014      0.000       0.480       0.535      *
    DEGBAL             0.080       0.006      0.000       0.068       0.092      *
    BIGHP              0.039       0.004      0.000       0.031       0.047      *
    BIGSA              0.186       0.008      0.000       0.172       0.202      *
    BIGSP              0.367       0.011      0.000       0.345       0.390      *
    TIMEEMP            0.839       0.268      0.002       0.291       1.337      *
    NCHILD             1.565       0.031      0.000       1.510       1.630      *
    TIMEEMP2          73.055       3.617      0.000      65.523      80.176      *
    AGE2             145.880       2.576      0.000     140.534     150.342      *

 Intercepts
    SATIS01            2.327       0.029      0.000       2.265       2.383      *
    SATIS02            2.610       0.030      0.000       2.554       2.673      *
    SATIS03            2.539       0.031      0.000       2.476       2.607      *
    SATIS04            2.416       0.026      0.000       2.369       2.467      *
    SATIS05            2.642       0.021      0.000       2.598       2.680      *
    SATIS06            2.818       0.031      0.000       2.753       2.869      *
    SATIS07            2.819       0.032      0.000       2.756       2.879      *
    SATIS08            3.303       0.020      0.000       3.265       3.340      *
    SATIS09            3.080       0.023      0.000       3.041       3.119      *
    SATIS10            2.846       0.020      0.000       2.809       2.886      *
    SATIS11            3.211       0.029      0.000       3.166       3.263      *
    SATIS12            2.445       0.029      0.000       2.376       2.493      *
    SATIS13            2.936       0.019      0.000       2.899       2.975      *
    SATIS14            3.113       0.015      0.000       3.082       3.135      *
    SATIS15            3.381       0.024      0.000       3.332       3.435      *
    SATIS16            1.882       0.063      0.000       1.756       2.012      *
    SATIS17            2.124       0.023      0.000       2.072       2.164      *
    SATIS18            2.883       0.031      0.000       2.819       2.942      *
    SATIS20            2.773       0.052      0.000       2.678       2.882      *

 Thresholds
    TURNINTE$1        -0.212       0.048      0.000      -0.306      -0.126      *

 Variances
    PUBLIC             0.235       0.018      0.000       0.204       0.275      *
    FEMALE             0.002       0.001      0.000       0.001       0.005      *
    ENGLISH            0.005       0.001      0.000       0.003       0.007      *
    AGE                8.096       2.021      0.000       4.996      13.060      *
    PRODUCT            5.095       0.980      0.000       3.462       7.341      *
    GAPFREE            0.003       0.001      0.000       0.002       0.004      *
    GAPCE              0.001       0.000      0.000       0.001       0.002      *
    GAPAA              0.027       0.004      0.000       0.021       0.035      *
    GAPFT              0.091       0.010      0.000       0.073       0.112      *
    DEGPROF            0.003       0.001      0.000       0.002       0.005      *
    DEGMAST            0.019       0.004      0.000       0.012       0.027      *
    DEGBAL             0.003       0.001      0.000       0.002       0.005      *
    BIGHP              0.001       0.000      0.000       0.001       0.003      *
    BIGSA              0.006       0.002      0.000       0.002       0.011      *
    BIGSP              0.010       0.003      0.000       0.006       0.016      *
    TIMEEMP            8.891       1.865      0.000       6.031      13.279      *
    NCHILD             0.110       0.022      0.000       0.072       0.159      *
    TIMEEMP2         407.111     213.176      0.000      50.731     850.832      *
    AGE2             108.649      86.393      0.000      18.069     323.583      *

 Residual Variances
    TURNINTE           0.032       0.017      0.000       0.010       0.083      *
    SATIS01            0.038       0.010      0.000       0.019       0.059      *
    SATIS02            0.033       0.010      0.000       0.013       0.052      *
    SATIS03            0.014       0.008      0.000       0.002       0.032      *
    SATIS04            0.016       0.006      0.000       0.008       0.029      *
    SATIS05            0.010       0.005      0.000       0.003       0.022      *
    SATIS06            0.042       0.010      0.000       0.024       0.061      *
    SATIS07            0.056       0.012      0.000       0.034       0.082      *
    SATIS08            0.004       0.002      0.000       0.001       0.008      *
    SATIS09            0.001       0.002      0.000       0.000       0.007      *
    SATIS10            0.002       0.001      0.000       0.000       0.004      *
    SATIS11            0.006       0.003      0.000       0.001       0.014      *
    SATIS12            0.017       0.008      0.000       0.006       0.037      *
    SATIS13            0.013       0.006      0.000       0.007       0.030      *
    SATIS14            0.003       0.002      0.000       0.000       0.008      *
    SATIS15            0.012       0.005      0.000       0.005       0.022      *
    SATIS16            0.163       0.051      0.000       0.070       0.263      *
    SATIS17            0.010       0.006      0.000       0.005       0.026      *
    SATIS18            0.042       0.010      0.000       0.023       0.062      *
    SATIS20            0.253       0.049      0.000       0.165       0.364      *
    WORK2              0.003       0.002      0.000       0.001       0.008      *
    REL2               0.004       0.003      0.000       0.000       0.009      *
    TERMS2             0.021       0.010      0.000       0.011       0.049      *
    BEN2               0.086       0.020      0.000       0.054       0.127      *


     Beginning Time:  09:37:10
        Ending Time:  09:38:00
       Elapsed Time:  00:00:50



MUTHEN & MUTHEN
3463 Stoner Ave.
Los Angeles, CA  90066

Tel: (310) 391-9971
Fax: (310) 391-8971
Web: www.StatModel.com
Support: Support@StatModel.com

Copyright (c) 1998-2017 Muthen & Muthen
